[1.176s] Invoking command in '/home/araballi/edhitha_ws/src/amrutha': PYTHONPATH=/home/araballi/edhitha_ws/build/amrutha/prefix_override:/usr/lib/python3/dist-packages/colcon_core/task/python/colcon_distutils_commands:/home/araballi/edhitha_ws/install/amrutha/lib/python3.10/site-packages:${PYTHONPATH} /usr/bin/python3 -W ignore:setup.py install is deprecated -W ignore:easy_install command is deprecated setup.py egg_info --egg-base ../../build/amrutha build --build-base /home/araballi/edhitha_ws/build/amrutha/build install --record /home/araballi/edhitha_ws/build/amrutha/install.log --single-version-externally-managed install_data
[1.641s] running egg_info
[1.673s] writing ../../build/amrutha/amrutha.egg-info/PKG-INFO
[1.674s] writing dependency_links to ../../build/amrutha/amrutha.egg-info/dependency_links.txt
[1.674s] writing entry points to ../../build/amrutha/amrutha.egg-info/entry_points.txt
[1.675s] writing requirements to ../../build/amrutha/amrutha.egg-info/requires.txt
[1.675s] writing top-level names to ../../build/amrutha/amrutha.egg-info/top_level.txt
[1.716s] reading manifest file '../../build/amrutha/amrutha.egg-info/SOURCES.txt'
[1.717s] writing manifest file '../../build/amrutha/amrutha.egg-info/SOURCES.txt'
[1.717s] running build
[1.717s] running build_py
[1.718s] running install
[1.723s] running install_lib
[1.740s] running install_data
[1.740s] running install_egg_info
[1.758s] removing '/home/araballi/edhitha_ws/install/amrutha/lib/python3.10/site-packages/amrutha-0.0.0-py3.10.egg-info' (and everything under it)
[1.758s] Copying ../../build/amrutha/amrutha.egg-info to /home/araballi/edhitha_ws/install/amrutha/lib/python3.10/site-packages/amrutha-0.0.0-py3.10.egg-info
[1.760s] running install_scripts
[1.855s] Installing sub_node script to /home/araballi/edhitha_ws/install/amrutha/lib/amrutha
[1.856s] writing list of installed files to '/home/araballi/edhitha_ws/build/amrutha/install.log'
[1.919s] Invoked command in '/home/araballi/edhitha_ws/src/amrutha' returned '0': PYTHONPATH=/home/araballi/edhitha_ws/build/amrutha/prefix_override:/usr/lib/python3/dist-packages/colcon_core/task/python/colcon_distutils_commands:/home/araballi/edhitha_ws/install/amrutha/lib/python3.10/site-packages:${PYTHONPATH} /usr/bin/python3 -W ignore:setup.py install is deprecated -W ignore:easy_install command is deprecated setup.py egg_info --egg-base ../../build/amrutha build --build-base /home/araballi/edhitha_ws/build/amrutha/build install --record /home/araballi/edhitha_ws/build/amrutha/install.log --single-version-externally-managed install_data
