[0.128s] Invoking command in '/home/araballi/edhitha_ws/build/mavros_extras': CMAKE_PREFIX_PATH=/home/araballi/edhitha_ws/install/mavros:/home/araballi/edhitha_ws/install/mavros_msgs:/home/araballi/edhitha_ws/install/libmavconn:/home/araballi/edhitha_ws/install/mavros_extras:/home/araballi/edhitha_ws/install/amrutha:/opt/ros/humble LD_LIBRARY_PATH=/home/araballi/edhitha_ws/install/mavros/lib:/home/araballi/edhitha_ws/install/mavros_msgs/lib:/home/araballi/edhitha_ws/install/libmavconn/lib:/home/araballi/edhitha_ws/install/mavros_extras/lib:/usr/lib/x86_64-linux-gnu/gazebo-11/plugins:/opt/ros/humble/opt/rviz_ogre_vendor/lib:/opt/ros/humble/lib/x86_64-linux-gnu:/opt/ros/humble/lib /usr/bin/cmake --build /home/araballi/edhitha_ws/build/mavros_extras -- -j16 -l16
[0.206s] [  9%] Built target servo_state_publisher
[0.206s] [  9%] Built target mavros_extras
[0.280s] [35m[1mConsolidate compiler generated dependencies of target mavros_extras_plugins[0m
[0.485s] [100%] Built target mavros_extras_plugins
[0.502s] Invoked command in '/home/araballi/edhitha_ws/build/mavros_extras' returned '0': CMAKE_PREFIX_PATH=/home/araballi/edhitha_ws/install/mavros:/home/araballi/edhitha_ws/install/mavros_msgs:/home/araballi/edhitha_ws/install/libmavconn:/home/araballi/edhitha_ws/install/mavros_extras:/home/araballi/edhitha_ws/install/amrutha:/opt/ros/humble LD_LIBRARY_PATH=/home/araballi/edhitha_ws/install/mavros/lib:/home/araballi/edhitha_ws/install/mavros_msgs/lib:/home/araballi/edhitha_ws/install/libmavconn/lib:/home/araballi/edhitha_ws/install/mavros_extras/lib:/usr/lib/x86_64-linux-gnu/gazebo-11/plugins:/opt/ros/humble/opt/rviz_ogre_vendor/lib:/opt/ros/humble/lib/x86_64-linux-gnu:/opt/ros/humble/lib /usr/bin/cmake --build /home/araballi/edhitha_ws/build/mavros_extras -- -j16 -l16
[0.503s] Invoking command in '/home/araballi/edhitha_ws/build/mavros_extras': CMAKE_PREFIX_PATH=/home/araballi/edhitha_ws/install/mavros:/home/araballi/edhitha_ws/install/mavros_msgs:/home/araballi/edhitha_ws/install/libmavconn:/home/araballi/edhitha_ws/install/mavros_extras:/home/araballi/edhitha_ws/install/amrutha:/opt/ros/humble LD_LIBRARY_PATH=/home/araballi/edhitha_ws/install/mavros/lib:/home/araballi/edhitha_ws/install/mavros_msgs/lib:/home/araballi/edhitha_ws/install/libmavconn/lib:/home/araballi/edhitha_ws/install/mavros_extras/lib:/usr/lib/x86_64-linux-gnu/gazebo-11/plugins:/opt/ros/humble/opt/rviz_ogre_vendor/lib:/opt/ros/humble/lib/x86_64-linux-gnu:/opt/ros/humble/lib /usr/bin/cmake --install /home/araballi/edhitha_ws/build/mavros_extras
[0.514s] -- Install configuration: ""
[0.514s] -- Execute custom install script
[0.514s] -- Up-to-date symlink: /home/araballi/edhitha_ws/install/mavros_extras/share/mavros_extras//mavros_plugins.xml
[0.515s] -- Up-to-date symlink: /home/araballi/edhitha_ws/install/mavros_extras/lib/mavros_extras/servo_state_publisher
[0.515s] -- Up-to-date symlink: /home/araballi/edhitha_ws/install/mavros_extras/include/mavros_extras/servo_state_publisher.hpp
[0.516s] -- Up-to-date symlink: /home/araballi/edhitha_ws/install/mavros_extras/share/mavros_extras/launch/px4flow.launch
[0.516s] -- Up-to-date symlink: /home/araballi/edhitha_ws/install/mavros_extras/share/mavros_extras/launch/px4flow_config.yaml
[0.516s] -- Up-to-date symlink: /home/araballi/edhitha_ws/install/mavros_extras/share/mavros_extras/launch/px4flow_pluginlists.yaml
[0.516s] -- Up-to-date symlink: /home/araballi/edhitha_ws/install/mavros_extras/share/mavros_extras/launch/servo_state_publisher.yaml
[0.516s] -- Up-to-date symlink: /home/araballi/edhitha_ws/install/mavros_extras/share/mavros_extras/environment/library_path.sh
[0.517s] -- Up-to-date symlink: /home/araballi/edhitha_ws/install/mavros_extras/share/mavros_extras/environment/library_path.dsv
[0.517s] -- Up-to-date symlink: /home/araballi/edhitha_ws/install/mavros_extras/share/ament_index/resource_index/package_run_dependencies/mavros_extras
[0.517s] -- Up-to-date symlink: /home/araballi/edhitha_ws/install/mavros_extras/share/ament_index/resource_index/parent_prefix_path/mavros_extras
[0.517s] -- Up-to-date symlink: /home/araballi/edhitha_ws/install/mavros_extras/share/mavros_extras/environment/ament_prefix_path.sh
[0.517s] -- Up-to-date symlink: /home/araballi/edhitha_ws/install/mavros_extras/share/mavros_extras/environment/ament_prefix_path.dsv
[0.518s] -- Up-to-date symlink: /home/araballi/edhitha_ws/install/mavros_extras/share/mavros_extras/environment/path.sh
[0.518s] -- Up-to-date symlink: /home/araballi/edhitha_ws/install/mavros_extras/share/mavros_extras/environment/path.dsv
[0.518s] -- Up-to-date symlink: /home/araballi/edhitha_ws/install/mavros_extras/share/mavros_extras/local_setup.bash
[0.518s] -- Up-to-date symlink: /home/araballi/edhitha_ws/install/mavros_extras/share/mavros_extras/local_setup.sh
[0.518s] -- Up-to-date symlink: /home/araballi/edhitha_ws/install/mavros_extras/share/mavros_extras/local_setup.zsh
[0.519s] -- Up-to-date symlink: /home/araballi/edhitha_ws/install/mavros_extras/share/mavros_extras/local_setup.dsv
[0.519s] -- Symlinking: /home/araballi/edhitha_ws/install/mavros_extras/share/mavros_extras/package.dsv
[0.532s] -- Up-to-date symlink: /home/araballi/edhitha_ws/install/mavros_extras/share/ament_index/resource_index/packages/mavros_extras
[0.532s] -- Up-to-date symlink: /home/araballi/edhitha_ws/install/mavros_extras/share/ament_index/resource_index/mavros__pluginlib__plugin/mavros_extras
[0.532s] -- Up-to-date symlink: /home/araballi/edhitha_ws/install/mavros_extras/share/ament_index/resource_index/rclcpp_components/mavros_extras
[0.532s] -- Up-to-date symlink: /home/araballi/edhitha_ws/install/mavros_extras/share/mavros_extras/cmake/ament_cmake_export_include_directories-extras.cmake
[0.532s] -- Up-to-date symlink: /home/araballi/edhitha_ws/install/mavros_extras/share/mavros_extras/cmake/ament_cmake_export_libraries-extras.cmake
[0.532s] -- Up-to-date symlink: /home/araballi/edhitha_ws/install/mavros_extras/share/mavros_extras/cmake/ament_cmake_export_dependencies-extras.cmake
[0.533s] -- Up-to-date symlink: /home/araballi/edhitha_ws/install/mavros_extras/share/mavros_extras/cmake/mavros_extrasConfig.cmake
[0.533s] -- Up-to-date symlink: /home/araballi/edhitha_ws/install/mavros_extras/share/mavros_extras/cmake/mavros_extrasConfig-version.cmake
[0.533s] -- Up-to-date symlink: /home/araballi/edhitha_ws/install/mavros_extras/share/mavros_extras/package.xml
[0.533s] -- Up-to-date: /home/araballi/edhitha_ws/install/mavros_extras/lib/libmavros_extras.so
[0.534s] -- Up-to-date: /home/araballi/edhitha_ws/install/mavros_extras/lib/libmavros_extras_plugins.so
[0.537s] Invoked command in '/home/araballi/edhitha_ws/build/mavros_extras' returned '0': CMAKE_PREFIX_PATH=/home/araballi/edhitha_ws/install/mavros:/home/araballi/edhitha_ws/install/mavros_msgs:/home/araballi/edhitha_ws/install/libmavconn:/home/araballi/edhitha_ws/install/mavros_extras:/home/araballi/edhitha_ws/install/amrutha:/opt/ros/humble LD_LIBRARY_PATH=/home/araballi/edhitha_ws/install/mavros/lib:/home/araballi/edhitha_ws/install/mavros_msgs/lib:/home/araballi/edhitha_ws/install/libmavconn/lib:/home/araballi/edhitha_ws/install/mavros_extras/lib:/usr/lib/x86_64-linux-gnu/gazebo-11/plugins:/opt/ros/humble/opt/rviz_ogre_vendor/lib:/opt/ros/humble/lib/x86_64-linux-gnu:/opt/ros/humble/lib /usr/bin/cmake --install /home/araballi/edhitha_ws/build/mavros_extras
