[2.660s] Invoking command in '/home/araballi/edhitha_ws/src/amrutha': PYTHONPATH=/home/araballi/edhitha_ws/build/amrutha/prefix_override:/usr/lib/python3/dist-packages/colcon_core/task/python/colcon_distutils_commands:/home/araballi/edhitha_ws/install/amrutha/lib/python3.10/site-packages:${PYTHONPATH} /usr/bin/python3 -W ignore:setup.py install is deprecated -W ignore:easy_install command is deprecated setup.py egg_info --egg-base ../../build/amrutha build --build-base /home/araballi/edhitha_ws/build/amrutha/build install --record /home/araballi/edhitha_ws/build/amrutha/install.log --single-version-externally-managed install_data
[3.636s] running egg_info
[3.671s] writing ../../build/amrutha/amrutha.egg-info/PKG-INFO
[3.671s] writing dependency_links to ../../build/amrutha/amrutha.egg-info/dependency_links.txt
[3.672s] writing entry points to ../../build/amrutha/amrutha.egg-info/entry_points.txt
[3.673s] writing requirements to ../../build/amrutha/amrutha.egg-info/requires.txt
[3.673s] writing top-level names to ../../build/amrutha/amrutha.egg-info/top_level.txt
[3.755s] reading manifest file '../../build/amrutha/amrutha.egg-info/SOURCES.txt'
[3.757s] writing manifest file '../../build/amrutha/amrutha.egg-info/SOURCES.txt'
[3.758s] running build
[3.758s] running build_py
[3.758s] copying submarine.py -> /home/araballi/edhitha_ws/build/amrutha/build/lib
[3.758s] running install
[3.772s] running install_lib
[3.808s] copying /home/araballi/edhitha_ws/build/amrutha/build/lib/submarine.py -> /home/araballi/edhitha_ws/install/amrutha/lib/python3.10/site-packages
[3.809s] byte-compiling /home/araballi/edhitha_ws/install/amrutha/lib/python3.10/site-packages/submarine.py to submarine.cpython-310.pyc
[3.810s] running install_data
[3.811s] Sorry: IndentationError: unindent does not match any outer indentation level (submarine.py, line 63)
[3.811s] running install_egg_info
[3.849s] removing '/home/araballi/edhitha_ws/install/amrutha/lib/python3.10/site-packages/amrutha-0.0.0-py3.10.egg-info' (and everything under it)
[3.851s] Copying ../../build/amrutha/amrutha.egg-info to /home/araballi/edhitha_ws/install/amrutha/lib/python3.10/site-packages/amrutha-0.0.0-py3.10.egg-info
[3.856s] running install_scripts
[4.050s] Installing submarine script to /home/araballi/edhitha_ws/install/amrutha/lib/amrutha
[4.050s] writing list of installed files to '/home/araballi/edhitha_ws/build/amrutha/install.log'
[4.151s] Invoked command in '/home/araballi/edhitha_ws/src/amrutha' returned '0': PYTHONPATH=/home/araballi/edhitha_ws/build/amrutha/prefix_override:/usr/lib/python3/dist-packages/colcon_core/task/python/colcon_distutils_commands:/home/araballi/edhitha_ws/install/amrutha/lib/python3.10/site-packages:${PYTHONPATH} /usr/bin/python3 -W ignore:setup.py install is deprecated -W ignore:easy_install command is deprecated setup.py egg_info --egg-base ../../build/amrutha build --build-base /home/araballi/edhitha_ws/build/amrutha/build install --record /home/araballi/edhitha_ws/build/amrutha/install.log --single-version-externally-managed install_data
