[0.086s] Invoking command in '/home/araballi/edhitha_ws/build/mavros': CMAKE_PREFIX_PATH=/home/araballi/edhitha_ws/install/mavros_msgs:/home/araballi/edhitha_ws/install/libmavconn:/home/araballi/edhitha_ws/install/mavros_extras:/home/araballi/edhitha_ws/install/mavros:/home/araballi/edhitha_ws/install/amrutha:/opt/ros/humble LD_LIBRARY_PATH=/home/araballi/edhitha_ws/install/mavros_msgs/lib:/home/araballi/edhitha_ws/install/libmavconn/lib:/home/araballi/edhitha_ws/install/mavros_extras/lib:/home/araballi/edhitha_ws/install/mavros/lib:/usr/lib/x86_64-linux-gnu/gazebo-11/plugins:/opt/ros/humble/opt/rviz_ogre_vendor/lib:/opt/ros/humble/lib/x86_64-linux-gnu:/opt/ros/humble/lib /usr/bin/cmake /home/araballi/edhitha_ws/src/mavros/mavros -DCMAKE_INSTALL_PREFIX=/home/araballi/edhitha_ws/install/mavros
[0.101s] -- Found ament_cmake: 1.3.11 (/opt/ros/humble/share/ament_cmake/cmake)
[0.222s] -- Override CMake install command with custom implementation using symlinks instead of copying resources
[0.230s] -- Found rclcpp: 16.0.12 (/opt/ros/humble/share/rclcpp/cmake)
[0.335s] -- Found rosidl_generator_c: 3.1.6 (/opt/ros/humble/share/rosidl_generator_c/cmake)
[0.337s] -- Found rosidl_adapter: 3.1.6 (/opt/ros/humble/share/rosidl_adapter/cmake)
[0.342s] -- Found rosidl_generator_cpp: 3.1.6 (/opt/ros/humble/share/rosidl_generator_cpp/cmake)
[0.350s] -- Using all available rosidl_typesupport_c: rosidl_typesupport_fastrtps_c;rosidl_typesupport_introspection_c
[0.361s] -- Using all available rosidl_typesupport_cpp: rosidl_typesupport_fastrtps_cpp;rosidl_typesupport_introspection_cpp
[0.400s] -- Found rmw_implementation_cmake: 6.1.2 (/opt/ros/humble/share/rmw_implementation_cmake/cmake)
[0.406s] -- Found rmw_fastrtps_cpp: 6.2.7 (/opt/ros/humble/share/rmw_fastrtps_cpp/cmake)
[3.032s] -- Using RMW implementation 'rmw_fastrtps_cpp' as default
[3.109s] -- Found rclcpp_components: 16.0.12 (/opt/ros/humble/share/rclcpp_components/cmake)
[3.144s] -- Found pluginlib: 5.1.0 (/opt/ros/humble/share/pluginlib/cmake)
[3.747s] -- Found message_filters: 4.3.7 (/opt/ros/humble/share/message_filters/cmake)
[3.752s] -- Found libmavconn: 2.10.1 (/home/araballi/edhitha_ws/install/libmavconn/share/libmavconn/cmake)
[3.755s] -- Found eigen3_cmake_module: 0.1.1 (/opt/ros/humble/share/eigen3_cmake_module/cmake)
[3.760s] -- Found angles: 1.15.0 (/opt/ros/humble/share/angles/cmake)
[3.764s] -- Found eigen_stl_containers: 1.1.0 (/opt/ros/humble/share/eigen_stl_containers/cmake)
[3.768s] -- Found tf2_eigen: 0.25.13 (/opt/ros/humble/share/tf2_eigen/cmake)
[3.873s] -- Found diagnostic_msgs: 4.9.0 (/opt/ros/humble/share/diagnostic_msgs/cmake)
[3.894s] -- Found diagnostic_updater: 4.0.6 (/opt/ros/humble/share/diagnostic_updater/cmake)
[3.900s] -- Found geographic_msgs: 1.0.6 (/opt/ros/humble/share/geographic_msgs/cmake)
[3.915s] -- Found mavros_msgs: 2.10.1 (/home/araballi/edhitha_ws/install/mavros_msgs/share/mavros_msgs/cmake)
[3.949s] -- Found nav_msgs: 4.9.0 (/opt/ros/humble/share/nav_msgs/cmake)
[3.972s] -- Found std_srvs: 4.9.0 (/opt/ros/humble/share/std_srvs/cmake)
[3.986s] -- Found trajectory_msgs: 4.9.0 (/opt/ros/humble/share/trajectory_msgs/cmake)
[4.007s] -- Geoid model datasets found in: /usr/share/GeographicLib/geoid
[4.007s] -- Gravity Field model datasets found in: /usr/share/GeographicLib/gravity
[4.007s] -- Magnetic Field model datasets found in: /usr/share/GeographicLib/magnetic
[4.078s] -- Found ament_cmake_gtest: 1.3.11 (/opt/ros/humble/share/ament_cmake_gtest/cmake)
[4.079s] -- Found ament_cmake_gmock: 1.3.11 (/opt/ros/humble/share/ament_cmake_gmock/cmake)
[4.079s] -- Found ament_cmake_pytest: 1.3.11 (/opt/ros/humble/share/ament_cmake_pytest/cmake)
[4.080s] -- Found ament_lint_auto: 0.12.12 (/opt/ros/humble/share/ament_lint_auto/cmake)
[5.345s] -- Found gtest sources under '/opt/ros/humble/src/gtest_vendor': C++ tests using 'Google Test' will be built
[5.354s] -- Found gmock sources under '/opt/ros/humble/src/gmock_vendor': C++ tests using 'Google Mock' will be built
[5.797s] -- Added test 'cppcheck' to perform static code analysis on C / C++ code
[5.798s] -- Configured cppcheck include dirs: $<BUILD_INTERFACE:/home/araballi/edhitha_ws/src/mavros/mavros/include>
[5.798s] -- Configured cppcheck exclude dirs and/or files: ./test/*.cpp
[5.804s] -- Added test 'cpplint' to check C / C++ code against the Google style
[5.805s] -- Configured cpplint exclude dirs and/or files: 
[5.806s] -- Added test 'flake8' to check Python code syntax and style conventions
[5.807s] -- Added test 'lint_cmake' to check CMake code style
[5.808s] -- Added test 'pep257' to check Python code against some of the docstring style conventions in PEP 257
[5.815s] -- Added test 'uncrustify' to check C / C++ code style
[5.815s] -- Configured uncrustify additional arguments: 
[5.816s] -- Added test 'xmllint' to check XML markup files
[5.822s] -- Configuring done
[5.912s] -- Generating done
[5.935s] -- Build files have been written to: /home/araballi/edhitha_ws/build/mavros
[5.950s] Invoked command in '/home/araballi/edhitha_ws/build/mavros' returned '0': CMAKE_PREFIX_PATH=/home/araballi/edhitha_ws/install/mavros_msgs:/home/araballi/edhitha_ws/install/libmavconn:/home/araballi/edhitha_ws/install/mavros_extras:/home/araballi/edhitha_ws/install/mavros:/home/araballi/edhitha_ws/install/amrutha:/opt/ros/humble LD_LIBRARY_PATH=/home/araballi/edhitha_ws/install/mavros_msgs/lib:/home/araballi/edhitha_ws/install/libmavconn/lib:/home/araballi/edhitha_ws/install/mavros_extras/lib:/home/araballi/edhitha_ws/install/mavros/lib:/usr/lib/x86_64-linux-gnu/gazebo-11/plugins:/opt/ros/humble/opt/rviz_ogre_vendor/lib:/opt/ros/humble/lib/x86_64-linux-gnu:/opt/ros/humble/lib /usr/bin/cmake /home/araballi/edhitha_ws/src/mavros/mavros -DCMAKE_INSTALL_PREFIX=/home/araballi/edhitha_ws/install/mavros
[5.952s] Invoking command in '/home/araballi/edhitha_ws/build/mavros': CMAKE_PREFIX_PATH=/home/araballi/edhitha_ws/install/mavros_msgs:/home/araballi/edhitha_ws/install/libmavconn:/home/araballi/edhitha_ws/install/mavros_extras:/home/araballi/edhitha_ws/install/mavros:/home/araballi/edhitha_ws/install/amrutha:/opt/ros/humble LD_LIBRARY_PATH=/home/araballi/edhitha_ws/install/mavros_msgs/lib:/home/araballi/edhitha_ws/install/libmavconn/lib:/home/araballi/edhitha_ws/install/mavros_extras/lib:/home/araballi/edhitha_ws/install/mavros/lib:/usr/lib/x86_64-linux-gnu/gazebo-11/plugins:/opt/ros/humble/opt/rviz_ogre_vendor/lib:/opt/ros/humble/lib/x86_64-linux-gnu:/opt/ros/humble/lib /usr/bin/cmake --build /home/araballi/edhitha_ws/build/mavros -- -j16 -l16
[6.007s] [35m[1mConsolidate compiler generated dependencies of target gtest_main[0m
[6.008s] [35m[1mConsolidate compiler generated dependencies of target gtest[0m
[6.008s] [35m[1mConsolidate compiler generated dependencies of target gmock_main[0m
[6.008s] [35m[1mConsolidate compiler generated dependencies of target gmock[0m
[6.022s] [35m[1mConsolidate compiler generated dependencies of target mavros[0m
[6.025s] [  6%] Built target gmock_main
[6.025s] [  6%] Built target gtest
[6.025s] [  9%] Built target gtest_main
[6.029s] [ 14%] Built target gmock
[6.033s] [ 14%] Built target ament_cmake_python_symlink_mavros_setup
[6.035s] [ 14%] Built target ament_cmake_python_symlink_mavros
[6.104s] [ 17%] [32mBuilding CXX object CMakeFiles/mavros.dir/src/lib/enum_to_string.cpp.o[0m
[6.104s] [ 17%] [32mBuilding CXX object CMakeFiles/mavros.dir/src/lib/enum_sensor_orientation.cpp.o[0m
[6.104s] [ 19%] [32mBuilding CXX object CMakeFiles/mavros.dir/src/lib/mavros_router.cpp.o[0m
[6.106s] [ 20%] [32mBuilding CXX object CMakeFiles/mavros.dir/src/lib/mavros_uas.cpp.o[0m
[6.109s] [ 22%] [32mBuilding CXX object CMakeFiles/mavros.dir/src/lib/plugin.cpp.o[0m
[6.112s] [ 24%] [32mBuilding CXX object CMakeFiles/mavros.dir/src/lib/uas_ap.cpp.o[0m
[6.112s] [ 25%] [32mBuilding CXX object CMakeFiles/mavros.dir/src/lib/uas_data.cpp.o[0m
[6.113s] [ 27%] [32mBuilding CXX object CMakeFiles/mavros.dir/src/lib/uas_executor.cpp.o[0m
[6.115s] [ 29%] [32mBuilding CXX object CMakeFiles/mavros.dir/src/lib/uas_stringify.cpp.o[0m
[6.118s] [ 30%] [32mBuilding CXX object CMakeFiles/mavros.dir/src/lib/uas_tf.cpp.o[0m
[6.120s] [ 32%] [32mBuilding CXX object CMakeFiles/mavros.dir/src/lib/uas_timesync.cpp.o[0m
[6.253s] [ 33%] [32m[1mLinking CXX shared library libmavros.so[0m
[6.410s] running egg_info
[6.424s] writing mavros.egg-info/PKG-INFO
[6.424s] writing dependency_links to mavros.egg-info/dependency_links.txt
[6.424s] writing entry points to mavros.egg-info/entry_points.txt
[6.425s] writing top-level names to mavros.egg-info/top_level.txt
[6.464s] reading manifest file 'mavros.egg-info/SOURCES.txt'
[6.465s] writing manifest file 'mavros.egg-info/SOURCES.txt'
[6.515s] [ 33%] Built target ament_cmake_python_build_mavros_egg
[7.977s] [ 37%] Built target mavros
[7.992s] [35m[1mConsolidate compiler generated dependencies of target libmavros-quaternion-utils-test[0m
[7.992s] [35m[1mConsolidate compiler generated dependencies of target libmavros-sensor-orientation-test[0m
[7.993s] [35m[1mConsolidate compiler generated dependencies of target mavros_node[0m
[7.993s] [35m[1mConsolidate compiler generated dependencies of target libmavros-frame-conversions-test[0m
[7.994s] [35m[1mConsolidate compiler generated dependencies of target mavros-uas-test[0m
[7.994s] [35m[1mConsolidate compiler generated dependencies of target mavros-router-test[0m
[8.020s] [ 40%] [32m[1mLinking CXX executable libmavros-quaternion-utils-test[0m
[8.020s] [ 40%] [32m[1mLinking CXX executable libmavros-frame-conversions-test[0m
[8.022s] [ 41%] [32mBuilding CXX object CMakeFiles/libmavros-sensor-orientation-test.dir/test/test_sensor_orientation.cpp.o[0m
[8.028s] [35m[1mConsolidate compiler generated dependencies of target mavros_plugins[0m
[8.028s] [ 43%] [32mBuilding CXX object CMakeFiles/mavros_node.dir/src/mavros_node.cpp.o[0m
[8.031s] [ 45%] [32mBuilding CXX object CMakeFiles/mavros-router-test.dir/test/test_router.cpp.o[0m
[8.034s] [ 46%] [32mBuilding CXX object CMakeFiles/mavros-uas-test.dir/test/test_uas.cpp.o[0m
[8.074s] [ 48%] [32m[1mLinking CXX executable libmavros-sensor-orientation-test[0m
[8.093s] [ 50%] [32m[1mLinking CXX executable mavros_node[0m
[8.100s] [ 51%] [32m[1mLinking CXX executable mavros-uas-test[0m
[8.101s] [ 53%] [32m[1mLinking CXX executable mavros-router-test[0m
[8.200s] [ 56%] [32mBuilding CXX object CMakeFiles/mavros_plugins.dir/src/plugins/actuator_control.cpp.o[0m
[8.201s] [ 56%] [32mBuilding CXX object CMakeFiles/mavros_plugins.dir/src/plugins/altitude.cpp.o[0m
[8.203s] [ 58%] [32mBuilding CXX object CMakeFiles/mavros_plugins.dir/src/plugins/command.cpp.o[0m
[8.207s] [ 59%] [32mBuilding CXX object CMakeFiles/mavros_plugins.dir/src/plugins/dummy.cpp.o[0m
[8.209s] [ 61%] [32mBuilding CXX object CMakeFiles/mavros_plugins.dir/src/plugins/ftp.cpp.o[0m
[8.210s] [ 62%] [32mBuilding CXX object CMakeFiles/mavros_plugins.dir/src/plugins/geofence.cpp.o[0m
[8.214s] [ 64%] [32mBuilding CXX object CMakeFiles/mavros_plugins.dir/src/plugins/global_position.cpp.o[0m
[8.216s] [ 66%] [32mBuilding CXX object CMakeFiles/mavros_plugins.dir/src/plugins/home_position.cpp.o[0m
[8.220s] [ 67%] [32mBuilding CXX object CMakeFiles/mavros_plugins.dir/src/plugins/imu.cpp.o[0m
[8.228s] [ 69%] [32mBuilding CXX object CMakeFiles/mavros_plugins.dir/src/plugins/local_position.cpp.o[0m
[8.314s] [ 70%] [32mBuilding CXX object CMakeFiles/mavros_plugins.dir/src/plugins/manual_control.cpp.o[0m
[8.317s] [ 72%] [32mBuilding CXX object CMakeFiles/mavros_plugins.dir/src/plugins/mission_protocol_base.cpp.o[0m
[8.348s] [ 74%] [32mBuilding CXX object CMakeFiles/mavros_plugins.dir/src/plugins/nav_controller_output.cpp.o[0m
[8.355s] [ 75%] [32mBuilding CXX object CMakeFiles/mavros_plugins.dir/src/plugins/param.cpp.o[0m
[8.358s] [ 77%] [32mBuilding CXX object CMakeFiles/mavros_plugins.dir/src/plugins/rallypoint.cpp.o[0m
[8.364s] [ 79%] [32mBuilding CXX object CMakeFiles/mavros_plugins.dir/src/plugins/rc_io.cpp.o[0m
[8.372s] [ 80%] [32mBuilding CXX object CMakeFiles/mavros_plugins.dir/src/plugins/setpoint_accel.cpp.o[0m
[8.378s] [ 82%] [32mBuilding CXX object CMakeFiles/mavros_plugins.dir/src/plugins/setpoint_attitude.cpp.o[0m
[8.403s] [ 83%] [32mBuilding CXX object CMakeFiles/mavros_plugins.dir/src/plugins/setpoint_position.cpp.o[0m
[8.407s] [ 85%] [32mBuilding CXX object CMakeFiles/mavros_plugins.dir/src/plugins/setpoint_raw.cpp.o[0m
[8.449s] [ 87%] [32mBuilding CXX object CMakeFiles/mavros_plugins.dir/src/plugins/setpoint_trajectory.cpp.o[0m
[8.489s] [ 88%] [32mBuilding CXX object CMakeFiles/mavros_plugins.dir/src/plugins/setpoint_velocity.cpp.o[0m
[8.495s] [ 90%] [32mBuilding CXX object CMakeFiles/mavros_plugins.dir/src/plugins/sys_status.cpp.o[0m
[8.528s] [ 91%] [32mBuilding CXX object CMakeFiles/mavros_plugins.dir/src/plugins/sys_time.cpp.o[0m
[8.541s] [ 93%] [32mBuilding CXX object CMakeFiles/mavros_plugins.dir/src/plugins/waypoint.cpp.o[0m
[8.544s] [ 95%] [32mBuilding CXX object CMakeFiles/mavros_plugins.dir/src/plugins/wind_estimation.cpp.o[0m
[8.727s] [ 96%] [32m[1mLinking CXX shared library libmavros_plugins.so[0m
[10.557s] [ 96%] Built target mavros_node
[10.562s] [ 98%] Built target libmavros-quaternion-utils-test
[10.607s] [100%] Built target libmavros-frame-conversions-test
[10.700s] [100%] Built target libmavros-sensor-orientation-test
[10.891s] [100%] Built target mavros-router-test
[10.952s] [100%] Built target mavros-uas-test
[22.192s] [100%] Built target mavros_plugins
[22.212s] Invoked command in '/home/araballi/edhitha_ws/build/mavros' returned '0': CMAKE_PREFIX_PATH=/home/araballi/edhitha_ws/install/mavros_msgs:/home/araballi/edhitha_ws/install/libmavconn:/home/araballi/edhitha_ws/install/mavros_extras:/home/araballi/edhitha_ws/install/mavros:/home/araballi/edhitha_ws/install/amrutha:/opt/ros/humble LD_LIBRARY_PATH=/home/araballi/edhitha_ws/install/mavros_msgs/lib:/home/araballi/edhitha_ws/install/libmavconn/lib:/home/araballi/edhitha_ws/install/mavros_extras/lib:/home/araballi/edhitha_ws/install/mavros/lib:/usr/lib/x86_64-linux-gnu/gazebo-11/plugins:/opt/ros/humble/opt/rviz_ogre_vendor/lib:/opt/ros/humble/lib/x86_64-linux-gnu:/opt/ros/humble/lib /usr/bin/cmake --build /home/araballi/edhitha_ws/build/mavros -- -j16 -l16
[22.215s] Invoking command in '/home/araballi/edhitha_ws/build/mavros': CMAKE_PREFIX_PATH=/home/araballi/edhitha_ws/install/mavros_msgs:/home/araballi/edhitha_ws/install/libmavconn:/home/araballi/edhitha_ws/install/mavros_extras:/home/araballi/edhitha_ws/install/mavros:/home/araballi/edhitha_ws/install/amrutha:/opt/ros/humble LD_LIBRARY_PATH=/home/araballi/edhitha_ws/install/mavros_msgs/lib:/home/araballi/edhitha_ws/install/libmavconn/lib:/home/araballi/edhitha_ws/install/mavros_extras/lib:/home/araballi/edhitha_ws/install/mavros/lib:/usr/lib/x86_64-linux-gnu/gazebo-11/plugins:/opt/ros/humble/opt/rviz_ogre_vendor/lib:/opt/ros/humble/lib/x86_64-linux-gnu:/opt/ros/humble/lib /usr/bin/cmake --install /home/araballi/edhitha_ws/build/mavros
[22.227s] -- Install configuration: ""
[22.228s] -- Execute custom install script
[22.228s] -- Up-to-date symlink: /home/araballi/edhitha_ws/install/mavros/share/mavros//mavros_plugins.xml
[22.229s] -- Up-to-date symlink: /home/araballi/edhitha_ws/install/mavros/share/mavros/environment/pythonpath.sh
[22.229s] -- Up-to-date symlink: /home/araballi/edhitha_ws/install/mavros/share/mavros/environment/pythonpath.dsv
[22.230s] -- Up-to-date symlink: /home/araballi/edhitha_ws/install/mavros/local/lib/python3.10/dist-packages/mavros-2.10.1-py3.10.egg-info/PKG-INFO
[22.230s] -- Up-to-date symlink: /home/araballi/edhitha_ws/install/mavros/local/lib/python3.10/dist-packages/mavros-2.10.1-py3.10.egg-info/SOURCES.txt
[22.230s] -- Up-to-date symlink: /home/araballi/edhitha_ws/install/mavros/local/lib/python3.10/dist-packages/mavros-2.10.1-py3.10.egg-info/dependency_links.txt
[22.230s] -- Up-to-date symlink: /home/araballi/edhitha_ws/install/mavros/local/lib/python3.10/dist-packages/mavros-2.10.1-py3.10.egg-info/entry_points.txt
[22.230s] -- Up-to-date symlink: /home/araballi/edhitha_ws/install/mavros/local/lib/python3.10/dist-packages/mavros-2.10.1-py3.10.egg-info/top_level.txt
[22.231s] -- Up-to-date symlink: /home/araballi/edhitha_ws/install/mavros/local/lib/python3.10/dist-packages/mavros/__init__.py
[22.231s] -- Up-to-date symlink: /home/araballi/edhitha_ws/install/mavros/local/lib/python3.10/dist-packages/mavros/base.py
[22.232s] -- Up-to-date symlink: /home/araballi/edhitha_ws/install/mavros/local/lib/python3.10/dist-packages/mavros/cmd/__init__.py
[22.232s] -- Up-to-date symlink: /home/araballi/edhitha_ws/install/mavros/local/lib/python3.10/dist-packages/mavros/cmd/__main__.py
[22.232s] -- Up-to-date symlink: /home/araballi/edhitha_ws/install/mavros/local/lib/python3.10/dist-packages/mavros/cmd/checkid.py
[22.232s] -- Up-to-date symlink: /home/araballi/edhitha_ws/install/mavros/local/lib/python3.10/dist-packages/mavros/cmd/cmd.py
[22.233s] -- Up-to-date symlink: /home/araballi/edhitha_ws/install/mavros/local/lib/python3.10/dist-packages/mavros/cmd/ftp.py
[22.233s] -- Up-to-date symlink: /home/araballi/edhitha_ws/install/mavros/local/lib/python3.10/dist-packages/mavros/cmd/mission.py
[22.233s] -- Up-to-date symlink: /home/araballi/edhitha_ws/install/mavros/local/lib/python3.10/dist-packages/mavros/cmd/param.py
[22.233s] -- Up-to-date symlink: /home/araballi/edhitha_ws/install/mavros/local/lib/python3.10/dist-packages/mavros/cmd/safety.py
[22.234s] -- Up-to-date symlink: /home/araballi/edhitha_ws/install/mavros/local/lib/python3.10/dist-packages/mavros/cmd/system.py
[22.234s] -- Up-to-date symlink: /home/araballi/edhitha_ws/install/mavros/local/lib/python3.10/dist-packages/mavros/cmd/utils.py
[22.234s] -- Up-to-date symlink: /home/araballi/edhitha_ws/install/mavros/local/lib/python3.10/dist-packages/mavros/command.py
[22.234s] -- Up-to-date symlink: /home/araballi/edhitha_ws/install/mavros/local/lib/python3.10/dist-packages/mavros/ftp.py
[22.234s] -- Up-to-date symlink: /home/araballi/edhitha_ws/install/mavros/local/lib/python3.10/dist-packages/mavros/global_position.py
[22.235s] -- Up-to-date symlink: /home/araballi/edhitha_ws/install/mavros/local/lib/python3.10/dist-packages/mavros/local_position.py
[22.235s] -- Up-to-date symlink: /home/araballi/edhitha_ws/install/mavros/local/lib/python3.10/dist-packages/mavros/mavlink.py
[22.235s] -- Up-to-date symlink: /home/araballi/edhitha_ws/install/mavros/local/lib/python3.10/dist-packages/mavros/mission.py
[22.235s] -- Up-to-date symlink: /home/araballi/edhitha_ws/install/mavros/local/lib/python3.10/dist-packages/mavros/nuttx_crc32.py
[22.235s] -- Up-to-date symlink: /home/araballi/edhitha_ws/install/mavros/local/lib/python3.10/dist-packages/mavros/param.py
[22.235s] -- Up-to-date symlink: /home/araballi/edhitha_ws/install/mavros/local/lib/python3.10/dist-packages/mavros/setpoint.py
[22.235s] -- Up-to-date symlink: /home/araballi/edhitha_ws/install/mavros/local/lib/python3.10/dist-packages/mavros/system.py
[22.235s] -- Up-to-date symlink: /home/araballi/edhitha_ws/install/mavros/local/lib/python3.10/dist-packages/mavros/utils.py
[22.235s] -- Up-to-date symlink: /home/araballi/edhitha_ws/install/mavros/lib/mavros/mav
[22.235s] -- Up-to-date symlink: /home/araballi/edhitha_ws/install/mavros/lib/mavros/install_geographiclib_datasets.sh
[22.236s] -- Up-to-date symlink: /home/araballi/edhitha_ws/install/mavros/include/mavros/frame_tf.hpp
[22.236s] -- Up-to-date symlink: /home/araballi/edhitha_ws/install/mavros/include/mavros/mavros_plugin_register_macro.hpp
[22.236s] -- Up-to-date symlink: /home/araballi/edhitha_ws/install/mavros/include/mavros/mavros_router.hpp
[22.236s] -- Up-to-date symlink: /home/araballi/edhitha_ws/install/mavros/include/mavros/mavros_uas.hpp
[22.236s] -- Up-to-date symlink: /home/araballi/edhitha_ws/install/mavros/include/mavros/mission_protocol_base.hpp
[22.237s] -- Up-to-date symlink: /home/araballi/edhitha_ws/install/mavros/include/mavros/plugin.hpp
[22.237s] -- Up-to-date symlink: /home/araballi/edhitha_ws/install/mavros/include/mavros/plugin_filter.hpp
[22.237s] -- Up-to-date symlink: /home/araballi/edhitha_ws/install/mavros/include/mavros/px4_custom_mode.hpp
[22.237s] -- Up-to-date symlink: /home/araballi/edhitha_ws/install/mavros/include/mavros/setpoint_mixin.hpp
[22.237s] -- Up-to-date symlink: /home/araballi/edhitha_ws/install/mavros/include/mavros/uas_executor.hpp
[22.237s] -- Up-to-date symlink: /home/araballi/edhitha_ws/install/mavros/include/mavros/utils.hpp
[22.238s] -- Up-to-date symlink: /home/araballi/edhitha_ws/install/mavros/share/mavros/launch/apm.launch
[22.238s] -- Up-to-date symlink: /home/araballi/edhitha_ws/install/mavros/share/mavros/launch/apm_config.yaml
[22.238s] -- Up-to-date symlink: /home/araballi/edhitha_ws/install/mavros/share/mavros/launch/apm_pluginlists.yaml
[22.238s] -- Up-to-date symlink: /home/araballi/edhitha_ws/install/mavros/share/mavros/launch/multi_uas.launch
[22.238s] -- Up-to-date symlink: /home/araballi/edhitha_ws/install/mavros/share/mavros/launch/node.launch
[22.239s] -- Up-to-date symlink: /home/araballi/edhitha_ws/install/mavros/share/mavros/launch/px4.launch
[22.239s] -- Up-to-date symlink: /home/araballi/edhitha_ws/install/mavros/share/mavros/launch/px4_config.yaml
[22.239s] -- Up-to-date symlink: /home/araballi/edhitha_ws/install/mavros/share/mavros/launch/px4_pluginlists.yaml
[22.239s] -- Up-to-date symlink: /home/araballi/edhitha_ws/install/mavros/share/mavros/environment/library_path.sh
[22.239s] -- Up-to-date symlink: /home/araballi/edhitha_ws/install/mavros/share/mavros/environment/library_path.dsv
[22.240s] -- Up-to-date symlink: /home/araballi/edhitha_ws/install/mavros/share/ament_index/resource_index/package_run_dependencies/mavros
[22.240s] -- Up-to-date symlink: /home/araballi/edhitha_ws/install/mavros/share/ament_index/resource_index/parent_prefix_path/mavros
[22.240s] -- Up-to-date symlink: /home/araballi/edhitha_ws/install/mavros/share/mavros/environment/ament_prefix_path.sh
[22.240s] -- Up-to-date symlink: /home/araballi/edhitha_ws/install/mavros/share/mavros/environment/ament_prefix_path.dsv
[22.240s] -- Up-to-date symlink: /home/araballi/edhitha_ws/install/mavros/share/mavros/environment/path.sh
[22.241s] -- Up-to-date symlink: /home/araballi/edhitha_ws/install/mavros/share/mavros/environment/path.dsv
[22.241s] -- Up-to-date symlink: /home/araballi/edhitha_ws/install/mavros/share/mavros/local_setup.bash
[22.241s] -- Up-to-date symlink: /home/araballi/edhitha_ws/install/mavros/share/mavros/local_setup.sh
[22.241s] -- Up-to-date symlink: /home/araballi/edhitha_ws/install/mavros/share/mavros/local_setup.zsh
[22.241s] -- Up-to-date symlink: /home/araballi/edhitha_ws/install/mavros/share/mavros/local_setup.dsv
[22.242s] -- Symlinking: /home/araballi/edhitha_ws/install/mavros/share/mavros/package.dsv
[22.255s] -- Up-to-date symlink: /home/araballi/edhitha_ws/install/mavros/share/ament_index/resource_index/packages/mavros
[22.255s] -- Up-to-date symlink: /home/araballi/edhitha_ws/install/mavros/share/ament_index/resource_index/mavros__pluginlib__plugin/mavros
[22.256s] -- Up-to-date symlink: /home/araballi/edhitha_ws/install/mavros/share/ament_index/resource_index/rclcpp_components/mavros
[22.256s] -- Up-to-date symlink: /home/araballi/edhitha_ws/install/mavros/share/mavros/cmake/ament_cmake_export_include_directories-extras.cmake
[22.256s] -- Up-to-date symlink: /home/araballi/edhitha_ws/install/mavros/share/mavros/cmake/ament_cmake_export_libraries-extras.cmake
[22.256s] -- Up-to-date symlink: /home/araballi/edhitha_ws/install/mavros/share/mavros/cmake/ament_cmake_export_dependencies-extras.cmake
[22.256s] -- Up-to-date symlink: /home/araballi/edhitha_ws/install/mavros/share/mavros/cmake/mavrosConfig.cmake
[22.257s] -- Up-to-date symlink: /home/araballi/edhitha_ws/install/mavros/share/mavros/cmake/mavrosConfig-version.cmake
[22.257s] -- Up-to-date symlink: /home/araballi/edhitha_ws/install/mavros/share/mavros/package.xml
[22.299s] Listing '/home/araballi/edhitha_ws/install/mavros/local/lib/python3.10/dist-packages/mavros'...
[22.299s] Listing '/home/araballi/edhitha_ws/install/mavros/local/lib/python3.10/dist-packages/mavros/cmd'...
[22.304s] -- Installing: /home/araballi/edhitha_ws/install/mavros/lib/libmavros.so
[22.329s] -- Set runtime path of "/home/araballi/edhitha_ws/install/mavros/lib/libmavros.so" to ""
[22.329s] -- Installing: /home/araballi/edhitha_ws/install/mavros/lib/mavros/mavros_node
[22.335s] -- Set runtime path of "/home/araballi/edhitha_ws/install/mavros/lib/mavros/mavros_node" to ""
[22.335s] -- Installing: /home/araballi/edhitha_ws/install/mavros/lib/libmavros_plugins.so
[22.505s] -- Set runtime path of "/home/araballi/edhitha_ws/install/mavros/lib/libmavros_plugins.so" to ""
[22.510s] Invoked command in '/home/araballi/edhitha_ws/build/mavros' returned '0': CMAKE_PREFIX_PATH=/home/araballi/edhitha_ws/install/mavros_msgs:/home/araballi/edhitha_ws/install/libmavconn:/home/araballi/edhitha_ws/install/mavros_extras:/home/araballi/edhitha_ws/install/mavros:/home/araballi/edhitha_ws/install/amrutha:/opt/ros/humble LD_LIBRARY_PATH=/home/araballi/edhitha_ws/install/mavros_msgs/lib:/home/araballi/edhitha_ws/install/libmavconn/lib:/home/araballi/edhitha_ws/install/mavros_extras/lib:/home/araballi/edhitha_ws/install/mavros/lib:/usr/lib/x86_64-linux-gnu/gazebo-11/plugins:/opt/ros/humble/opt/rviz_ogre_vendor/lib:/opt/ros/humble/lib/x86_64-linux-gnu:/opt/ros/humble/lib /usr/bin/cmake --install /home/araballi/edhitha_ws/build/mavros
