[3.388s] Invoking command in '/home/araballi/edhitha_ws/src/amrutha': PYTHONPATH=/home/araballi/edhitha_ws/build/amrutha/prefix_override:/usr/lib/python3/dist-packages/colcon_core/task/python/colcon_distutils_commands:/home/araballi/edhitha_ws/install/amrutha/lib/python3.10/site-packages:${PYTHONPATH} /usr/bin/python3 -W ignore:setup.py install is deprecated -W ignore:easy_install command is deprecated setup.py egg_info --egg-base ../../build/amrutha build --build-base /home/araballi/edhitha_ws/build/amrutha/build install --record /home/araballi/edhitha_ws/build/amrutha/install.log --single-version-externally-managed install_data
[4.328s] running egg_info
[4.381s] writing ../../build/amrutha/amrutha.egg-info/PKG-INFO
[4.406s] writing dependency_links to ../../build/amrutha/amrutha.egg-info/dependency_links.txt
[4.407s] writing entry points to ../../build/amrutha/amrutha.egg-info/entry_points.txt
[4.407s] writing requirements to ../../build/amrutha/amrutha.egg-info/requires.txt
[4.408s] writing top-level names to ../../build/amrutha/amrutha.egg-info/top_level.txt
[4.493s] reading manifest file '../../build/amrutha/amrutha.egg-info/SOURCES.txt'
[4.497s] writing manifest file '../../build/amrutha/amrutha.egg-info/SOURCES.txt'
[4.497s] running build
[4.498s] running build_py
[4.499s] copying submarine.py -> /home/araballi/edhitha_ws/build/amrutha/build/lib
[4.501s] running install
[4.514s] running install_lib
[4.555s] copying /home/araballi/edhitha_ws/build/amrutha/build/lib/submarine.py -> /home/araballi/edhitha_ws/install/amrutha/lib/python3.10/site-packages
[4.559s] byte-compiling /home/araballi/edhitha_ws/install/amrutha/lib/python3.10/site-packages/submarine.py to submarine.cpython-310.pyc
[4.560s] running install_data
[4.561s] running install_egg_info
[4.603s] removing '/home/araballi/edhitha_ws/install/amrutha/lib/python3.10/site-packages/amrutha-0.0.0-py3.10.egg-info' (and everything under it)
[4.608s] Copying ../../build/amrutha/amrutha.egg-info to /home/araballi/edhitha_ws/install/amrutha/lib/python3.10/site-packages/amrutha-0.0.0-py3.10.egg-info
[4.615s] running install_scripts
[4.784s] Installing submarine script to /home/araballi/edhitha_ws/install/amrutha/lib/amrutha
[4.850s] writing list of installed files to '/home/araballi/edhitha_ws/build/amrutha/install.log'
[4.946s] Invoked command in '/home/araballi/edhitha_ws/src/amrutha' returned '0': PYTHONPATH=/home/araballi/edhitha_ws/build/amrutha/prefix_override:/usr/lib/python3/dist-packages/colcon_core/task/python/colcon_distutils_commands:/home/araballi/edhitha_ws/install/amrutha/lib/python3.10/site-packages:${PYTHONPATH} /usr/bin/python3 -W ignore:setup.py install is deprecated -W ignore:easy_install command is deprecated setup.py egg_info --egg-base ../../build/amrutha build --build-base /home/araballi/edhitha_ws/build/amrutha/build install --record /home/araballi/edhitha_ws/build/amrutha/install.log --single-version-externally-managed install_data
