[0.087s] Invoking command in '/home/araballi/edhitha_ws/build/mavros': AMENT_PREFIX_PATH=/home/araballi/edhitha_ws/install/mavros_msgs:/home/araballi/edhitha_ws/install/libmavconn:${AMENT_PREFIX_PATH} CMAKE_PREFIX_PATH=/home/araballi/edhitha_ws/install/mavros_msgs:/home/araballi/edhitha_ws/install/libmavconn:/opt/ros/humble LD_LIBRARY_PATH=/home/araballi/edhitha_ws/install/mavros_msgs/lib:/home/araballi/edhitha_ws/install/libmavconn/lib:${LD_LIBRARY_PATH} PYTHONPATH=/home/araballi/edhitha_ws/install/mavros_msgs/local/lib/python3.10/dist-packages:${PYTHONPATH} /usr/bin/cmake --build /home/araballi/edhitha_ws/build/mavros -- -j16 -l16
[0.172s] [35m[1mConsolidate compiler generated dependencies of target gtest[0m
[0.173s] [35m[1mConsolidate compiler generated dependencies of target gtest_main[0m
[0.173s] [35m[1mConsolidate compiler generated dependencies of target gmock[0m
[0.173s] [35m[1mConsolidate compiler generated dependencies of target gmock_main[0m
[0.192s] [  4%] Built target gtest
[0.192s] [  6%] Built target gtest_main
[0.194s] [ 12%] Built target gmock_main
[0.194s] [ 14%] Built target gmock
[0.195s] [ 14%] Built target ament_cmake_python_symlink_mavros
[0.195s] [ 14%] Built target ament_cmake_python_symlink_mavros_setup
[0.196s] [35m[1mConsolidate compiler generated dependencies of target mavros[0m
[0.281s] [ 37%] Built target mavros
[0.300s] [35m[1mConsolidate compiler generated dependencies of target libmavros-frame-conversions-test[0m
[0.300s] [35m[1mConsolidate compiler generated dependencies of target mavros-router-test[0m
[0.300s] [35m[1mConsolidate compiler generated dependencies of target libmavros-quaternion-utils-test[0m
[0.301s] [35m[1mConsolidate compiler generated dependencies of target mavros-uas-test[0m
[0.301s] [35m[1mConsolidate compiler generated dependencies of target mavros_node[0m
[0.301s] [35m[1mConsolidate compiler generated dependencies of target libmavros-sensor-orientation-test[0m
[0.334s] [ 43%] Built target libmavros-frame-conversions-test
[0.334s] [ 43%] Built target libmavros-quaternion-utils-test
[0.342s] [ 50%] Built target libmavros-sensor-orientation-test
[0.342s] [ 50%] Built target mavros-router-test
[0.342s] [ 53%] Built target mavros_node
[0.349s] [ 56%] Built target mavros-uas-test
[0.365s] [35m[1mConsolidate compiler generated dependencies of target mavros_plugins[0m
[0.524s] [100%] Built target mavros_plugins
[0.556s] running egg_info
[0.569s] writing mavros.egg-info/PKG-INFO
[0.569s] writing dependency_links to mavros.egg-info/dependency_links.txt
[0.570s] writing entry points to mavros.egg-info/entry_points.txt
[0.570s] writing top-level names to mavros.egg-info/top_level.txt
[0.608s] reading manifest file 'mavros.egg-info/SOURCES.txt'
[0.610s] writing manifest file 'mavros.egg-info/SOURCES.txt'
[0.650s] [100%] Built target ament_cmake_python_build_mavros_egg
[0.666s] Invoked command in '/home/araballi/edhitha_ws/build/mavros' returned '0': AMENT_PREFIX_PATH=/home/araballi/edhitha_ws/install/mavros_msgs:/home/araballi/edhitha_ws/install/libmavconn:${AMENT_PREFIX_PATH} CMAKE_PREFIX_PATH=/home/araballi/edhitha_ws/install/mavros_msgs:/home/araballi/edhitha_ws/install/libmavconn:/opt/ros/humble LD_LIBRARY_PATH=/home/araballi/edhitha_ws/install/mavros_msgs/lib:/home/araballi/edhitha_ws/install/libmavconn/lib:${LD_LIBRARY_PATH} PYTHONPATH=/home/araballi/edhitha_ws/install/mavros_msgs/local/lib/python3.10/dist-packages:${PYTHONPATH} /usr/bin/cmake --build /home/araballi/edhitha_ws/build/mavros -- -j16 -l16
[0.669s] Invoking command in '/home/araballi/edhitha_ws/build/mavros': AMENT_PREFIX_PATH=/home/araballi/edhitha_ws/install/mavros_msgs:/home/araballi/edhitha_ws/install/libmavconn:${AMENT_PREFIX_PATH} CMAKE_PREFIX_PATH=/home/araballi/edhitha_ws/install/mavros_msgs:/home/araballi/edhitha_ws/install/libmavconn:/opt/ros/humble LD_LIBRARY_PATH=/home/araballi/edhitha_ws/install/mavros_msgs/lib:/home/araballi/edhitha_ws/install/libmavconn/lib:${LD_LIBRARY_PATH} PYTHONPATH=/home/araballi/edhitha_ws/install/mavros_msgs/local/lib/python3.10/dist-packages:${PYTHONPATH} /usr/bin/cmake --install /home/araballi/edhitha_ws/build/mavros
[0.680s] -- Install configuration: ""
[0.681s] -- Execute custom install script
[0.681s] -- Up-to-date symlink: /home/araballi/edhitha_ws/install/mavros/share/mavros//mavros_plugins.xml
[0.681s] -- Up-to-date symlink: /home/araballi/edhitha_ws/install/mavros/share/mavros/environment/pythonpath.sh
[0.681s] -- Up-to-date symlink: /home/araballi/edhitha_ws/install/mavros/share/mavros/environment/pythonpath.dsv
[0.682s] -- Up-to-date symlink: /home/araballi/edhitha_ws/install/mavros/local/lib/python3.10/dist-packages/mavros-2.10.1-py3.10.egg-info/PKG-INFO
[0.682s] -- Up-to-date symlink: /home/araballi/edhitha_ws/install/mavros/local/lib/python3.10/dist-packages/mavros-2.10.1-py3.10.egg-info/SOURCES.txt
[0.683s] -- Up-to-date symlink: /home/araballi/edhitha_ws/install/mavros/local/lib/python3.10/dist-packages/mavros-2.10.1-py3.10.egg-info/dependency_links.txt
[0.683s] -- Up-to-date symlink: /home/araballi/edhitha_ws/install/mavros/local/lib/python3.10/dist-packages/mavros-2.10.1-py3.10.egg-info/entry_points.txt
[0.683s] -- Up-to-date symlink: /home/araballi/edhitha_ws/install/mavros/local/lib/python3.10/dist-packages/mavros-2.10.1-py3.10.egg-info/top_level.txt
[0.685s] -- Up-to-date symlink: /home/araballi/edhitha_ws/install/mavros/local/lib/python3.10/dist-packages/mavros/__init__.py
[0.685s] -- Up-to-date symlink: /home/araballi/edhitha_ws/install/mavros/local/lib/python3.10/dist-packages/mavros/base.py
[0.686s] -- Up-to-date symlink: /home/araballi/edhitha_ws/install/mavros/local/lib/python3.10/dist-packages/mavros/cmd/__init__.py
[0.686s] -- Up-to-date symlink: /home/araballi/edhitha_ws/install/mavros/local/lib/python3.10/dist-packages/mavros/cmd/__main__.py
[0.686s] -- Up-to-date symlink: /home/araballi/edhitha_ws/install/mavros/local/lib/python3.10/dist-packages/mavros/cmd/checkid.py
[0.687s] -- Up-to-date symlink: /home/araballi/edhitha_ws/install/mavros/local/lib/python3.10/dist-packages/mavros/cmd/cmd.py
[0.687s] -- Up-to-date symlink: /home/araballi/edhitha_ws/install/mavros/local/lib/python3.10/dist-packages/mavros/cmd/ftp.py
[0.688s] -- Up-to-date symlink: /home/araballi/edhitha_ws/install/mavros/local/lib/python3.10/dist-packages/mavros/cmd/mission.py
[0.688s] -- Up-to-date symlink: /home/araballi/edhitha_ws/install/mavros/local/lib/python3.10/dist-packages/mavros/cmd/param.py
[0.688s] -- Up-to-date symlink: /home/araballi/edhitha_ws/install/mavros/local/lib/python3.10/dist-packages/mavros/cmd/safety.py
[0.689s] -- Up-to-date symlink: /home/araballi/edhitha_ws/install/mavros/local/lib/python3.10/dist-packages/mavros/cmd/system.py
[0.689s] -- Up-to-date symlink: /home/araballi/edhitha_ws/install/mavros/local/lib/python3.10/dist-packages/mavros/cmd/utils.py
[0.690s] -- Up-to-date symlink: /home/araballi/edhitha_ws/install/mavros/local/lib/python3.10/dist-packages/mavros/command.py
[0.690s] -- Up-to-date symlink: /home/araballi/edhitha_ws/install/mavros/local/lib/python3.10/dist-packages/mavros/ftp.py
[0.690s] -- Up-to-date symlink: /home/araballi/edhitha_ws/install/mavros/local/lib/python3.10/dist-packages/mavros/global_position.py
[0.691s] -- Up-to-date symlink: /home/araballi/edhitha_ws/install/mavros/local/lib/python3.10/dist-packages/mavros/local_position.py
[0.691s] -- Up-to-date symlink: /home/araballi/edhitha_ws/install/mavros/local/lib/python3.10/dist-packages/mavros/mavlink.py
[0.691s] -- Up-to-date symlink: /home/araballi/edhitha_ws/install/mavros/local/lib/python3.10/dist-packages/mavros/mission.py
[0.692s] -- Up-to-date symlink: /home/araballi/edhitha_ws/install/mavros/local/lib/python3.10/dist-packages/mavros/nuttx_crc32.py
[0.692s] -- Up-to-date symlink: /home/araballi/edhitha_ws/install/mavros/local/lib/python3.10/dist-packages/mavros/param.py
[0.692s] -- Up-to-date symlink: /home/araballi/edhitha_ws/install/mavros/local/lib/python3.10/dist-packages/mavros/setpoint.py
[0.693s] -- Up-to-date symlink: /home/araballi/edhitha_ws/install/mavros/local/lib/python3.10/dist-packages/mavros/system.py
[0.693s] -- Up-to-date symlink: /home/araballi/edhitha_ws/install/mavros/local/lib/python3.10/dist-packages/mavros/utils.py
[0.693s] -- Up-to-date symlink: /home/araballi/edhitha_ws/install/mavros/lib/mavros/mav
[0.693s] -- Up-to-date symlink: /home/araballi/edhitha_ws/install/mavros/lib/mavros/install_geographiclib_datasets.sh
[0.694s] -- Up-to-date symlink: /home/araballi/edhitha_ws/install/mavros/include/mavros/frame_tf.hpp
[0.694s] -- Up-to-date symlink: /home/araballi/edhitha_ws/install/mavros/include/mavros/mavros_plugin_register_macro.hpp
[0.694s] -- Up-to-date symlink: /home/araballi/edhitha_ws/install/mavros/include/mavros/mavros_router.hpp
[0.694s] -- Up-to-date symlink: /home/araballi/edhitha_ws/install/mavros/include/mavros/mavros_uas.hpp
[0.695s] -- Up-to-date symlink: /home/araballi/edhitha_ws/install/mavros/include/mavros/mission_protocol_base.hpp
[0.695s] -- Up-to-date symlink: /home/araballi/edhitha_ws/install/mavros/include/mavros/plugin.hpp
[0.695s] -- Up-to-date symlink: /home/araballi/edhitha_ws/install/mavros/include/mavros/plugin_filter.hpp
[0.695s] -- Up-to-date symlink: /home/araballi/edhitha_ws/install/mavros/include/mavros/px4_custom_mode.hpp
[0.696s] -- Up-to-date symlink: /home/araballi/edhitha_ws/install/mavros/include/mavros/setpoint_mixin.hpp
[0.696s] -- Up-to-date symlink: /home/araballi/edhitha_ws/install/mavros/include/mavros/uas_executor.hpp
[0.696s] -- Up-to-date symlink: /home/araballi/edhitha_ws/install/mavros/include/mavros/utils.hpp
[0.696s] -- Up-to-date symlink: /home/araballi/edhitha_ws/install/mavros/share/mavros/launch/apm.launch
[0.697s] -- Up-to-date symlink: /home/araballi/edhitha_ws/install/mavros/share/mavros/launch/apm_config.yaml
[0.697s] -- Up-to-date symlink: /home/araballi/edhitha_ws/install/mavros/share/mavros/launch/apm_pluginlists.yaml
[0.697s] -- Up-to-date symlink: /home/araballi/edhitha_ws/install/mavros/share/mavros/launch/multi_uas.launch
[0.697s] -- Up-to-date symlink: /home/araballi/edhitha_ws/install/mavros/share/mavros/launch/node.launch
[0.697s] -- Up-to-date symlink: /home/araballi/edhitha_ws/install/mavros/share/mavros/launch/px4.launch
[0.697s] -- Up-to-date symlink: /home/araballi/edhitha_ws/install/mavros/share/mavros/launch/px4_config.yaml
[0.697s] -- Up-to-date symlink: /home/araballi/edhitha_ws/install/mavros/share/mavros/launch/px4_pluginlists.yaml
[0.698s] -- Up-to-date symlink: /home/araballi/edhitha_ws/install/mavros/share/mavros/environment/library_path.sh
[0.698s] -- Up-to-date symlink: /home/araballi/edhitha_ws/install/mavros/share/mavros/environment/library_path.dsv
[0.699s] -- Up-to-date symlink: /home/araballi/edhitha_ws/install/mavros/share/ament_index/resource_index/package_run_dependencies/mavros
[0.699s] -- Up-to-date symlink: /home/araballi/edhitha_ws/install/mavros/share/ament_index/resource_index/parent_prefix_path/mavros
[0.699s] -- Up-to-date symlink: /home/araballi/edhitha_ws/install/mavros/share/mavros/environment/ament_prefix_path.sh
[0.700s] -- Up-to-date symlink: /home/araballi/edhitha_ws/install/mavros/share/mavros/environment/ament_prefix_path.dsv
[0.700s] -- Up-to-date symlink: /home/araballi/edhitha_ws/install/mavros/share/mavros/environment/path.sh
[0.700s] -- Up-to-date symlink: /home/araballi/edhitha_ws/install/mavros/share/mavros/environment/path.dsv
[0.700s] -- Up-to-date symlink: /home/araballi/edhitha_ws/install/mavros/share/mavros/local_setup.bash
[0.701s] -- Up-to-date symlink: /home/araballi/edhitha_ws/install/mavros/share/mavros/local_setup.sh
[0.701s] -- Up-to-date symlink: /home/araballi/edhitha_ws/install/mavros/share/mavros/local_setup.zsh
[0.701s] -- Up-to-date symlink: /home/araballi/edhitha_ws/install/mavros/share/mavros/local_setup.dsv
[0.701s] -- Symlinking: /home/araballi/edhitha_ws/install/mavros/share/mavros/package.dsv
[0.714s] -- Up-to-date symlink: /home/araballi/edhitha_ws/install/mavros/share/ament_index/resource_index/packages/mavros
[0.715s] -- Up-to-date symlink: /home/araballi/edhitha_ws/install/mavros/share/ament_index/resource_index/mavros__pluginlib__plugin/mavros
[0.715s] -- Up-to-date symlink: /home/araballi/edhitha_ws/install/mavros/share/ament_index/resource_index/rclcpp_components/mavros
[0.715s] -- Up-to-date symlink: /home/araballi/edhitha_ws/install/mavros/share/mavros/cmake/ament_cmake_export_include_directories-extras.cmake
[0.716s] -- Up-to-date symlink: /home/araballi/edhitha_ws/install/mavros/share/mavros/cmake/ament_cmake_export_libraries-extras.cmake
[0.716s] -- Up-to-date symlink: /home/araballi/edhitha_ws/install/mavros/share/mavros/cmake/ament_cmake_export_dependencies-extras.cmake
[0.716s] -- Up-to-date symlink: /home/araballi/edhitha_ws/install/mavros/share/mavros/cmake/mavrosConfig.cmake
[0.716s] -- Up-to-date symlink: /home/araballi/edhitha_ws/install/mavros/share/mavros/cmake/mavrosConfig-version.cmake
[0.716s] -- Up-to-date symlink: /home/araballi/edhitha_ws/install/mavros/share/mavros/package.xml
[0.754s] Listing '/home/araballi/edhitha_ws/install/mavros/local/lib/python3.10/dist-packages/mavros'...
[0.754s] Listing '/home/araballi/edhitha_ws/install/mavros/local/lib/python3.10/dist-packages/mavros/cmd'...
[0.758s] -- Up-to-date: /home/araballi/edhitha_ws/install/mavros/lib/libmavros.so
[0.759s] -- Up-to-date: /home/araballi/edhitha_ws/install/mavros/lib/mavros/mavros_node
[0.760s] -- Up-to-date: /home/araballi/edhitha_ws/install/mavros/lib/libmavros_plugins.so
[0.764s] Invoked command in '/home/araballi/edhitha_ws/build/mavros' returned '0': AMENT_PREFIX_PATH=/home/araballi/edhitha_ws/install/mavros_msgs:/home/araballi/edhitha_ws/install/libmavconn:${AMENT_PREFIX_PATH} CMAKE_PREFIX_PATH=/home/araballi/edhitha_ws/install/mavros_msgs:/home/araballi/edhitha_ws/install/libmavconn:/opt/ros/humble LD_LIBRARY_PATH=/home/araballi/edhitha_ws/install/mavros_msgs/lib:/home/araballi/edhitha_ws/install/libmavconn/lib:${LD_LIBRARY_PATH} PYTHONPATH=/home/araballi/edhitha_ws/install/mavros_msgs/local/lib/python3.10/dist-packages:${PYTHONPATH} /usr/bin/cmake --install /home/araballi/edhitha_ws/build/mavros
