[0.400s] DEBUG:colcon:Command line arguments: ['/usr/bin/colcon', 'build']
[0.401s] DEBUG:colcon:Parsed command line arguments: Namespace(log_base=None, log_level=None, verb_name='build', build_base='build', install_base='install', merge_install=False, symlink_install=False, test_result_base=None, continue_on_error=False, executor='parallel', parallel_workers=16, event_handlers=None, ignore_user_meta=False, metas=['./colcon.meta'], base_paths=['.'], packages_ignore=None, packages_ignore_regex=None, paths=None, packages_up_to=None, packages_up_to_regex=None, packages_above=None, packages_above_and_dependencies=None, packages_above_depth=None, packages_select_by_dep=None, packages_skip_by_dep=None, packages_skip_up_to=None, packages_select_build_failed=False, packages_skip_build_finished=False, packages_select_test_failures=False, packages_skip_test_passed=False, packages_select=None, packages_skip=None, packages_select_regex=None, packages_skip_regex=None, packages_start=None, packages_end=None, allow_overriding=[], cmake_args=None, cmake_target=None, cmake_target_skip_unavailable=False, cmake_clean_cache=False, cmake_clean_first=False, cmake_force_configure=False, ament_cmake_args=None, catkin_cmake_args=None, catkin_skip_building_tests=False, verb_parser=<colcon_defaults.argument_parser.defaults.DefaultArgumentsDecorator object at 0x7a4dbc74cee0>, verb_extension=<colcon_core.verb.build.BuildVerb object at 0x7a4dbc852440>, main=<bound method BuildVerb.main of <colcon_core.verb.build.BuildVerb object at 0x7a4dbc852440>>)
[1.017s] Level 1:colcon.colcon_core.package_discovery:discover_packages(colcon_meta) check parameters
[1.017s] Level 1:colcon.colcon_core.package_discovery:discover_packages(recursive) check parameters
[1.017s] Level 1:colcon.colcon_core.package_discovery:discover_packages(ignore) check parameters
[1.017s] Level 1:colcon.colcon_core.package_discovery:discover_packages(path) check parameters
[1.017s] Level 1:colcon.colcon_core.package_discovery:discover_packages(colcon_meta) discover
[1.017s] Level 1:colcon.colcon_core.package_discovery:discover_packages(recursive) discover
[1.017s] INFO:colcon.colcon_core.package_discovery:Crawling recursively for packages in '/home/araballi/edhitha_ws'
[1.018s] Level 1:colcon.colcon_core.package_identification:_identify(.) by extensions ['ignore', 'ignore_ament_install']
[1.018s] Level 1:colcon.colcon_core.package_identification:_identify(.) by extension 'ignore'
[1.018s] Level 1:colcon.colcon_core.package_identification:_identify(.) by extension 'ignore_ament_install'
[1.018s] Level 1:colcon.colcon_core.package_identification:_identify(.) by extensions ['colcon_pkg']
[1.018s] Level 1:colcon.colcon_core.package_identification:_identify(.) by extension 'colcon_pkg'
[1.018s] Level 1:colcon.colcon_core.package_identification:_identify(.) by extensions ['colcon_meta']
[1.018s] Level 1:colcon.colcon_core.package_identification:_identify(.) by extension 'colcon_meta'
[1.018s] Level 1:colcon.colcon_core.package_identification:_identify(.) by extensions ['ros']
[1.018s] Level 1:colcon.colcon_core.package_identification:_identify(.) by extension 'ros'
[1.048s] Level 1:colcon.colcon_core.package_identification:_identify(.) by extensions ['cmake', 'python']
[1.048s] Level 1:colcon.colcon_core.package_identification:_identify(.) by extension 'cmake'
[1.048s] Level 1:colcon.colcon_core.package_identification:_identify(.) by extension 'python'
[1.048s] Level 1:colcon.colcon_core.package_identification:_identify(.) by extensions ['python_setup_py']
[1.048s] Level 1:colcon.colcon_core.package_identification:_identify(.) by extension 'python_setup_py'
[1.049s] Level 1:colcon.colcon_core.package_identification:_identify(build) by extensions ['ignore', 'ignore_ament_install']
[1.049s] Level 1:colcon.colcon_core.package_identification:_identify(build) by extension 'ignore'
[1.049s] Level 1:colcon.colcon_core.package_identification:_identify(build) ignored
[1.049s] Level 1:colcon.colcon_core.package_identification:_identify(install) by extensions ['ignore', 'ignore_ament_install']
[1.049s] Level 1:colcon.colcon_core.package_identification:_identify(install) by extension 'ignore'
[1.049s] Level 1:colcon.colcon_core.package_identification:_identify(install) ignored
[1.050s] Level 1:colcon.colcon_core.package_identification:_identify(log) by extensions ['ignore', 'ignore_ament_install']
[1.050s] Level 1:colcon.colcon_core.package_identification:_identify(log) by extension 'ignore'
[1.050s] Level 1:colcon.colcon_core.package_identification:_identify(log) ignored
[1.050s] Level 1:colcon.colcon_core.package_identification:_identify(src) by extensions ['ignore', 'ignore_ament_install']
[1.050s] Level 1:colcon.colcon_core.package_identification:_identify(src) by extension 'ignore'
[1.051s] Level 1:colcon.colcon_core.package_identification:_identify(src) by extension 'ignore_ament_install'
[1.051s] Level 1:colcon.colcon_core.package_identification:_identify(src) by extensions ['colcon_pkg']
[1.051s] Level 1:colcon.colcon_core.package_identification:_identify(src) by extension 'colcon_pkg'
[1.051s] Level 1:colcon.colcon_core.package_identification:_identify(src) by extensions ['colcon_meta']
[1.051s] Level 1:colcon.colcon_core.package_identification:_identify(src) by extension 'colcon_meta'
[1.051s] Level 1:colcon.colcon_core.package_identification:_identify(src) by extensions ['ros']
[1.051s] Level 1:colcon.colcon_core.package_identification:_identify(src) by extension 'ros'
[1.051s] Level 1:colcon.colcon_core.package_identification:_identify(src) by extensions ['cmake', 'python']
[1.051s] Level 1:colcon.colcon_core.package_identification:_identify(src) by extension 'cmake'
[1.051s] Level 1:colcon.colcon_core.package_identification:_identify(src) by extension 'python'
[1.052s] Level 1:colcon.colcon_core.package_identification:_identify(src) by extensions ['python_setup_py']
[1.052s] Level 1:colcon.colcon_core.package_identification:_identify(src) by extension 'python_setup_py'
[1.052s] Level 1:colcon.colcon_core.package_identification:_identify(src/amrutha) by extensions ['ignore', 'ignore_ament_install']
[1.052s] Level 1:colcon.colcon_core.package_identification:_identify(src/amrutha) by extension 'ignore'
[1.052s] Level 1:colcon.colcon_core.package_identification:_identify(src/amrutha) by extension 'ignore_ament_install'
[1.053s] Level 1:colcon.colcon_core.package_identification:_identify(src/amrutha) by extensions ['colcon_pkg']
[1.053s] Level 1:colcon.colcon_core.package_identification:_identify(src/amrutha) by extension 'colcon_pkg'
[1.053s] Level 1:colcon.colcon_core.package_identification:_identify(src/amrutha) by extensions ['colcon_meta']
[1.053s] Level 1:colcon.colcon_core.package_identification:_identify(src/amrutha) by extension 'colcon_meta'
[1.053s] Level 1:colcon.colcon_core.package_identification:_identify(src/amrutha) by extensions ['ros']
[1.053s] Level 1:colcon.colcon_core.package_identification:_identify(src/amrutha) by extension 'ros'
[1.058s] DEBUG:colcon.colcon_core.package_identification:Package 'src/amrutha' with type 'ros.ament_python' and name 'amrutha'
[1.058s] Level 1:colcon.colcon_core.package_identification:_identify(src/mavros) by extensions ['ignore', 'ignore_ament_install']
[1.058s] Level 1:colcon.colcon_core.package_identification:_identify(src/mavros) by extension 'ignore'
[1.058s] Level 1:colcon.colcon_core.package_identification:_identify(src/mavros) by extension 'ignore_ament_install'
[1.059s] Level 1:colcon.colcon_core.package_identification:_identify(src/mavros) by extensions ['colcon_pkg']
[1.059s] Level 1:colcon.colcon_core.package_identification:_identify(src/mavros) by extension 'colcon_pkg'
[1.059s] Level 1:colcon.colcon_core.package_identification:_identify(src/mavros) by extensions ['colcon_meta']
[1.059s] Level 1:colcon.colcon_core.package_identification:_identify(src/mavros) by extension 'colcon_meta'
[1.059s] Level 1:colcon.colcon_core.package_identification:_identify(src/mavros) by extensions ['ros']
[1.059s] Level 1:colcon.colcon_core.package_identification:_identify(src/mavros) by extension 'ros'
[1.059s] Level 1:colcon.colcon_core.package_identification:_identify(src/mavros) by extensions ['cmake', 'python']
[1.059s] Level 1:colcon.colcon_core.package_identification:_identify(src/mavros) by extension 'cmake'
[1.059s] Level 1:colcon.colcon_core.package_identification:_identify(src/mavros) by extension 'python'
[1.059s] Level 1:colcon.colcon_core.package_identification:_identify(src/mavros) by extensions ['python_setup_py']
[1.060s] Level 1:colcon.colcon_core.package_identification:_identify(src/mavros) by extension 'python_setup_py'
[1.060s] Level 1:colcon.colcon_core.package_identification:_identify(src/mavros/libmavconn) by extensions ['ignore', 'ignore_ament_install']
[1.060s] Level 1:colcon.colcon_core.package_identification:_identify(src/mavros/libmavconn) by extension 'ignore'
[1.060s] Level 1:colcon.colcon_core.package_identification:_identify(src/mavros/libmavconn) by extension 'ignore_ament_install'
[1.060s] Level 1:colcon.colcon_core.package_identification:_identify(src/mavros/libmavconn) by extensions ['colcon_pkg']
[1.061s] Level 1:colcon.colcon_core.package_identification:_identify(src/mavros/libmavconn) by extension 'colcon_pkg'
[1.061s] Level 1:colcon.colcon_core.package_identification:_identify(src/mavros/libmavconn) by extensions ['colcon_meta']
[1.061s] Level 1:colcon.colcon_core.package_identification:_identify(src/mavros/libmavconn) by extension 'colcon_meta'
[1.061s] Level 1:colcon.colcon_core.package_identification:_identify(src/mavros/libmavconn) by extensions ['ros']
[1.061s] Level 1:colcon.colcon_core.package_identification:_identify(src/mavros/libmavconn) by extension 'ros'
[1.063s] DEBUG:colcon.colcon_core.package_identification:Package 'src/mavros/libmavconn' with type 'ros.ament_cmake' and name 'libmavconn'
[1.063s] Level 1:colcon.colcon_core.package_identification:_identify(src/mavros/mavros) by extensions ['ignore', 'ignore_ament_install']
[1.063s] Level 1:colcon.colcon_core.package_identification:_identify(src/mavros/mavros) by extension 'ignore'
[1.063s] Level 1:colcon.colcon_core.package_identification:_identify(src/mavros/mavros) by extension 'ignore_ament_install'
[1.063s] Level 1:colcon.colcon_core.package_identification:_identify(src/mavros/mavros) by extensions ['colcon_pkg']
[1.063s] Level 1:colcon.colcon_core.package_identification:_identify(src/mavros/mavros) by extension 'colcon_pkg'
[1.064s] Level 1:colcon.colcon_core.package_identification:_identify(src/mavros/mavros) by extensions ['colcon_meta']
[1.064s] Level 1:colcon.colcon_core.package_identification:_identify(src/mavros/mavros) by extension 'colcon_meta'
[1.064s] Level 1:colcon.colcon_core.package_identification:_identify(src/mavros/mavros) by extensions ['ros']
[1.064s] Level 1:colcon.colcon_core.package_identification:_identify(src/mavros/mavros) by extension 'ros'
[1.069s] DEBUG:colcon.colcon_core.package_identification:Package 'src/mavros/mavros' with type 'ros.ament_cmake' and name 'mavros'
[1.069s] Level 1:colcon.colcon_core.package_identification:_identify(src/mavros/mavros_extras) by extensions ['ignore', 'ignore_ament_install']
[1.069s] Level 1:colcon.colcon_core.package_identification:_identify(src/mavros/mavros_extras) by extension 'ignore'
[1.070s] Level 1:colcon.colcon_core.package_identification:_identify(src/mavros/mavros_extras) by extension 'ignore_ament_install'
[1.070s] Level 1:colcon.colcon_core.package_identification:_identify(src/mavros/mavros_extras) by extensions ['colcon_pkg']
[1.070s] Level 1:colcon.colcon_core.package_identification:_identify(src/mavros/mavros_extras) by extension 'colcon_pkg'
[1.070s] Level 1:colcon.colcon_core.package_identification:_identify(src/mavros/mavros_extras) by extensions ['colcon_meta']
[1.070s] Level 1:colcon.colcon_core.package_identification:_identify(src/mavros/mavros_extras) by extension 'colcon_meta'
[1.070s] Level 1:colcon.colcon_core.package_identification:_identify(src/mavros/mavros_extras) by extensions ['ros']
[1.070s] Level 1:colcon.colcon_core.package_identification:_identify(src/mavros/mavros_extras) by extension 'ros'
[1.075s] DEBUG:colcon.colcon_core.package_identification:Package 'src/mavros/mavros_extras' with type 'ros.ament_cmake' and name 'mavros_extras'
[1.076s] Level 1:colcon.colcon_core.package_identification:_identify(src/mavros/mavros_msgs) by extensions ['ignore', 'ignore_ament_install']
[1.076s] Level 1:colcon.colcon_core.package_identification:_identify(src/mavros/mavros_msgs) by extension 'ignore'
[1.076s] Level 1:colcon.colcon_core.package_identification:_identify(src/mavros/mavros_msgs) by extension 'ignore_ament_install'
[1.076s] Level 1:colcon.colcon_core.package_identification:_identify(src/mavros/mavros_msgs) by extensions ['colcon_pkg']
[1.076s] Level 1:colcon.colcon_core.package_identification:_identify(src/mavros/mavros_msgs) by extension 'colcon_pkg'
[1.077s] Level 1:colcon.colcon_core.package_identification:_identify(src/mavros/mavros_msgs) by extensions ['colcon_meta']
[1.077s] Level 1:colcon.colcon_core.package_identification:_identify(src/mavros/mavros_msgs) by extension 'colcon_meta'
[1.077s] Level 1:colcon.colcon_core.package_identification:_identify(src/mavros/mavros_msgs) by extensions ['ros']
[1.077s] Level 1:colcon.colcon_core.package_identification:_identify(src/mavros/mavros_msgs) by extension 'ros'
[1.078s] DEBUG:colcon.colcon_core.package_identification:Package 'src/mavros/mavros_msgs' with type 'ros.ament_cmake' and name 'mavros_msgs'
[1.079s] Level 1:colcon.colcon_core.package_identification:_identify(src/mavros/test_mavros) by extensions ['ignore', 'ignore_ament_install']
[1.079s] Level 1:colcon.colcon_core.package_identification:_identify(src/mavros/test_mavros) by extension 'ignore'
[1.079s] Level 1:colcon.colcon_core.package_identification:_identify(src/mavros/test_mavros) ignored
[1.079s] Level 1:colcon.colcon_core.package_discovery:discover_packages(recursive) using defaults
[1.079s] Level 1:colcon.colcon_core.package_discovery:discover_packages(ignore) discover
[1.079s] Level 1:colcon.colcon_core.package_discovery:discover_packages(ignore) using defaults
[1.079s] Level 1:colcon.colcon_core.package_discovery:discover_packages(path) discover
[1.080s] Level 1:colcon.colcon_core.package_discovery:discover_packages(path) using defaults
[1.130s] Level 1:colcon.colcon_core.package_discovery:discover_packages(prefix_path) check parameters
[1.131s] Level 1:colcon.colcon_core.package_discovery:discover_packages(prefix_path) discover
[1.135s] DEBUG:colcon.colcon_installed_package_information.package_discovery:Found 5 installed packages in /home/araballi/edhitha_ws/install
[1.139s] DEBUG:colcon.colcon_installed_package_information.package_discovery:Found 286 installed packages in /opt/ros/humble
[1.142s] Level 1:colcon.colcon_core.package_discovery:discover_packages(prefix_path) using defaults
[1.224s] Level 5:colcon.colcon_core.verb:set package 'amrutha' build argument 'cmake_args' from command line to 'None'
[1.224s] Level 5:colcon.colcon_core.verb:set package 'amrutha' build argument 'cmake_target' from command line to 'None'
[1.224s] Level 5:colcon.colcon_core.verb:set package 'amrutha' build argument 'cmake_target_skip_unavailable' from command line to 'False'
[1.225s] Level 5:colcon.colcon_core.verb:set package 'amrutha' build argument 'cmake_clean_cache' from command line to 'False'
[1.225s] Level 5:colcon.colcon_core.verb:set package 'amrutha' build argument 'cmake_clean_first' from command line to 'False'
[1.225s] Level 5:colcon.colcon_core.verb:set package 'amrutha' build argument 'cmake_force_configure' from command line to 'False'
[1.225s] Level 5:colcon.colcon_core.verb:set package 'amrutha' build argument 'ament_cmake_args' from command line to 'None'
[1.225s] Level 5:colcon.colcon_core.verb:set package 'amrutha' build argument 'catkin_cmake_args' from command line to 'None'
[1.225s] Level 5:colcon.colcon_core.verb:set package 'amrutha' build argument 'catkin_skip_building_tests' from command line to 'False'
[1.225s] DEBUG:colcon.colcon_core.verb:Building package 'amrutha' with the following arguments: {'ament_cmake_args': None, 'build_base': '/home/araballi/edhitha_ws/build/amrutha', 'catkin_cmake_args': None, 'catkin_skip_building_tests': False, 'cmake_args': None, 'cmake_clean_cache': False, 'cmake_clean_first': False, 'cmake_force_configure': False, 'cmake_target': None, 'cmake_target_skip_unavailable': False, 'install_base': '/home/araballi/edhitha_ws/install/amrutha', 'merge_install': False, 'path': '/home/araballi/edhitha_ws/src/amrutha', 'symlink_install': False, 'test_result_base': None}
[1.225s] Level 5:colcon.colcon_core.verb:set package 'libmavconn' build argument 'cmake_args' from command line to 'None'
[1.226s] Level 5:colcon.colcon_core.verb:set package 'libmavconn' build argument 'cmake_target' from command line to 'None'
[1.226s] Level 5:colcon.colcon_core.verb:set package 'libmavconn' build argument 'cmake_target_skip_unavailable' from command line to 'False'
[1.226s] Level 5:colcon.colcon_core.verb:set package 'libmavconn' build argument 'cmake_clean_cache' from command line to 'False'
[1.226s] Level 5:colcon.colcon_core.verb:set package 'libmavconn' build argument 'cmake_clean_first' from command line to 'False'
[1.226s] Level 5:colcon.colcon_core.verb:set package 'libmavconn' build argument 'cmake_force_configure' from command line to 'False'
[1.226s] Level 5:colcon.colcon_core.verb:set package 'libmavconn' build argument 'ament_cmake_args' from command line to 'None'
[1.226s] Level 5:colcon.colcon_core.verb:set package 'libmavconn' build argument 'catkin_cmake_args' from command line to 'None'
[1.226s] Level 5:colcon.colcon_core.verb:set package 'libmavconn' build argument 'catkin_skip_building_tests' from command line to 'False'
[1.226s] DEBUG:colcon.colcon_core.verb:Building package 'libmavconn' with the following arguments: {'ament_cmake_args': None, 'build_base': '/home/araballi/edhitha_ws/build/libmavconn', 'catkin_cmake_args': None, 'catkin_skip_building_tests': False, 'cmake_args': None, 'cmake_clean_cache': False, 'cmake_clean_first': False, 'cmake_force_configure': False, 'cmake_target': None, 'cmake_target_skip_unavailable': False, 'install_base': '/home/araballi/edhitha_ws/install/libmavconn', 'merge_install': False, 'path': '/home/araballi/edhitha_ws/src/mavros/libmavconn', 'symlink_install': False, 'test_result_base': None}
[1.227s] Level 5:colcon.colcon_core.verb:set package 'mavros_msgs' build argument 'cmake_args' from command line to 'None'
[1.227s] Level 5:colcon.colcon_core.verb:set package 'mavros_msgs' build argument 'cmake_target' from command line to 'None'
[1.227s] Level 5:colcon.colcon_core.verb:set package 'mavros_msgs' build argument 'cmake_target_skip_unavailable' from command line to 'False'
[1.227s] Level 5:colcon.colcon_core.verb:set package 'mavros_msgs' build argument 'cmake_clean_cache' from command line to 'False'
[1.227s] Level 5:colcon.colcon_core.verb:set package 'mavros_msgs' build argument 'cmake_clean_first' from command line to 'False'
[1.227s] Level 5:colcon.colcon_core.verb:set package 'mavros_msgs' build argument 'cmake_force_configure' from command line to 'False'
[1.227s] Level 5:colcon.colcon_core.verb:set package 'mavros_msgs' build argument 'ament_cmake_args' from command line to 'None'
[1.227s] Level 5:colcon.colcon_core.verb:set package 'mavros_msgs' build argument 'catkin_cmake_args' from command line to 'None'
[1.227s] Level 5:colcon.colcon_core.verb:set package 'mavros_msgs' build argument 'catkin_skip_building_tests' from command line to 'False'
[1.227s] DEBUG:colcon.colcon_core.verb:Building package 'mavros_msgs' with the following arguments: {'ament_cmake_args': None, 'build_base': '/home/araballi/edhitha_ws/build/mavros_msgs', 'catkin_cmake_args': None, 'catkin_skip_building_tests': False, 'cmake_args': None, 'cmake_clean_cache': False, 'cmake_clean_first': False, 'cmake_force_configure': False, 'cmake_target': None, 'cmake_target_skip_unavailable': False, 'install_base': '/home/araballi/edhitha_ws/install/mavros_msgs', 'merge_install': False, 'path': '/home/araballi/edhitha_ws/src/mavros/mavros_msgs', 'symlink_install': False, 'test_result_base': None}
[1.228s] Level 5:colcon.colcon_core.verb:set package 'mavros' build argument 'cmake_args' from command line to 'None'
[1.228s] Level 5:colcon.colcon_core.verb:set package 'mavros' build argument 'cmake_target' from command line to 'None'
[1.228s] Level 5:colcon.colcon_core.verb:set package 'mavros' build argument 'cmake_target_skip_unavailable' from command line to 'False'
[1.228s] Level 5:colcon.colcon_core.verb:set package 'mavros' build argument 'cmake_clean_cache' from command line to 'False'
[1.228s] Level 5:colcon.colcon_core.verb:set package 'mavros' build argument 'cmake_clean_first' from command line to 'False'
[1.229s] Level 5:colcon.colcon_core.verb:set package 'mavros' build argument 'cmake_force_configure' from command line to 'False'
[1.229s] Level 5:colcon.colcon_core.verb:set package 'mavros' build argument 'ament_cmake_args' from command line to 'None'
[1.229s] Level 5:colcon.colcon_core.verb:set package 'mavros' build argument 'catkin_cmake_args' from command line to 'None'
[1.229s] Level 5:colcon.colcon_core.verb:set package 'mavros' build argument 'catkin_skip_building_tests' from command line to 'False'
[1.229s] DEBUG:colcon.colcon_core.verb:Building package 'mavros' with the following arguments: {'ament_cmake_args': None, 'build_base': '/home/araballi/edhitha_ws/build/mavros', 'catkin_cmake_args': None, 'catkin_skip_building_tests': False, 'cmake_args': None, 'cmake_clean_cache': False, 'cmake_clean_first': False, 'cmake_force_configure': False, 'cmake_target': None, 'cmake_target_skip_unavailable': False, 'install_base': '/home/araballi/edhitha_ws/install/mavros', 'merge_install': False, 'path': '/home/araballi/edhitha_ws/src/mavros/mavros', 'symlink_install': False, 'test_result_base': None}
[1.229s] Level 5:colcon.colcon_core.verb:set package 'mavros_extras' build argument 'cmake_args' from command line to 'None'
[1.229s] Level 5:colcon.colcon_core.verb:set package 'mavros_extras' build argument 'cmake_target' from command line to 'None'
[1.229s] Level 5:colcon.colcon_core.verb:set package 'mavros_extras' build argument 'cmake_target_skip_unavailable' from command line to 'False'
[1.229s] Level 5:colcon.colcon_core.verb:set package 'mavros_extras' build argument 'cmake_clean_cache' from command line to 'False'
[1.229s] Level 5:colcon.colcon_core.verb:set package 'mavros_extras' build argument 'cmake_clean_first' from command line to 'False'
[1.230s] Level 5:colcon.colcon_core.verb:set package 'mavros_extras' build argument 'cmake_force_configure' from command line to 'False'
[1.230s] Level 5:colcon.colcon_core.verb:set package 'mavros_extras' build argument 'ament_cmake_args' from command line to 'None'
[1.230s] Level 5:colcon.colcon_core.verb:set package 'mavros_extras' build argument 'catkin_cmake_args' from command line to 'None'
[1.230s] Level 5:colcon.colcon_core.verb:set package 'mavros_extras' build argument 'catkin_skip_building_tests' from command line to 'False'
[1.230s] DEBUG:colcon.colcon_core.verb:Building package 'mavros_extras' with the following arguments: {'ament_cmake_args': None, 'build_base': '/home/araballi/edhitha_ws/build/mavros_extras', 'catkin_cmake_args': None, 'catkin_skip_building_tests': False, 'cmake_args': None, 'cmake_clean_cache': False, 'cmake_clean_first': False, 'cmake_force_configure': False, 'cmake_target': None, 'cmake_target_skip_unavailable': False, 'install_base': '/home/araballi/edhitha_ws/install/mavros_extras', 'merge_install': False, 'path': '/home/araballi/edhitha_ws/src/mavros/mavros_extras', 'symlink_install': False, 'test_result_base': None}
[1.230s] INFO:colcon.colcon_core.executor:Executing jobs using 'parallel' executor
[1.232s] DEBUG:colcon.colcon_parallel_executor.executor.parallel:run_until_complete
[1.233s] INFO:colcon.colcon_ros.task.ament_cmake.build:Building ROS package in '/home/araballi/edhitha_ws/src/mavros/libmavconn' with build type 'ament_cmake'
[1.233s] INFO:colcon.colcon_cmake.task.cmake.build:Building CMake package in '/home/araballi/edhitha_ws/src/mavros/libmavconn'
[1.240s] INFO:colcon.colcon_core.plugin_system:Skipping extension 'colcon_core.shell.bat': Not used on non-Windows systems
[1.241s] INFO:colcon.colcon_core.shell:Skip shell extension 'powershell' for command environment: Not usable outside of PowerShell
[1.241s] DEBUG:colcon.colcon_core.shell:Skip shell extension 'dsv' for command environment
[1.249s] INFO:colcon.colcon_ros.task.ament_cmake.build:Building ROS package in '/home/araballi/edhitha_ws/src/mavros/mavros_msgs' with build type 'ament_cmake'
[1.249s] INFO:colcon.colcon_cmake.task.cmake.build:Building CMake package in '/home/araballi/edhitha_ws/src/mavros/mavros_msgs'
[1.250s] INFO:colcon.colcon_core.shell:Skip shell extension 'powershell' for command environment: Not usable outside of PowerShell
[1.250s] DEBUG:colcon.colcon_core.shell:Skip shell extension 'dsv' for command environment
[1.261s] INFO:colcon.colcon_ros.task.ament_python.build:Building ROS package in '/home/araballi/edhitha_ws/src/amrutha' with build type 'ament_python'
[1.262s] Level 1:colcon.colcon_core.shell:create_environment_hook('amrutha', 'ament_prefix_path')
[1.262s] INFO:colcon.colcon_core.shell:Creating environment hook '/home/araballi/edhitha_ws/install/amrutha/share/amrutha/hook/ament_prefix_path.ps1'
[1.265s] INFO:colcon.colcon_core.shell:Creating environment descriptor '/home/araballi/edhitha_ws/install/amrutha/share/amrutha/hook/ament_prefix_path.dsv'
[1.266s] INFO:colcon.colcon_core.shell:Creating environment hook '/home/araballi/edhitha_ws/install/amrutha/share/amrutha/hook/ament_prefix_path.sh'
[1.268s] INFO:colcon.colcon_core.shell:Skip shell extension 'powershell' for command environment: Not usable outside of PowerShell
[1.268s] DEBUG:colcon.colcon_core.shell:Skip shell extension 'dsv' for command environment
[1.293s] DEBUG:colcon.colcon_core.event_handler.log_command:Invoking command in '/home/araballi/edhitha_ws/build/libmavconn': CMAKE_PREFIX_PATH=${CMAKE_PREFIX_PATH}:/home/araballi/edhitha_ws/install/amrutha:/opt/ros/humble /usr/bin/cmake --build /home/araballi/edhitha_ws/build/libmavconn -- -j16 -l16
[1.306s] DEBUG:colcon.colcon_core.event_handler.log_command:Invoking command in '/home/araballi/edhitha_ws/build/mavros_msgs': CMAKE_PREFIX_PATH=${CMAKE_PREFIX_PATH}:/home/araballi/edhitha_ws/install/amrutha:/opt/ros/humble /usr/bin/cmake --build /home/araballi/edhitha_ws/build/mavros_msgs -- -j16 -l16
[2.374s] INFO:colcon.colcon_core.task.python.build:Building Python package in '/home/araballi/edhitha_ws/src/amrutha'
[2.375s] INFO:colcon.colcon_core.shell:Skip shell extension 'powershell' for command environment: Not usable outside of PowerShell
[2.375s] DEBUG:colcon.colcon_core.shell:Skip shell extension 'dsv' for command environment
[2.388s] DEBUG:colcon.colcon_core.event_handler.log_command:Invoked command in '/home/araballi/edhitha_ws/build/libmavconn' returned '0': CMAKE_PREFIX_PATH=${CMAKE_PREFIX_PATH}:/home/araballi/edhitha_ws/install/amrutha:/opt/ros/humble /usr/bin/cmake --build /home/araballi/edhitha_ws/build/libmavconn -- -j16 -l16
[2.419s] DEBUG:colcon.colcon_core.event_handler.log_command:Invoking command in '/home/araballi/edhitha_ws/build/libmavconn': CMAKE_PREFIX_PATH=${CMAKE_PREFIX_PATH}:/home/araballi/edhitha_ws/install/amrutha:/opt/ros/humble /usr/bin/cmake --install /home/araballi/edhitha_ws/build/libmavconn
[2.509s] Level 1:colcon.colcon_core.environment:create_environment_scripts_only(libmavconn)
[2.510s] DEBUG:colcon.colcon_core.event_handler.log_command:Invoked command in '/home/araballi/edhitha_ws/build/libmavconn' returned '0': CMAKE_PREFIX_PATH=${CMAKE_PREFIX_PATH}:/home/araballi/edhitha_ws/install/amrutha:/opt/ros/humble /usr/bin/cmake --install /home/araballi/edhitha_ws/build/libmavconn
[2.515s] Level 1:colcon.colcon_core.environment:checking '/home/araballi/edhitha_ws/install/libmavconn' for CMake module files
[2.516s] Level 1:colcon.colcon_core.environment:checking '/home/araballi/edhitha_ws/install/libmavconn' for CMake config files
[2.517s] Level 1:colcon.colcon_core.shell:create_environment_hook('libmavconn', 'cmake_prefix_path')
[2.517s] INFO:colcon.colcon_core.shell:Creating environment hook '/home/araballi/edhitha_ws/install/libmavconn/share/libmavconn/hook/cmake_prefix_path.ps1'
[2.519s] INFO:colcon.colcon_core.shell:Creating environment descriptor '/home/araballi/edhitha_ws/install/libmavconn/share/libmavconn/hook/cmake_prefix_path.dsv'
[2.519s] INFO:colcon.colcon_core.shell:Creating environment hook '/home/araballi/edhitha_ws/install/libmavconn/share/libmavconn/hook/cmake_prefix_path.sh'
[2.521s] Level 1:colcon.colcon_core.environment:checking '/home/araballi/edhitha_ws/install/libmavconn/lib'
[2.522s] Level 1:colcon.colcon_core.shell:create_environment_hook('libmavconn', 'ld_library_path_lib')
[2.522s] INFO:colcon.colcon_core.shell:Creating environment hook '/home/araballi/edhitha_ws/install/libmavconn/share/libmavconn/hook/ld_library_path_lib.ps1'
[2.523s] INFO:colcon.colcon_core.shell:Creating environment descriptor '/home/araballi/edhitha_ws/install/libmavconn/share/libmavconn/hook/ld_library_path_lib.dsv'
[2.524s] INFO:colcon.colcon_core.shell:Creating environment hook '/home/araballi/edhitha_ws/install/libmavconn/share/libmavconn/hook/ld_library_path_lib.sh'
[2.525s] Level 1:colcon.colcon_core.environment:checking '/home/araballi/edhitha_ws/install/libmavconn/bin'
[2.525s] Level 1:colcon.colcon_core.environment:checking '/home/araballi/edhitha_ws/install/libmavconn/lib/pkgconfig/libmavconn.pc'
[2.526s] Level 1:colcon.colcon_core.environment:checking '/home/araballi/edhitha_ws/install/libmavconn/lib/python3.10/site-packages'
[2.527s] Level 1:colcon.colcon_core.environment:checking '/home/araballi/edhitha_ws/install/libmavconn/bin'
[2.528s] INFO:colcon.colcon_core.shell:Creating package script '/home/araballi/edhitha_ws/install/libmavconn/share/libmavconn/package.ps1'
[2.531s] INFO:colcon.colcon_core.shell:Creating package descriptor '/home/araballi/edhitha_ws/install/libmavconn/share/libmavconn/package.dsv'
[2.532s] INFO:colcon.colcon_core.shell:Creating package script '/home/araballi/edhitha_ws/install/libmavconn/share/libmavconn/package.sh'
[2.535s] INFO:colcon.colcon_core.shell:Creating package script '/home/araballi/edhitha_ws/install/libmavconn/share/libmavconn/package.bash'
[2.538s] INFO:colcon.colcon_core.shell:Creating package script '/home/araballi/edhitha_ws/install/libmavconn/share/libmavconn/package.zsh'
[2.540s] Level 1:colcon.colcon_core.environment:create_file_with_runtime_dependencies(/home/araballi/edhitha_ws/install/libmavconn/share/colcon-core/packages/libmavconn)
[2.542s] Level 1:colcon.colcon_core.environment:create_environment_scripts_only(libmavconn)
[2.543s] Level 1:colcon.colcon_core.environment:checking '/home/araballi/edhitha_ws/install/libmavconn' for CMake module files
[2.545s] Level 1:colcon.colcon_core.environment:checking '/home/araballi/edhitha_ws/install/libmavconn' for CMake config files
[2.546s] Level 1:colcon.colcon_core.shell:create_environment_hook('libmavconn', 'cmake_prefix_path')
[2.546s] INFO:colcon.colcon_core.shell:Creating environment hook '/home/araballi/edhitha_ws/install/libmavconn/share/libmavconn/hook/cmake_prefix_path.ps1'
[2.548s] INFO:colcon.colcon_core.shell:Creating environment descriptor '/home/araballi/edhitha_ws/install/libmavconn/share/libmavconn/hook/cmake_prefix_path.dsv'
[2.549s] INFO:colcon.colcon_core.shell:Creating environment hook '/home/araballi/edhitha_ws/install/libmavconn/share/libmavconn/hook/cmake_prefix_path.sh'
[2.550s] Level 1:colcon.colcon_core.environment:checking '/home/araballi/edhitha_ws/install/libmavconn/lib'
[2.550s] Level 1:colcon.colcon_core.shell:create_environment_hook('libmavconn', 'ld_library_path_lib')
[2.551s] INFO:colcon.colcon_core.shell:Creating environment hook '/home/araballi/edhitha_ws/install/libmavconn/share/libmavconn/hook/ld_library_path_lib.ps1'
[2.552s] INFO:colcon.colcon_core.shell:Creating environment descriptor '/home/araballi/edhitha_ws/install/libmavconn/share/libmavconn/hook/ld_library_path_lib.dsv'
[2.553s] INFO:colcon.colcon_core.shell:Creating environment hook '/home/araballi/edhitha_ws/install/libmavconn/share/libmavconn/hook/ld_library_path_lib.sh'
[2.554s] Level 1:colcon.colcon_core.environment:checking '/home/araballi/edhitha_ws/install/libmavconn/bin'
[2.555s] Level 1:colcon.colcon_core.environment:checking '/home/araballi/edhitha_ws/install/libmavconn/lib/pkgconfig/libmavconn.pc'
[2.555s] Level 1:colcon.colcon_core.environment:checking '/home/araballi/edhitha_ws/install/libmavconn/lib/python3.10/site-packages'
[2.556s] Level 1:colcon.colcon_core.environment:checking '/home/araballi/edhitha_ws/install/libmavconn/bin'
[2.558s] INFO:colcon.colcon_core.shell:Creating package script '/home/araballi/edhitha_ws/install/libmavconn/share/libmavconn/package.ps1'
[2.560s] INFO:colcon.colcon_core.shell:Creating package descriptor '/home/araballi/edhitha_ws/install/libmavconn/share/libmavconn/package.dsv'
[2.562s] INFO:colcon.colcon_core.shell:Creating package script '/home/araballi/edhitha_ws/install/libmavconn/share/libmavconn/package.sh'
[2.563s] INFO:colcon.colcon_core.shell:Creating package script '/home/araballi/edhitha_ws/install/libmavconn/share/libmavconn/package.bash'
[2.564s] INFO:colcon.colcon_core.shell:Creating package script '/home/araballi/edhitha_ws/install/libmavconn/share/libmavconn/package.zsh'
[2.566s] Level 1:colcon.colcon_core.environment:create_file_with_runtime_dependencies(/home/araballi/edhitha_ws/install/libmavconn/share/colcon-core/packages/libmavconn)
[3.277s] DEBUG:colcon.colcon_core.event_handler.log_command:Invoked command in '/home/araballi/edhitha_ws/build/mavros_msgs' returned '0': CMAKE_PREFIX_PATH=${CMAKE_PREFIX_PATH}:/home/araballi/edhitha_ws/install/amrutha:/opt/ros/humble /usr/bin/cmake --build /home/araballi/edhitha_ws/build/mavros_msgs -- -j16 -l16
[3.281s] DEBUG:colcon.colcon_core.event_handler.log_command:Invoking command in '/home/araballi/edhitha_ws/build/mavros_msgs': CMAKE_PREFIX_PATH=${CMAKE_PREFIX_PATH}:/home/araballi/edhitha_ws/install/amrutha:/opt/ros/humble /usr/bin/cmake --install /home/araballi/edhitha_ws/build/mavros_msgs
[4.147s] DEBUG:colcon.colcon_core.event_handler.log_command:Invoking command in '/home/araballi/edhitha_ws/src/amrutha': PYTHONPATH=/home/araballi/edhitha_ws/build/amrutha/prefix_override:/usr/lib/python3/dist-packages/colcon_core/task/python/colcon_distutils_commands:/home/araballi/edhitha_ws/install/amrutha/lib/python3.10/site-packages:${PYTHONPATH} /usr/bin/python3 -W ignore:setup.py install is deprecated -W ignore:easy_install command is deprecated setup.py egg_info --egg-base ../../build/amrutha build --build-base /home/araballi/edhitha_ws/build/amrutha/build install --record /home/araballi/edhitha_ws/build/amrutha/install.log --single-version-externally-managed install_data
[4.646s] Level 1:colcon.colcon_core.environment:create_environment_scripts_only(mavros_msgs)
[4.647s] Level 1:colcon.colcon_core.environment:checking '/home/araballi/edhitha_ws/install/mavros_msgs' for CMake module files
[4.648s] DEBUG:colcon.colcon_core.event_handler.log_command:Invoked command in '/home/araballi/edhitha_ws/build/mavros_msgs' returned '0': CMAKE_PREFIX_PATH=${CMAKE_PREFIX_PATH}:/home/araballi/edhitha_ws/install/amrutha:/opt/ros/humble /usr/bin/cmake --install /home/araballi/edhitha_ws/build/mavros_msgs
[4.649s] Level 1:colcon.colcon_core.environment:checking '/home/araballi/edhitha_ws/install/mavros_msgs' for CMake config files
[4.658s] Level 1:colcon.colcon_core.shell:create_environment_hook('mavros_msgs', 'cmake_prefix_path')
[4.659s] INFO:colcon.colcon_core.shell:Creating environment hook '/home/araballi/edhitha_ws/install/mavros_msgs/share/mavros_msgs/hook/cmake_prefix_path.ps1'
[4.660s] INFO:colcon.colcon_core.shell:Creating environment descriptor '/home/araballi/edhitha_ws/install/mavros_msgs/share/mavros_msgs/hook/cmake_prefix_path.dsv'
[4.661s] INFO:colcon.colcon_core.shell:Creating environment hook '/home/araballi/edhitha_ws/install/mavros_msgs/share/mavros_msgs/hook/cmake_prefix_path.sh'
[4.662s] Level 1:colcon.colcon_core.environment:checking '/home/araballi/edhitha_ws/install/mavros_msgs/lib'
[4.662s] Level 1:colcon.colcon_core.shell:create_environment_hook('mavros_msgs', 'ld_library_path_lib')
[4.663s] INFO:colcon.colcon_core.shell:Creating environment hook '/home/araballi/edhitha_ws/install/mavros_msgs/share/mavros_msgs/hook/ld_library_path_lib.ps1'
[4.664s] INFO:colcon.colcon_core.shell:Creating environment descriptor '/home/araballi/edhitha_ws/install/mavros_msgs/share/mavros_msgs/hook/ld_library_path_lib.dsv'
[4.665s] INFO:colcon.colcon_core.shell:Creating environment hook '/home/araballi/edhitha_ws/install/mavros_msgs/share/mavros_msgs/hook/ld_library_path_lib.sh'
[4.666s] Level 1:colcon.colcon_core.environment:checking '/home/araballi/edhitha_ws/install/mavros_msgs/bin'
[4.666s] Level 1:colcon.colcon_core.environment:checking '/home/araballi/edhitha_ws/install/mavros_msgs/lib/pkgconfig/mavros_msgs.pc'
[4.667s] Level 1:colcon.colcon_core.environment:checking '/home/araballi/edhitha_ws/install/mavros_msgs/lib/python3.10/site-packages'
[4.667s] Level 1:colcon.colcon_core.environment:checking '/home/araballi/edhitha_ws/install/mavros_msgs/bin'
[4.668s] INFO:colcon.colcon_core.shell:Creating package script '/home/araballi/edhitha_ws/install/mavros_msgs/share/mavros_msgs/package.ps1'
[4.669s] INFO:colcon.colcon_core.shell:Creating package descriptor '/home/araballi/edhitha_ws/install/mavros_msgs/share/mavros_msgs/package.dsv'
[4.670s] INFO:colcon.colcon_core.shell:Creating package script '/home/araballi/edhitha_ws/install/mavros_msgs/share/mavros_msgs/package.sh'
[4.671s] INFO:colcon.colcon_core.shell:Creating package script '/home/araballi/edhitha_ws/install/mavros_msgs/share/mavros_msgs/package.bash'
[4.672s] INFO:colcon.colcon_core.shell:Creating package script '/home/araballi/edhitha_ws/install/mavros_msgs/share/mavros_msgs/package.zsh'
[4.673s] Level 1:colcon.colcon_core.environment:create_file_with_runtime_dependencies(/home/araballi/edhitha_ws/install/mavros_msgs/share/colcon-core/packages/mavros_msgs)
[4.675s] Level 1:colcon.colcon_core.environment:create_environment_scripts_only(mavros_msgs)
[4.676s] Level 1:colcon.colcon_core.environment:checking '/home/araballi/edhitha_ws/install/mavros_msgs' for CMake module files
[4.678s] Level 1:colcon.colcon_core.environment:checking '/home/araballi/edhitha_ws/install/mavros_msgs' for CMake config files
[4.687s] Level 1:colcon.colcon_core.shell:create_environment_hook('mavros_msgs', 'cmake_prefix_path')
[4.688s] INFO:colcon.colcon_core.shell:Creating environment hook '/home/araballi/edhitha_ws/install/mavros_msgs/share/mavros_msgs/hook/cmake_prefix_path.ps1'
[4.689s] INFO:colcon.colcon_core.shell:Creating environment descriptor '/home/araballi/edhitha_ws/install/mavros_msgs/share/mavros_msgs/hook/cmake_prefix_path.dsv'
[4.690s] INFO:colcon.colcon_core.shell:Creating environment hook '/home/araballi/edhitha_ws/install/mavros_msgs/share/mavros_msgs/hook/cmake_prefix_path.sh'
[4.692s] Level 1:colcon.colcon_core.environment:checking '/home/araballi/edhitha_ws/install/mavros_msgs/lib'
[4.693s] Level 1:colcon.colcon_core.shell:create_environment_hook('mavros_msgs', 'ld_library_path_lib')
[4.694s] INFO:colcon.colcon_core.shell:Creating environment hook '/home/araballi/edhitha_ws/install/mavros_msgs/share/mavros_msgs/hook/ld_library_path_lib.ps1'
[4.695s] INFO:colcon.colcon_core.shell:Creating environment descriptor '/home/araballi/edhitha_ws/install/mavros_msgs/share/mavros_msgs/hook/ld_library_path_lib.dsv'
[4.696s] INFO:colcon.colcon_core.shell:Creating environment hook '/home/araballi/edhitha_ws/install/mavros_msgs/share/mavros_msgs/hook/ld_library_path_lib.sh'
[4.697s] Level 1:colcon.colcon_core.environment:checking '/home/araballi/edhitha_ws/install/mavros_msgs/bin'
[4.697s] Level 1:colcon.colcon_core.environment:checking '/home/araballi/edhitha_ws/install/mavros_msgs/lib/pkgconfig/mavros_msgs.pc'
[4.698s] Level 1:colcon.colcon_core.environment:checking '/home/araballi/edhitha_ws/install/mavros_msgs/lib/python3.10/site-packages'
[4.699s] Level 1:colcon.colcon_core.environment:checking '/home/araballi/edhitha_ws/install/mavros_msgs/bin'
[4.700s] INFO:colcon.colcon_core.shell:Creating package script '/home/araballi/edhitha_ws/install/mavros_msgs/share/mavros_msgs/package.ps1'
[4.702s] INFO:colcon.colcon_core.shell:Creating package descriptor '/home/araballi/edhitha_ws/install/mavros_msgs/share/mavros_msgs/package.dsv'
[4.703s] INFO:colcon.colcon_core.shell:Creating package script '/home/araballi/edhitha_ws/install/mavros_msgs/share/mavros_msgs/package.sh'
[4.705s] INFO:colcon.colcon_core.shell:Creating package script '/home/araballi/edhitha_ws/install/mavros_msgs/share/mavros_msgs/package.bash'
[4.706s] INFO:colcon.colcon_core.shell:Creating package script '/home/araballi/edhitha_ws/install/mavros_msgs/share/mavros_msgs/package.zsh'
[4.708s] Level 1:colcon.colcon_core.environment:create_file_with_runtime_dependencies(/home/araballi/edhitha_ws/install/mavros_msgs/share/colcon-core/packages/mavros_msgs)
[4.709s] INFO:colcon.colcon_ros.task.ament_cmake.build:Building ROS package in '/home/araballi/edhitha_ws/src/mavros/mavros' with build type 'ament_cmake'
[4.710s] INFO:colcon.colcon_cmake.task.cmake.build:Building CMake package in '/home/araballi/edhitha_ws/src/mavros/mavros'
[4.711s] INFO:colcon.colcon_core.shell:Skip shell extension 'powershell' for command environment: Not usable outside of PowerShell
[4.711s] DEBUG:colcon.colcon_core.shell:Skip shell extension 'dsv' for command environment
[4.979s] DEBUG:colcon.colcon_core.event_handler.log_command:Invoking command in '/home/araballi/edhitha_ws/build/mavros': CMAKE_PREFIX_PATH=/home/araballi/edhitha_ws/install/mavros_msgs:/home/araballi/edhitha_ws/install/libmavconn:/home/araballi/edhitha_ws/install/mavros_extras:/home/araballi/edhitha_ws/install/mavros:/home/araballi/edhitha_ws/install/amrutha:/opt/ros/humble LD_LIBRARY_PATH=/home/araballi/edhitha_ws/install/mavros_msgs/lib:/home/araballi/edhitha_ws/install/libmavconn/lib:/home/araballi/edhitha_ws/install/mavros_extras/lib:/home/araballi/edhitha_ws/install/mavros/lib:/usr/lib/x86_64-linux-gnu/gazebo-11/plugins:/opt/ros/humble/opt/rviz_ogre_vendor/lib:/opt/ros/humble/lib/x86_64-linux-gnu:/opt/ros/humble/lib /usr/bin/cmake --build /home/araballi/edhitha_ws/build/mavros -- -j16 -l16
[5.679s] Level 1:colcon.colcon_core.environment:checking '/home/araballi/edhitha_ws/install/amrutha' for CMake module files
[5.680s] DEBUG:colcon.colcon_core.event_handler.log_command:Invoked command in '/home/araballi/edhitha_ws/src/amrutha' returned '0': PYTHONPATH=/home/araballi/edhitha_ws/build/amrutha/prefix_override:/usr/lib/python3/dist-packages/colcon_core/task/python/colcon_distutils_commands:/home/araballi/edhitha_ws/install/amrutha/lib/python3.10/site-packages:${PYTHONPATH} /usr/bin/python3 -W ignore:setup.py install is deprecated -W ignore:easy_install command is deprecated setup.py egg_info --egg-base ../../build/amrutha build --build-base /home/araballi/edhitha_ws/build/amrutha/build install --record /home/araballi/edhitha_ws/build/amrutha/install.log --single-version-externally-managed install_data
[5.682s] Level 1:colcon.colcon_core.environment:checking '/home/araballi/edhitha_ws/install/amrutha' for CMake config files
[5.684s] Level 1:colcon.colcon_core.environment:checking '/home/araballi/edhitha_ws/install/amrutha/lib'
[5.684s] Level 1:colcon.colcon_core.environment:checking '/home/araballi/edhitha_ws/install/amrutha/bin'
[5.684s] Level 1:colcon.colcon_core.environment:checking '/home/araballi/edhitha_ws/install/amrutha/lib/pkgconfig/amrutha.pc'
[5.685s] Level 1:colcon.colcon_core.environment:checking '/home/araballi/edhitha_ws/install/amrutha/lib/python3.10/site-packages'
[5.685s] Level 1:colcon.colcon_core.shell:create_environment_hook('amrutha', 'pythonpath')
[5.685s] INFO:colcon.colcon_core.shell:Creating environment hook '/home/araballi/edhitha_ws/install/amrutha/share/amrutha/hook/pythonpath.ps1'
[5.687s] INFO:colcon.colcon_core.shell:Creating environment descriptor '/home/araballi/edhitha_ws/install/amrutha/share/amrutha/hook/pythonpath.dsv'
[5.688s] INFO:colcon.colcon_core.shell:Creating environment hook '/home/araballi/edhitha_ws/install/amrutha/share/amrutha/hook/pythonpath.sh'
[5.689s] Level 1:colcon.colcon_core.environment:checking '/home/araballi/edhitha_ws/install/amrutha/bin'
[5.689s] Level 1:colcon.colcon_core.environment:create_environment_scripts_only(amrutha)
[5.690s] INFO:colcon.colcon_core.shell:Creating package script '/home/araballi/edhitha_ws/install/amrutha/share/amrutha/package.ps1'
[5.691s] INFO:colcon.colcon_core.shell:Creating package descriptor '/home/araballi/edhitha_ws/install/amrutha/share/amrutha/package.dsv'
[5.692s] INFO:colcon.colcon_core.shell:Creating package script '/home/araballi/edhitha_ws/install/amrutha/share/amrutha/package.sh'
[5.693s] INFO:colcon.colcon_core.shell:Creating package script '/home/araballi/edhitha_ws/install/amrutha/share/amrutha/package.bash'
[5.694s] INFO:colcon.colcon_core.shell:Creating package script '/home/araballi/edhitha_ws/install/amrutha/share/amrutha/package.zsh'
[5.695s] Level 1:colcon.colcon_core.environment:create_file_with_runtime_dependencies(/home/araballi/edhitha_ws/install/amrutha/share/colcon-core/packages/amrutha)
[6.457s] DEBUG:colcon.colcon_core.event_handler.log_command:Invoked command in '/home/araballi/edhitha_ws/build/mavros' returned '0': CMAKE_PREFIX_PATH=/home/araballi/edhitha_ws/install/mavros_msgs:/home/araballi/edhitha_ws/install/libmavconn:/home/araballi/edhitha_ws/install/mavros_extras:/home/araballi/edhitha_ws/install/mavros:/home/araballi/edhitha_ws/install/amrutha:/opt/ros/humble LD_LIBRARY_PATH=/home/araballi/edhitha_ws/install/mavros_msgs/lib:/home/araballi/edhitha_ws/install/libmavconn/lib:/home/araballi/edhitha_ws/install/mavros_extras/lib:/home/araballi/edhitha_ws/install/mavros/lib:/usr/lib/x86_64-linux-gnu/gazebo-11/plugins:/opt/ros/humble/opt/rviz_ogre_vendor/lib:/opt/ros/humble/lib/x86_64-linux-gnu:/opt/ros/humble/lib /usr/bin/cmake --build /home/araballi/edhitha_ws/build/mavros -- -j16 -l16
[6.461s] DEBUG:colcon.colcon_core.event_handler.log_command:Invoking command in '/home/araballi/edhitha_ws/build/mavros': CMAKE_PREFIX_PATH=/home/araballi/edhitha_ws/install/mavros_msgs:/home/araballi/edhitha_ws/install/libmavconn:/home/araballi/edhitha_ws/install/mavros_extras:/home/araballi/edhitha_ws/install/mavros:/home/araballi/edhitha_ws/install/amrutha:/opt/ros/humble LD_LIBRARY_PATH=/home/araballi/edhitha_ws/install/mavros_msgs/lib:/home/araballi/edhitha_ws/install/libmavconn/lib:/home/araballi/edhitha_ws/install/mavros_extras/lib:/home/araballi/edhitha_ws/install/mavros/lib:/usr/lib/x86_64-linux-gnu/gazebo-11/plugins:/opt/ros/humble/opt/rviz_ogre_vendor/lib:/opt/ros/humble/lib/x86_64-linux-gnu:/opt/ros/humble/lib /usr/bin/cmake --install /home/araballi/edhitha_ws/build/mavros
[6.658s] Level 1:colcon.colcon_core.environment:create_environment_scripts_only(mavros)
[6.659s] Level 1:colcon.colcon_core.environment:checking '/home/araballi/edhitha_ws/install/mavros' for CMake module files
[6.661s] DEBUG:colcon.colcon_core.event_handler.log_command:Invoked command in '/home/araballi/edhitha_ws/build/mavros' returned '0': CMAKE_PREFIX_PATH=/home/araballi/edhitha_ws/install/mavros_msgs:/home/araballi/edhitha_ws/install/libmavconn:/home/araballi/edhitha_ws/install/mavros_extras:/home/araballi/edhitha_ws/install/mavros:/home/araballi/edhitha_ws/install/amrutha:/opt/ros/humble LD_LIBRARY_PATH=/home/araballi/edhitha_ws/install/mavros_msgs/lib:/home/araballi/edhitha_ws/install/libmavconn/lib:/home/araballi/edhitha_ws/install/mavros_extras/lib:/home/araballi/edhitha_ws/install/mavros/lib:/usr/lib/x86_64-linux-gnu/gazebo-11/plugins:/opt/ros/humble/opt/rviz_ogre_vendor/lib:/opt/ros/humble/lib/x86_64-linux-gnu:/opt/ros/humble/lib /usr/bin/cmake --install /home/araballi/edhitha_ws/build/mavros
[6.662s] Level 1:colcon.colcon_core.environment:checking '/home/araballi/edhitha_ws/install/mavros' for CMake config files
[6.663s] Level 1:colcon.colcon_core.shell:create_environment_hook('mavros', 'cmake_prefix_path')
[6.663s] INFO:colcon.colcon_core.shell:Creating environment hook '/home/araballi/edhitha_ws/install/mavros/share/mavros/hook/cmake_prefix_path.ps1'
[6.665s] INFO:colcon.colcon_core.shell:Creating environment descriptor '/home/araballi/edhitha_ws/install/mavros/share/mavros/hook/cmake_prefix_path.dsv'
[6.665s] INFO:colcon.colcon_core.shell:Creating environment hook '/home/araballi/edhitha_ws/install/mavros/share/mavros/hook/cmake_prefix_path.sh'
[6.666s] Level 1:colcon.colcon_core.environment:checking '/home/araballi/edhitha_ws/install/mavros/lib'
[6.667s] Level 1:colcon.colcon_core.shell:create_environment_hook('mavros', 'ld_library_path_lib')
[6.667s] INFO:colcon.colcon_core.shell:Creating environment hook '/home/araballi/edhitha_ws/install/mavros/share/mavros/hook/ld_library_path_lib.ps1'
[6.668s] INFO:colcon.colcon_core.shell:Creating environment descriptor '/home/araballi/edhitha_ws/install/mavros/share/mavros/hook/ld_library_path_lib.dsv'
[6.669s] INFO:colcon.colcon_core.shell:Creating environment hook '/home/araballi/edhitha_ws/install/mavros/share/mavros/hook/ld_library_path_lib.sh'
[6.670s] Level 1:colcon.colcon_core.environment:checking '/home/araballi/edhitha_ws/install/mavros/bin'
[6.670s] Level 1:colcon.colcon_core.environment:checking '/home/araballi/edhitha_ws/install/mavros/lib/pkgconfig/mavros.pc'
[6.670s] Level 1:colcon.colcon_core.environment:checking '/home/araballi/edhitha_ws/install/mavros/lib/python3.10/site-packages'
[6.671s] Level 1:colcon.colcon_core.environment:checking '/home/araballi/edhitha_ws/install/mavros/bin'
[6.671s] INFO:colcon.colcon_core.shell:Creating package script '/home/araballi/edhitha_ws/install/mavros/share/mavros/package.ps1'
[6.672s] INFO:colcon.colcon_core.shell:Creating package descriptor '/home/araballi/edhitha_ws/install/mavros/share/mavros/package.dsv'
[6.673s] INFO:colcon.colcon_core.shell:Creating package script '/home/araballi/edhitha_ws/install/mavros/share/mavros/package.sh'
[6.674s] INFO:colcon.colcon_core.shell:Creating package script '/home/araballi/edhitha_ws/install/mavros/share/mavros/package.bash'
[6.675s] INFO:colcon.colcon_core.shell:Creating package script '/home/araballi/edhitha_ws/install/mavros/share/mavros/package.zsh'
[6.676s] Level 1:colcon.colcon_core.environment:create_file_with_runtime_dependencies(/home/araballi/edhitha_ws/install/mavros/share/colcon-core/packages/mavros)
[6.678s] Level 1:colcon.colcon_core.environment:create_environment_scripts_only(mavros)
[6.678s] Level 1:colcon.colcon_core.environment:checking '/home/araballi/edhitha_ws/install/mavros' for CMake module files
[6.679s] Level 1:colcon.colcon_core.environment:checking '/home/araballi/edhitha_ws/install/mavros' for CMake config files
[6.680s] Level 1:colcon.colcon_core.shell:create_environment_hook('mavros', 'cmake_prefix_path')
[6.681s] INFO:colcon.colcon_core.shell:Creating environment hook '/home/araballi/edhitha_ws/install/mavros/share/mavros/hook/cmake_prefix_path.ps1'
[6.717s] INFO:colcon.colcon_core.shell:Creating environment descriptor '/home/araballi/edhitha_ws/install/mavros/share/mavros/hook/cmake_prefix_path.dsv'
[6.718s] INFO:colcon.colcon_core.shell:Creating environment hook '/home/araballi/edhitha_ws/install/mavros/share/mavros/hook/cmake_prefix_path.sh'
[6.720s] Level 1:colcon.colcon_core.environment:checking '/home/araballi/edhitha_ws/install/mavros/lib'
[6.720s] Level 1:colcon.colcon_core.shell:create_environment_hook('mavros', 'ld_library_path_lib')
[6.721s] INFO:colcon.colcon_core.shell:Creating environment hook '/home/araballi/edhitha_ws/install/mavros/share/mavros/hook/ld_library_path_lib.ps1'
[6.722s] INFO:colcon.colcon_core.shell:Creating environment descriptor '/home/araballi/edhitha_ws/install/mavros/share/mavros/hook/ld_library_path_lib.dsv'
[6.723s] INFO:colcon.colcon_core.shell:Creating environment hook '/home/araballi/edhitha_ws/install/mavros/share/mavros/hook/ld_library_path_lib.sh'
[6.724s] Level 1:colcon.colcon_core.environment:checking '/home/araballi/edhitha_ws/install/mavros/bin'
[6.725s] Level 1:colcon.colcon_core.environment:checking '/home/araballi/edhitha_ws/install/mavros/lib/pkgconfig/mavros.pc'
[6.725s] Level 1:colcon.colcon_core.environment:checking '/home/araballi/edhitha_ws/install/mavros/lib/python3.10/site-packages'
[6.726s] Level 1:colcon.colcon_core.environment:checking '/home/araballi/edhitha_ws/install/mavros/bin'
[6.727s] INFO:colcon.colcon_core.shell:Creating package script '/home/araballi/edhitha_ws/install/mavros/share/mavros/package.ps1'
[6.728s] INFO:colcon.colcon_core.shell:Creating package descriptor '/home/araballi/edhitha_ws/install/mavros/share/mavros/package.dsv'
[6.730s] INFO:colcon.colcon_core.shell:Creating package script '/home/araballi/edhitha_ws/install/mavros/share/mavros/package.sh'
[6.731s] INFO:colcon.colcon_core.shell:Creating package script '/home/araballi/edhitha_ws/install/mavros/share/mavros/package.bash'
[6.733s] INFO:colcon.colcon_core.shell:Creating package script '/home/araballi/edhitha_ws/install/mavros/share/mavros/package.zsh'
[6.734s] Level 1:colcon.colcon_core.environment:create_file_with_runtime_dependencies(/home/araballi/edhitha_ws/install/mavros/share/colcon-core/packages/mavros)
[6.736s] INFO:colcon.colcon_ros.task.ament_cmake.build:Building ROS package in '/home/araballi/edhitha_ws/src/mavros/mavros_extras' with build type 'ament_cmake'
[6.736s] INFO:colcon.colcon_cmake.task.cmake.build:Building CMake package in '/home/araballi/edhitha_ws/src/mavros/mavros_extras'
[6.737s] INFO:colcon.colcon_core.shell:Skip shell extension 'powershell' for command environment: Not usable outside of PowerShell
[6.737s] DEBUG:colcon.colcon_core.shell:Skip shell extension 'dsv' for command environment
[7.124s] DEBUG:colcon.colcon_core.event_handler.log_command:Invoking command in '/home/araballi/edhitha_ws/build/mavros_extras': CMAKE_PREFIX_PATH=/home/araballi/edhitha_ws/install/mavros:/home/araballi/edhitha_ws/install/mavros_msgs:/home/araballi/edhitha_ws/install/libmavconn:/home/araballi/edhitha_ws/install/mavros_extras:/home/araballi/edhitha_ws/install/amrutha:/opt/ros/humble LD_LIBRARY_PATH=/home/araballi/edhitha_ws/install/mavros/lib:/home/araballi/edhitha_ws/install/mavros_msgs/lib:/home/araballi/edhitha_ws/install/libmavconn/lib:/home/araballi/edhitha_ws/install/mavros_extras/lib:/usr/lib/x86_64-linux-gnu/gazebo-11/plugins:/opt/ros/humble/opt/rviz_ogre_vendor/lib:/opt/ros/humble/lib/x86_64-linux-gnu:/opt/ros/humble/lib /usr/bin/cmake --build /home/araballi/edhitha_ws/build/mavros_extras -- -j16 -l16
[7.592s] DEBUG:colcon.colcon_core.event_handler.log_command:Invoked command in '/home/araballi/edhitha_ws/build/mavros_extras' returned '0': CMAKE_PREFIX_PATH=/home/araballi/edhitha_ws/install/mavros:/home/araballi/edhitha_ws/install/mavros_msgs:/home/araballi/edhitha_ws/install/libmavconn:/home/araballi/edhitha_ws/install/mavros_extras:/home/araballi/edhitha_ws/install/amrutha:/opt/ros/humble LD_LIBRARY_PATH=/home/araballi/edhitha_ws/install/mavros/lib:/home/araballi/edhitha_ws/install/mavros_msgs/lib:/home/araballi/edhitha_ws/install/libmavconn/lib:/home/araballi/edhitha_ws/install/mavros_extras/lib:/usr/lib/x86_64-linux-gnu/gazebo-11/plugins:/opt/ros/humble/opt/rviz_ogre_vendor/lib:/opt/ros/humble/lib/x86_64-linux-gnu:/opt/ros/humble/lib /usr/bin/cmake --build /home/araballi/edhitha_ws/build/mavros_extras -- -j16 -l16
[7.597s] DEBUG:colcon.colcon_core.event_handler.log_command:Invoking command in '/home/araballi/edhitha_ws/build/mavros_extras': CMAKE_PREFIX_PATH=/home/araballi/edhitha_ws/install/mavros:/home/araballi/edhitha_ws/install/mavros_msgs:/home/araballi/edhitha_ws/install/libmavconn:/home/araballi/edhitha_ws/install/mavros_extras:/home/araballi/edhitha_ws/install/amrutha:/opt/ros/humble LD_LIBRARY_PATH=/home/araballi/edhitha_ws/install/mavros/lib:/home/araballi/edhitha_ws/install/mavros_msgs/lib:/home/araballi/edhitha_ws/install/libmavconn/lib:/home/araballi/edhitha_ws/install/mavros_extras/lib:/usr/lib/x86_64-linux-gnu/gazebo-11/plugins:/opt/ros/humble/opt/rviz_ogre_vendor/lib:/opt/ros/humble/lib/x86_64-linux-gnu:/opt/ros/humble/lib /usr/bin/cmake --install /home/araballi/edhitha_ws/build/mavros_extras
[7.670s] Level 1:colcon.colcon_core.environment:create_environment_scripts_only(mavros_extras)
[7.671s] Level 1:colcon.colcon_core.environment:checking '/home/araballi/edhitha_ws/install/mavros_extras' for CMake module files
[7.673s] DEBUG:colcon.colcon_core.event_handler.log_command:Invoked command in '/home/araballi/edhitha_ws/build/mavros_extras' returned '0': CMAKE_PREFIX_PATH=/home/araballi/edhitha_ws/install/mavros:/home/araballi/edhitha_ws/install/mavros_msgs:/home/araballi/edhitha_ws/install/libmavconn:/home/araballi/edhitha_ws/install/mavros_extras:/home/araballi/edhitha_ws/install/amrutha:/opt/ros/humble LD_LIBRARY_PATH=/home/araballi/edhitha_ws/install/mavros/lib:/home/araballi/edhitha_ws/install/mavros_msgs/lib:/home/araballi/edhitha_ws/install/libmavconn/lib:/home/araballi/edhitha_ws/install/mavros_extras/lib:/usr/lib/x86_64-linux-gnu/gazebo-11/plugins:/opt/ros/humble/opt/rviz_ogre_vendor/lib:/opt/ros/humble/lib/x86_64-linux-gnu:/opt/ros/humble/lib /usr/bin/cmake --install /home/araballi/edhitha_ws/build/mavros_extras
[7.674s] Level 1:colcon.colcon_core.environment:checking '/home/araballi/edhitha_ws/install/mavros_extras' for CMake config files
[7.675s] Level 1:colcon.colcon_core.shell:create_environment_hook('mavros_extras', 'cmake_prefix_path')
[7.675s] INFO:colcon.colcon_core.shell:Creating environment hook '/home/araballi/edhitha_ws/install/mavros_extras/share/mavros_extras/hook/cmake_prefix_path.ps1'
[7.676s] INFO:colcon.colcon_core.shell:Creating environment descriptor '/home/araballi/edhitha_ws/install/mavros_extras/share/mavros_extras/hook/cmake_prefix_path.dsv'
[7.677s] INFO:colcon.colcon_core.shell:Creating environment hook '/home/araballi/edhitha_ws/install/mavros_extras/share/mavros_extras/hook/cmake_prefix_path.sh'
[7.678s] Level 1:colcon.colcon_core.environment:checking '/home/araballi/edhitha_ws/install/mavros_extras/lib'
[7.678s] Level 1:colcon.colcon_core.shell:create_environment_hook('mavros_extras', 'ld_library_path_lib')
[7.679s] INFO:colcon.colcon_core.shell:Creating environment hook '/home/araballi/edhitha_ws/install/mavros_extras/share/mavros_extras/hook/ld_library_path_lib.ps1'
[7.680s] INFO:colcon.colcon_core.shell:Creating environment descriptor '/home/araballi/edhitha_ws/install/mavros_extras/share/mavros_extras/hook/ld_library_path_lib.dsv'
[7.680s] INFO:colcon.colcon_core.shell:Creating environment hook '/home/araballi/edhitha_ws/install/mavros_extras/share/mavros_extras/hook/ld_library_path_lib.sh'
[7.681s] Level 1:colcon.colcon_core.environment:checking '/home/araballi/edhitha_ws/install/mavros_extras/bin'
[7.681s] Level 1:colcon.colcon_core.environment:checking '/home/araballi/edhitha_ws/install/mavros_extras/lib/pkgconfig/mavros_extras.pc'
[7.682s] Level 1:colcon.colcon_core.environment:checking '/home/araballi/edhitha_ws/install/mavros_extras/lib/python3.10/site-packages'
[7.682s] Level 1:colcon.colcon_core.environment:checking '/home/araballi/edhitha_ws/install/mavros_extras/bin'
[7.683s] INFO:colcon.colcon_core.shell:Creating package script '/home/araballi/edhitha_ws/install/mavros_extras/share/mavros_extras/package.ps1'
[7.684s] INFO:colcon.colcon_core.shell:Creating package descriptor '/home/araballi/edhitha_ws/install/mavros_extras/share/mavros_extras/package.dsv'
[7.685s] INFO:colcon.colcon_core.shell:Creating package script '/home/araballi/edhitha_ws/install/mavros_extras/share/mavros_extras/package.sh'
[7.686s] INFO:colcon.colcon_core.shell:Creating package script '/home/araballi/edhitha_ws/install/mavros_extras/share/mavros_extras/package.bash'
[7.687s] INFO:colcon.colcon_core.shell:Creating package script '/home/araballi/edhitha_ws/install/mavros_extras/share/mavros_extras/package.zsh'
[7.688s] Level 1:colcon.colcon_core.environment:create_file_with_runtime_dependencies(/home/araballi/edhitha_ws/install/mavros_extras/share/colcon-core/packages/mavros_extras)
[7.689s] Level 1:colcon.colcon_core.environment:create_environment_scripts_only(mavros_extras)
[7.690s] Level 1:colcon.colcon_core.environment:checking '/home/araballi/edhitha_ws/install/mavros_extras' for CMake module files
[7.691s] Level 1:colcon.colcon_core.environment:checking '/home/araballi/edhitha_ws/install/mavros_extras' for CMake config files
[7.692s] Level 1:colcon.colcon_core.shell:create_environment_hook('mavros_extras', 'cmake_prefix_path')
[7.693s] INFO:colcon.colcon_core.shell:Creating environment hook '/home/araballi/edhitha_ws/install/mavros_extras/share/mavros_extras/hook/cmake_prefix_path.ps1'
[7.729s] INFO:colcon.colcon_core.shell:Creating environment descriptor '/home/araballi/edhitha_ws/install/mavros_extras/share/mavros_extras/hook/cmake_prefix_path.dsv'
[7.730s] INFO:colcon.colcon_core.shell:Creating environment hook '/home/araballi/edhitha_ws/install/mavros_extras/share/mavros_extras/hook/cmake_prefix_path.sh'
[7.732s] Level 1:colcon.colcon_core.environment:checking '/home/araballi/edhitha_ws/install/mavros_extras/lib'
[7.732s] Level 1:colcon.colcon_core.shell:create_environment_hook('mavros_extras', 'ld_library_path_lib')
[7.732s] INFO:colcon.colcon_core.shell:Creating environment hook '/home/araballi/edhitha_ws/install/mavros_extras/share/mavros_extras/hook/ld_library_path_lib.ps1'
[7.734s] INFO:colcon.colcon_core.shell:Creating environment descriptor '/home/araballi/edhitha_ws/install/mavros_extras/share/mavros_extras/hook/ld_library_path_lib.dsv'
[7.735s] INFO:colcon.colcon_core.shell:Creating environment hook '/home/araballi/edhitha_ws/install/mavros_extras/share/mavros_extras/hook/ld_library_path_lib.sh'
[7.738s] Level 1:colcon.colcon_core.environment:checking '/home/araballi/edhitha_ws/install/mavros_extras/bin'
[7.738s] Level 1:colcon.colcon_core.environment:checking '/home/araballi/edhitha_ws/install/mavros_extras/lib/pkgconfig/mavros_extras.pc'
[7.739s] Level 1:colcon.colcon_core.environment:checking '/home/araballi/edhitha_ws/install/mavros_extras/lib/python3.10/site-packages'
[7.739s] Level 1:colcon.colcon_core.environment:checking '/home/araballi/edhitha_ws/install/mavros_extras/bin'
[7.740s] INFO:colcon.colcon_core.shell:Creating package script '/home/araballi/edhitha_ws/install/mavros_extras/share/mavros_extras/package.ps1'
[7.742s] INFO:colcon.colcon_core.shell:Creating package descriptor '/home/araballi/edhitha_ws/install/mavros_extras/share/mavros_extras/package.dsv'
[7.743s] INFO:colcon.colcon_core.shell:Creating package script '/home/araballi/edhitha_ws/install/mavros_extras/share/mavros_extras/package.sh'
[7.745s] INFO:colcon.colcon_core.shell:Creating package script '/home/araballi/edhitha_ws/install/mavros_extras/share/mavros_extras/package.bash'
[7.746s] INFO:colcon.colcon_core.shell:Creating package script '/home/araballi/edhitha_ws/install/mavros_extras/share/mavros_extras/package.zsh'
[7.747s] Level 1:colcon.colcon_core.environment:create_file_with_runtime_dependencies(/home/araballi/edhitha_ws/install/mavros_extras/share/colcon-core/packages/mavros_extras)
[7.747s] DEBUG:colcon.colcon_parallel_executor.executor.parallel:closing loop
[7.748s] DEBUG:colcon.colcon_parallel_executor.executor.parallel:loop closed
[7.748s] DEBUG:colcon.colcon_parallel_executor.executor.parallel:run_until_complete finished with '0'
[7.749s] DEBUG:colcon.colcon_core.event_reactor:joining thread
[7.824s] INFO:colcon.colcon_core.plugin_system:Skipping extension 'colcon_notification.desktop_notification.notify_send': Could not find 'notify-send'
[7.825s] INFO:colcon.colcon_core.plugin_system:Skipping extension 'colcon_notification.desktop_notification.terminal_notifier': Not used on non-Darwin systems
[7.825s] INFO:colcon.colcon_core.plugin_system:Skipping extension 'colcon_notification.desktop_notification.win32': Not used on non-Windows systems
[7.825s] INFO:colcon.colcon_notification.desktop_notification:Sending desktop notification using 'notify2'
[7.826s] DEBUG:colcon.colcon_notification.desktop_notification.notify2:Failed to initialize notify2: org.freedesktop.DBus.Error.FileNotFound: Failed to connect to socket /run/user/1000/bus: No such file or directory
[7.826s] DEBUG:colcon.colcon_core.event_reactor:joined thread
[7.827s] INFO:colcon.colcon_core.shell:Creating prefix script '/home/araballi/edhitha_ws/install/local_setup.ps1'
[7.829s] INFO:colcon.colcon_core.shell:Creating prefix util module '/home/araballi/edhitha_ws/install/_local_setup_util_ps1.py'
[7.832s] INFO:colcon.colcon_core.shell:Creating prefix chain script '/home/araballi/edhitha_ws/install/setup.ps1'
[7.834s] INFO:colcon.colcon_core.shell:Creating prefix script '/home/araballi/edhitha_ws/install/local_setup.sh'
[7.836s] INFO:colcon.colcon_core.shell:Creating prefix util module '/home/araballi/edhitha_ws/install/_local_setup_util_sh.py'
[7.837s] INFO:colcon.colcon_core.shell:Creating prefix chain script '/home/araballi/edhitha_ws/install/setup.sh'
[7.840s] INFO:colcon.colcon_core.shell:Creating prefix script '/home/araballi/edhitha_ws/install/local_setup.bash'
[7.841s] INFO:colcon.colcon_core.shell:Creating prefix chain script '/home/araballi/edhitha_ws/install/setup.bash'
[7.844s] INFO:colcon.colcon_core.shell:Creating prefix script '/home/araballi/edhitha_ws/install/local_setup.zsh'
[7.845s] INFO:colcon.colcon_core.shell:Creating prefix chain script '/home/araballi/edhitha_ws/install/setup.zsh'
