[0.264s] Invoking command in '/home/araballi/edhitha_ws/build/mavros': CMAKE_PREFIX_PATH=/home/araballi/edhitha_ws/install/mavros_msgs:/home/araballi/edhitha_ws/install/libmavconn:/home/araballi/edhitha_ws/install/mavros_extras:/home/araballi/edhitha_ws/install/mavros:/home/araballi/edhitha_ws/install/amrutha:/opt/ros/humble LD_LIBRARY_PATH=/home/araballi/edhitha_ws/install/mavros_msgs/lib:/home/araballi/edhitha_ws/install/libmavconn/lib:/home/araballi/edhitha_ws/install/mavros_extras/lib:/home/araballi/edhitha_ws/install/mavros/lib:/usr/lib/x86_64-linux-gnu/gazebo-11/plugins:/opt/ros/humble/opt/rviz_ogre_vendor/lib:/opt/ros/humble/lib/x86_64-linux-gnu:/opt/ros/humble/lib /usr/bin/cmake --build /home/araballi/edhitha_ws/build/mavros -- -j16 -l16
[0.444s] [  3%] Built target gtest_main
[0.446s] [  6%] Built target gmock_main
[0.447s] [  9%] Built target gtest
[0.453s] [ 14%] Built target gmock
[0.463s] [ 14%] Built target ament_cmake_python_symlink_mavros_setup
[0.464s] [ 14%] Built target ament_cmake_python_symlink_mavros
[0.546s] [ 37%] Built target mavros
[0.647s] [ 40%] Built target libmavros-frame-conversions-test
[0.652s] [ 43%] Built target libmavros-quaternion-utils-test
[0.655s] [ 46%] Built target libmavros-sensor-orientation-test
[0.657s] [ 50%] Built target mavros-router-test
[0.662s] [ 53%] Built target mavros_node
[0.662s] [ 56%] Built target mavros-uas-test
[0.826s] [100%] Built target mavros_plugins
[1.409s] running egg_info
[1.478s] writing mavros.egg-info/PKG-INFO
[1.479s] writing dependency_links to mavros.egg-info/dependency_links.txt
[1.480s] writing entry points to mavros.egg-info/entry_points.txt
[1.481s] writing top-level names to mavros.egg-info/top_level.txt
[1.593s] reading manifest file 'mavros.egg-info/SOURCES.txt'
[1.595s] writing manifest file 'mavros.egg-info/SOURCES.txt'
[1.701s] [100%] Built target ament_cmake_python_build_mavros_egg
[1.741s] Invoked command in '/home/araballi/edhitha_ws/build/mavros' returned '0': CMAKE_PREFIX_PATH=/home/araballi/edhitha_ws/install/mavros_msgs:/home/araballi/edhitha_ws/install/libmavconn:/home/araballi/edhitha_ws/install/mavros_extras:/home/araballi/edhitha_ws/install/mavros:/home/araballi/edhitha_ws/install/amrutha:/opt/ros/humble LD_LIBRARY_PATH=/home/araballi/edhitha_ws/install/mavros_msgs/lib:/home/araballi/edhitha_ws/install/libmavconn/lib:/home/araballi/edhitha_ws/install/mavros_extras/lib:/home/araballi/edhitha_ws/install/mavros/lib:/usr/lib/x86_64-linux-gnu/gazebo-11/plugins:/opt/ros/humble/opt/rviz_ogre_vendor/lib:/opt/ros/humble/lib/x86_64-linux-gnu:/opt/ros/humble/lib /usr/bin/cmake --build /home/araballi/edhitha_ws/build/mavros -- -j16 -l16
[1.746s] Invoking command in '/home/araballi/edhitha_ws/build/mavros': CMAKE_PREFIX_PATH=/home/araballi/edhitha_ws/install/mavros_msgs:/home/araballi/edhitha_ws/install/libmavconn:/home/araballi/edhitha_ws/install/mavros_extras:/home/araballi/edhitha_ws/install/mavros:/home/araballi/edhitha_ws/install/amrutha:/opt/ros/humble LD_LIBRARY_PATH=/home/araballi/edhitha_ws/install/mavros_msgs/lib:/home/araballi/edhitha_ws/install/libmavconn/lib:/home/araballi/edhitha_ws/install/mavros_extras/lib:/home/araballi/edhitha_ws/install/mavros/lib:/usr/lib/x86_64-linux-gnu/gazebo-11/plugins:/opt/ros/humble/opt/rviz_ogre_vendor/lib:/opt/ros/humble/lib/x86_64-linux-gnu:/opt/ros/humble/lib /usr/bin/cmake --install /home/araballi/edhitha_ws/build/mavros
[1.770s] -- Install configuration: ""
[1.771s] -- Execute custom install script
[1.772s] -- Up-to-date symlink: /home/araballi/edhitha_ws/install/mavros/share/mavros//mavros_plugins.xml
[1.773s] -- Up-to-date symlink: /home/araballi/edhitha_ws/install/mavros/share/mavros/environment/pythonpath.sh
[1.773s] -- Up-to-date symlink: /home/araballi/edhitha_ws/install/mavros/share/mavros/environment/pythonpath.dsv
[1.774s] -- Up-to-date symlink: /home/araballi/edhitha_ws/install/mavros/local/lib/python3.10/dist-packages/mavros-2.10.1-py3.10.egg-info/PKG-INFO
[1.774s] -- Up-to-date symlink: /home/araballi/edhitha_ws/install/mavros/local/lib/python3.10/dist-packages/mavros-2.10.1-py3.10.egg-info/SOURCES.txt
[1.775s] -- Up-to-date symlink: /home/araballi/edhitha_ws/install/mavros/local/lib/python3.10/dist-packages/mavros-2.10.1-py3.10.egg-info/dependency_links.txt
[1.775s] -- Up-to-date symlink: /home/araballi/edhitha_ws/install/mavros/local/lib/python3.10/dist-packages/mavros-2.10.1-py3.10.egg-info/entry_points.txt
[1.776s] -- Up-to-date symlink: /home/araballi/edhitha_ws/install/mavros/local/lib/python3.10/dist-packages/mavros-2.10.1-py3.10.egg-info/top_level.txt
[1.778s] -- Up-to-date symlink: /home/araballi/edhitha_ws/install/mavros/local/lib/python3.10/dist-packages/mavros/__init__.py
[1.778s] -- Up-to-date symlink: /home/araballi/edhitha_ws/install/mavros/local/lib/python3.10/dist-packages/mavros/base.py
[1.779s] -- Up-to-date symlink: /home/araballi/edhitha_ws/install/mavros/local/lib/python3.10/dist-packages/mavros/cmd/__init__.py
[1.779s] -- Up-to-date symlink: /home/araballi/edhitha_ws/install/mavros/local/lib/python3.10/dist-packages/mavros/cmd/__main__.py
[1.780s] -- Up-to-date symlink: /home/araballi/edhitha_ws/install/mavros/local/lib/python3.10/dist-packages/mavros/cmd/checkid.py
[1.780s] -- Up-to-date symlink: /home/araballi/edhitha_ws/install/mavros/local/lib/python3.10/dist-packages/mavros/cmd/cmd.py
[1.781s] -- Up-to-date symlink: /home/araballi/edhitha_ws/install/mavros/local/lib/python3.10/dist-packages/mavros/cmd/ftp.py
[1.781s] -- Up-to-date symlink: /home/araballi/edhitha_ws/install/mavros/local/lib/python3.10/dist-packages/mavros/cmd/mission.py
[1.782s] -- Up-to-date symlink: /home/araballi/edhitha_ws/install/mavros/local/lib/python3.10/dist-packages/mavros/cmd/param.py
[1.782s] -- Up-to-date symlink: /home/araballi/edhitha_ws/install/mavros/local/lib/python3.10/dist-packages/mavros/cmd/safety.py
[1.783s] -- Up-to-date symlink: /home/araballi/edhitha_ws/install/mavros/local/lib/python3.10/dist-packages/mavros/cmd/system.py
[1.783s] -- Up-to-date symlink: /home/araballi/edhitha_ws/install/mavros/local/lib/python3.10/dist-packages/mavros/cmd/utils.py
[1.783s] -- Up-to-date symlink: /home/araballi/edhitha_ws/install/mavros/local/lib/python3.10/dist-packages/mavros/command.py
[1.784s] -- Up-to-date symlink: /home/araballi/edhitha_ws/install/mavros/local/lib/python3.10/dist-packages/mavros/ftp.py
[1.784s] -- Up-to-date symlink: /home/araballi/edhitha_ws/install/mavros/local/lib/python3.10/dist-packages/mavros/global_position.py
[1.785s] -- Up-to-date symlink: /home/araballi/edhitha_ws/install/mavros/local/lib/python3.10/dist-packages/mavros/local_position.py
[1.786s] -- Up-to-date symlink: /home/araballi/edhitha_ws/install/mavros/local/lib/python3.10/dist-packages/mavros/mavlink.py
[1.786s] -- Up-to-date symlink: /home/araballi/edhitha_ws/install/mavros/local/lib/python3.10/dist-packages/mavros/mission.py
[1.787s] -- Up-to-date symlink: /home/araballi/edhitha_ws/install/mavros/local/lib/python3.10/dist-packages/mavros/nuttx_crc32.py
[1.787s] -- Up-to-date symlink: /home/araballi/edhitha_ws/install/mavros/local/lib/python3.10/dist-packages/mavros/param.py
[1.787s] -- Up-to-date symlink: /home/araballi/edhitha_ws/install/mavros/local/lib/python3.10/dist-packages/mavros/setpoint.py
[1.788s] -- Up-to-date symlink: /home/araballi/edhitha_ws/install/mavros/local/lib/python3.10/dist-packages/mavros/system.py
[1.788s] -- Up-to-date symlink: /home/araballi/edhitha_ws/install/mavros/local/lib/python3.10/dist-packages/mavros/utils.py
[1.789s] -- Up-to-date symlink: /home/araballi/edhitha_ws/install/mavros/lib/mavros/mav
[1.789s] -- Up-to-date symlink: /home/araballi/edhitha_ws/install/mavros/lib/mavros/install_geographiclib_datasets.sh
[1.790s] -- Up-to-date symlink: /home/araballi/edhitha_ws/install/mavros/include/mavros/frame_tf.hpp
[1.791s] -- Up-to-date symlink: /home/araballi/edhitha_ws/install/mavros/include/mavros/mavros_plugin_register_macro.hpp
[1.791s] -- Up-to-date symlink: /home/araballi/edhitha_ws/install/mavros/include/mavros/mavros_router.hpp
[1.792s] -- Up-to-date symlink: /home/araballi/edhitha_ws/install/mavros/include/mavros/mavros_uas.hpp
[1.792s] -- Up-to-date symlink: /home/araballi/edhitha_ws/install/mavros/include/mavros/mission_protocol_base.hpp
[1.793s] -- Up-to-date symlink: /home/araballi/edhitha_ws/install/mavros/include/mavros/plugin.hpp
[1.794s] -- Up-to-date symlink: /home/araballi/edhitha_ws/install/mavros/include/mavros/plugin_filter.hpp
[1.794s] -- Up-to-date symlink: /home/araballi/edhitha_ws/install/mavros/include/mavros/px4_custom_mode.hpp
[1.794s] -- Up-to-date symlink: /home/araballi/edhitha_ws/install/mavros/include/mavros/setpoint_mixin.hpp
[1.795s] -- Up-to-date symlink: /home/araballi/edhitha_ws/install/mavros/include/mavros/uas_executor.hpp
[1.796s] -- Up-to-date symlink: /home/araballi/edhitha_ws/install/mavros/include/mavros/utils.hpp
[1.797s] -- Up-to-date symlink: /home/araballi/edhitha_ws/install/mavros/share/mavros/launch/apm.launch
[1.798s] -- Up-to-date symlink: /home/araballi/edhitha_ws/install/mavros/share/mavros/launch/apm_config.yaml
[1.798s] -- Up-to-date symlink: /home/araballi/edhitha_ws/install/mavros/share/mavros/launch/apm_pluginlists.yaml
[1.799s] -- Up-to-date symlink: /home/araballi/edhitha_ws/install/mavros/share/mavros/launch/multi_uas.launch
[1.799s] -- Up-to-date symlink: /home/araballi/edhitha_ws/install/mavros/share/mavros/launch/node.launch
[1.800s] -- Up-to-date symlink: /home/araballi/edhitha_ws/install/mavros/share/mavros/launch/px4.launch
[1.800s] -- Up-to-date symlink: /home/araballi/edhitha_ws/install/mavros/share/mavros/launch/px4_config.yaml
[1.801s] -- Up-to-date symlink: /home/araballi/edhitha_ws/install/mavros/share/mavros/launch/px4_pluginlists.yaml
[1.802s] -- Up-to-date symlink: /home/araballi/edhitha_ws/install/mavros/share/mavros/environment/library_path.sh
[1.803s] -- Up-to-date symlink: /home/araballi/edhitha_ws/install/mavros/share/mavros/environment/library_path.dsv
[1.803s] -- Up-to-date symlink: /home/araballi/edhitha_ws/install/mavros/share/ament_index/resource_index/package_run_dependencies/mavros
[1.804s] -- Up-to-date symlink: /home/araballi/edhitha_ws/install/mavros/share/ament_index/resource_index/parent_prefix_path/mavros
[1.804s] -- Up-to-date symlink: /home/araballi/edhitha_ws/install/mavros/share/mavros/environment/ament_prefix_path.sh
[1.805s] -- Up-to-date symlink: /home/araballi/edhitha_ws/install/mavros/share/mavros/environment/ament_prefix_path.dsv
[1.806s] -- Up-to-date symlink: /home/araballi/edhitha_ws/install/mavros/share/mavros/environment/path.sh
[1.806s] -- Up-to-date symlink: /home/araballi/edhitha_ws/install/mavros/share/mavros/environment/path.dsv
[1.807s] -- Up-to-date symlink: /home/araballi/edhitha_ws/install/mavros/share/mavros/local_setup.bash
[1.807s] -- Up-to-date symlink: /home/araballi/edhitha_ws/install/mavros/share/mavros/local_setup.sh
[1.807s] -- Up-to-date symlink: /home/araballi/edhitha_ws/install/mavros/share/mavros/local_setup.zsh
[1.808s] -- Up-to-date symlink: /home/araballi/edhitha_ws/install/mavros/share/mavros/local_setup.dsv
[1.808s] -- Symlinking: /home/araballi/edhitha_ws/install/mavros/share/mavros/package.dsv
[1.839s] -- Up-to-date symlink: /home/araballi/edhitha_ws/install/mavros/share/ament_index/resource_index/packages/mavros
[1.839s] -- Up-to-date symlink: /home/araballi/edhitha_ws/install/mavros/share/ament_index/resource_index/mavros__pluginlib__plugin/mavros
[1.840s] -- Up-to-date symlink: /home/araballi/edhitha_ws/install/mavros/share/ament_index/resource_index/rclcpp_components/mavros
[1.840s] -- Up-to-date symlink: /home/araballi/edhitha_ws/install/mavros/share/mavros/cmake/ament_cmake_export_include_directories-extras.cmake
[1.841s] -- Up-to-date symlink: /home/araballi/edhitha_ws/install/mavros/share/mavros/cmake/ament_cmake_export_libraries-extras.cmake
[1.841s] -- Up-to-date symlink: /home/araballi/edhitha_ws/install/mavros/share/mavros/cmake/ament_cmake_export_dependencies-extras.cmake
[1.842s] -- Up-to-date symlink: /home/araballi/edhitha_ws/install/mavros/share/mavros/cmake/mavrosConfig.cmake
[1.842s] -- Up-to-date symlink: /home/araballi/edhitha_ws/install/mavros/share/mavros/cmake/mavrosConfig-version.cmake
[1.843s] -- Up-to-date symlink: /home/araballi/edhitha_ws/install/mavros/share/mavros/package.xml
[1.924s] Listing '/home/araballi/edhitha_ws/install/mavros/local/lib/python3.10/dist-packages/mavros'...
[1.924s] Listing '/home/araballi/edhitha_ws/install/mavros/local/lib/python3.10/dist-packages/mavros/cmd'...
[1.934s] -- Up-to-date: /home/araballi/edhitha_ws/install/mavros/lib/libmavros.so
[1.935s] -- Up-to-date: /home/araballi/edhitha_ws/install/mavros/lib/mavros/mavros_node
[1.936s] -- Up-to-date: /home/araballi/edhitha_ws/install/mavros/lib/libmavros_plugins.so
[1.946s] Invoked command in '/home/araballi/edhitha_ws/build/mavros' returned '0': CMAKE_PREFIX_PATH=/home/araballi/edhitha_ws/install/mavros_msgs:/home/araballi/edhitha_ws/install/libmavconn:/home/araballi/edhitha_ws/install/mavros_extras:/home/araballi/edhitha_ws/install/mavros:/home/araballi/edhitha_ws/install/amrutha:/opt/ros/humble LD_LIBRARY_PATH=/home/araballi/edhitha_ws/install/mavros_msgs/lib:/home/araballi/edhitha_ws/install/libmavconn/lib:/home/araballi/edhitha_ws/install/mavros_extras/lib:/home/araballi/edhitha_ws/install/mavros/lib:/usr/lib/x86_64-linux-gnu/gazebo-11/plugins:/opt/ros/humble/opt/rviz_ogre_vendor/lib:/opt/ros/humble/lib/x86_64-linux-gnu:/opt/ros/humble/lib /usr/bin/cmake --install /home/araballi/edhitha_ws/build/mavros
