[0.059s] Invoking command in '/home/araballi/edhitha_ws/build/libmavconn': CMAKE_PREFIX_PATH=${CMAKE_PREFIX_PATH}:/home/araballi/edhitha_ws/install/amrutha:/opt/ros/humble /usr/bin/cmake --build /home/araballi/edhitha_ws/build/libmavconn -- -j16 -l16
[0.231s] [ 16%] Built target gtest_main
[0.231s] [ 33%] Built target gtest
[0.277s] [ 83%] Built target mavconn
[0.368s] [100%] Built target test_mavconn
[1.121s] Invoked command in '/home/araballi/edhitha_ws/build/libmavconn' returned '0': CMAKE_PREFIX_PATH=${CMAKE_PREFIX_PATH}:/home/araballi/edhitha_ws/install/amrutha:/opt/ros/humble /usr/bin/cmake --build /home/araballi/edhitha_ws/build/libmavconn -- -j16 -l16
[1.151s] Invoking command in '/home/araballi/edhitha_ws/build/libmavconn': CMAKE_PREFIX_PATH=${CMAKE_PREFIX_PATH}:/home/araballi/edhitha_ws/install/amrutha:/opt/ros/humble /usr/bin/cmake --install /home/araballi/edhitha_ws/build/libmavconn
[1.171s] -- Install configuration: ""
[1.172s] -- Execute custom install script
[1.172s] -- Up-to-date symlink: /home/araballi/edhitha_ws/install/libmavconn/lib/libmavconn.so
[1.173s] -- Up-to-date symlink: /home/araballi/edhitha_ws/install/libmavconn/include/mavconn/console_bridge_compat.hpp
[1.174s] -- Up-to-date symlink: /home/araballi/edhitha_ws/install/libmavconn/include/mavconn/interface.hpp
[1.174s] -- Up-to-date symlink: /home/araballi/edhitha_ws/install/libmavconn/include/mavconn/mavlink_dialect.hpp
[1.175s] -- Up-to-date symlink: /home/araballi/edhitha_ws/install/libmavconn/include/mavconn/mavlink_dialect.hpp.em
[1.175s] -- Up-to-date symlink: /home/araballi/edhitha_ws/install/libmavconn/include/mavconn/msgbuffer.hpp
[1.176s] -- Up-to-date symlink: /home/araballi/edhitha_ws/install/libmavconn/include/mavconn/serial.hpp
[1.176s] -- Up-to-date symlink: /home/araballi/edhitha_ws/install/libmavconn/include/mavconn/tcp.hpp
[1.177s] -- Up-to-date symlink: /home/araballi/edhitha_ws/install/libmavconn/include/mavconn/thread_utils.hpp
[1.177s] -- Up-to-date symlink: /home/araballi/edhitha_ws/install/libmavconn/include/mavconn/udp.hpp
[1.177s] -- Up-to-date symlink: /home/araballi/edhitha_ws/install/libmavconn/share/libmavconn/cmake/Modules/CheckGeographicLibDatasets.cmake
[1.178s] -- Up-to-date symlink: /home/araballi/edhitha_ws/install/libmavconn/share/libmavconn/cmake/Modules/FindASIO.cmake
[1.178s] -- Up-to-date symlink: /home/araballi/edhitha_ws/install/libmavconn/share/libmavconn/cmake/Modules/em_expand.cmake
[1.179s] -- Up-to-date symlink: /home/araballi/edhitha_ws/install/libmavconn/share/libmavconn/environment/library_path.sh
[1.180s] -- Up-to-date symlink: /home/araballi/edhitha_ws/install/libmavconn/share/libmavconn/environment/library_path.dsv
[1.180s] -- Up-to-date symlink: /home/araballi/edhitha_ws/install/libmavconn/share/ament_index/resource_index/package_run_dependencies/libmavconn
[1.181s] -- Up-to-date symlink: /home/araballi/edhitha_ws/install/libmavconn/share/ament_index/resource_index/parent_prefix_path/libmavconn
[1.181s] -- Up-to-date symlink: /home/araballi/edhitha_ws/install/libmavconn/share/libmavconn/environment/ament_prefix_path.sh
[1.181s] -- Up-to-date symlink: /home/araballi/edhitha_ws/install/libmavconn/share/libmavconn/environment/ament_prefix_path.dsv
[1.182s] -- Up-to-date symlink: /home/araballi/edhitha_ws/install/libmavconn/share/libmavconn/environment/path.sh
[1.182s] -- Up-to-date symlink: /home/araballi/edhitha_ws/install/libmavconn/share/libmavconn/environment/path.dsv
[1.183s] -- Up-to-date symlink: /home/araballi/edhitha_ws/install/libmavconn/share/libmavconn/local_setup.bash
[1.183s] -- Up-to-date symlink: /home/araballi/edhitha_ws/install/libmavconn/share/libmavconn/local_setup.sh
[1.184s] -- Up-to-date symlink: /home/araballi/edhitha_ws/install/libmavconn/share/libmavconn/local_setup.zsh
[1.185s] -- Up-to-date symlink: /home/araballi/edhitha_ws/install/libmavconn/share/libmavconn/local_setup.dsv
[1.185s] -- Symlinking: /home/araballi/edhitha_ws/install/libmavconn/share/libmavconn/package.dsv
[1.217s] -- Up-to-date symlink: /home/araballi/edhitha_ws/install/libmavconn/share/ament_index/resource_index/packages/libmavconn
[1.218s] -- Up-to-date symlink: /home/araballi/edhitha_ws/install/libmavconn/share/libmavconn/cmake/libmavconn-extras.cmake
[1.219s] -- Up-to-date symlink: /home/araballi/edhitha_ws/install/libmavconn/share/libmavconn/cmake/ament_cmake_export_dependencies-extras.cmake
[1.220s] -- Up-to-date symlink: /home/araballi/edhitha_ws/install/libmavconn/share/libmavconn/cmake/ament_cmake_export_include_directories-extras.cmake
[1.220s] -- Up-to-date symlink: /home/araballi/edhitha_ws/install/libmavconn/share/libmavconn/cmake/ament_cmake_export_libraries-extras.cmake
[1.220s] -- Up-to-date symlink: /home/araballi/edhitha_ws/install/libmavconn/share/libmavconn/cmake/libmavconnConfig.cmake
[1.221s] -- Up-to-date symlink: /home/araballi/edhitha_ws/install/libmavconn/share/libmavconn/cmake/libmavconnConfig-version.cmake
[1.222s] -- Up-to-date symlink: /home/araballi/edhitha_ws/install/libmavconn/share/libmavconn/package.xml
[1.222s] -- Up-to-date: /home/araballi/edhitha_ws/install/libmavconn/include/mavconn
[1.223s] -- Up-to-date: /home/araballi/edhitha_ws/install/libmavconn/include/mavconn/mavlink_dialect.hpp
[1.230s] Invoked command in '/home/araballi/edhitha_ws/build/libmavconn' returned '0': CMAKE_PREFIX_PATH=${CMAKE_PREFIX_PATH}:/home/araballi/edhitha_ws/install/amrutha:/opt/ros/humble /usr/bin/cmake --install /home/araballi/edhitha_ws/build/libmavconn
