[0.400s] DEBUG:colcon:Command line arguments: ['/usr/bin/colcon', 'build', '--packages-select', 'amrutha']
[0.401s] DEBUG:colcon:Parsed command line arguments: Namespace(log_base=None, log_level=None, verb_name='build', build_base='build', install_base='install', merge_install=False, symlink_install=False, test_result_base=None, continue_on_error=False, executor='parallel', parallel_workers=16, event_handlers=None, ignore_user_meta=False, metas=['./colcon.meta'], base_paths=['.'], packages_ignore=None, packages_ignore_regex=None, paths=None, packages_up_to=None, packages_up_to_regex=None, packages_above=None, packages_above_and_dependencies=None, packages_above_depth=None, packages_select_by_dep=None, packages_skip_by_dep=None, packages_skip_up_to=None, packages_select_build_failed=False, packages_skip_build_finished=False, packages_select_test_failures=False, packages_skip_test_passed=False, packages_select=['amrutha'], packages_skip=None, packages_select_regex=None, packages_skip_regex=None, packages_start=None, packages_end=None, allow_overriding=[], cmake_args=None, cmake_target=None, cmake_target_skip_unavailable=False, cmake_clean_cache=False, cmake_clean_first=False, cmake_force_configure=False, ament_cmake_args=None, catkin_cmake_args=None, catkin_skip_building_tests=False, verb_parser=<colcon_defaults.argument_parser.defaults.DefaultArgumentsDecorator object at 0x79ba78b49000>, verb_extension=<colcon_core.verb.build.BuildVerb object at 0x79ba78c4a560>, main=<bound method BuildVerb.main of <colcon_core.verb.build.BuildVerb object at 0x79ba78c4a560>>)
[1.017s] Level 1:colcon.colcon_core.package_discovery:discover_packages(colcon_meta) check parameters
[1.017s] Level 1:colcon.colcon_core.package_discovery:discover_packages(recursive) check parameters
[1.017s] Level 1:colcon.colcon_core.package_discovery:discover_packages(ignore) check parameters
[1.017s] Level 1:colcon.colcon_core.package_discovery:discover_packages(path) check parameters
[1.017s] Level 1:colcon.colcon_core.package_discovery:discover_packages(colcon_meta) discover
[1.017s] Level 1:colcon.colcon_core.package_discovery:discover_packages(recursive) discover
[1.018s] INFO:colcon.colcon_core.package_discovery:Crawling recursively for packages in '/home/araballi/edhitha_ws'
[1.018s] Level 1:colcon.colcon_core.package_identification:_identify(.) by extensions ['ignore', 'ignore_ament_install']
[1.018s] Level 1:colcon.colcon_core.package_identification:_identify(.) by extension 'ignore'
[1.018s] Level 1:colcon.colcon_core.package_identification:_identify(.) by extension 'ignore_ament_install'
[1.018s] Level 1:colcon.colcon_core.package_identification:_identify(.) by extensions ['colcon_pkg']
[1.018s] Level 1:colcon.colcon_core.package_identification:_identify(.) by extension 'colcon_pkg'
[1.018s] Level 1:colcon.colcon_core.package_identification:_identify(.) by extensions ['colcon_meta']
[1.018s] Level 1:colcon.colcon_core.package_identification:_identify(.) by extension 'colcon_meta'
[1.018s] Level 1:colcon.colcon_core.package_identification:_identify(.) by extensions ['ros']
[1.018s] Level 1:colcon.colcon_core.package_identification:_identify(.) by extension 'ros'
[1.053s] Level 1:colcon.colcon_core.package_identification:_identify(.) by extensions ['cmake', 'python']
[1.053s] Level 1:colcon.colcon_core.package_identification:_identify(.) by extension 'cmake'
[1.053s] Level 1:colcon.colcon_core.package_identification:_identify(.) by extension 'python'
[1.053s] Level 1:colcon.colcon_core.package_identification:_identify(.) by extensions ['python_setup_py']
[1.053s] Level 1:colcon.colcon_core.package_identification:_identify(.) by extension 'python_setup_py'
[1.054s] Level 1:colcon.colcon_core.package_identification:_identify(build) by extensions ['ignore', 'ignore_ament_install']
[1.054s] Level 1:colcon.colcon_core.package_identification:_identify(build) by extension 'ignore'
[1.054s] Level 1:colcon.colcon_core.package_identification:_identify(build) ignored
[1.054s] Level 1:colcon.colcon_core.package_identification:_identify(github_submarine) by extensions ['ignore', 'ignore_ament_install']
[1.054s] Level 1:colcon.colcon_core.package_identification:_identify(github_submarine) by extension 'ignore'
[1.054s] Level 1:colcon.colcon_core.package_identification:_identify(github_submarine) by extension 'ignore_ament_install'
[1.055s] Level 1:colcon.colcon_core.package_identification:_identify(github_submarine) by extensions ['colcon_pkg']
[1.055s] Level 1:colcon.colcon_core.package_identification:_identify(github_submarine) by extension 'colcon_pkg'
[1.055s] Level 1:colcon.colcon_core.package_identification:_identify(github_submarine) by extensions ['colcon_meta']
[1.055s] Level 1:colcon.colcon_core.package_identification:_identify(github_submarine) by extension 'colcon_meta'
[1.055s] Level 1:colcon.colcon_core.package_identification:_identify(github_submarine) by extensions ['ros']
[1.055s] Level 1:colcon.colcon_core.package_identification:_identify(github_submarine) by extension 'ros'
[1.055s] Level 1:colcon.colcon_core.package_identification:_identify(github_submarine) by extensions ['cmake', 'python']
[1.055s] Level 1:colcon.colcon_core.package_identification:_identify(github_submarine) by extension 'cmake'
[1.055s] Level 1:colcon.colcon_core.package_identification:_identify(github_submarine) by extension 'python'
[1.055s] Level 1:colcon.colcon_core.package_identification:_identify(github_submarine) by extensions ['python_setup_py']
[1.055s] Level 1:colcon.colcon_core.package_identification:_identify(github_submarine) by extension 'python_setup_py'
[1.055s] Level 1:colcon.colcon_core.package_identification:_identify(install) by extensions ['ignore', 'ignore_ament_install']
[1.056s] Level 1:colcon.colcon_core.package_identification:_identify(install) by extension 'ignore'
[1.056s] Level 1:colcon.colcon_core.package_identification:_identify(install) ignored
[1.056s] Level 1:colcon.colcon_core.package_identification:_identify(log) by extensions ['ignore', 'ignore_ament_install']
[1.056s] Level 1:colcon.colcon_core.package_identification:_identify(log) by extension 'ignore'
[1.056s] Level 1:colcon.colcon_core.package_identification:_identify(log) ignored
[1.056s] Level 1:colcon.colcon_core.package_identification:_identify(src) by extensions ['ignore', 'ignore_ament_install']
[1.057s] Level 1:colcon.colcon_core.package_identification:_identify(src) by extension 'ignore'
[1.057s] Level 1:colcon.colcon_core.package_identification:_identify(src) by extension 'ignore_ament_install'
[1.057s] Level 1:colcon.colcon_core.package_identification:_identify(src) by extensions ['colcon_pkg']
[1.057s] Level 1:colcon.colcon_core.package_identification:_identify(src) by extension 'colcon_pkg'
[1.057s] Level 1:colcon.colcon_core.package_identification:_identify(src) by extensions ['colcon_meta']
[1.057s] Level 1:colcon.colcon_core.package_identification:_identify(src) by extension 'colcon_meta'
[1.057s] Level 1:colcon.colcon_core.package_identification:_identify(src) by extensions ['ros']
[1.057s] Level 1:colcon.colcon_core.package_identification:_identify(src) by extension 'ros'
[1.057s] Level 1:colcon.colcon_core.package_identification:_identify(src) by extensions ['cmake', 'python']
[1.057s] Level 1:colcon.colcon_core.package_identification:_identify(src) by extension 'cmake'
[1.058s] Level 1:colcon.colcon_core.package_identification:_identify(src) by extension 'python'
[1.058s] Level 1:colcon.colcon_core.package_identification:_identify(src) by extensions ['python_setup_py']
[1.058s] Level 1:colcon.colcon_core.package_identification:_identify(src) by extension 'python_setup_py'
[1.058s] Level 1:colcon.colcon_core.package_identification:_identify(src/amrutha) by extensions ['ignore', 'ignore_ament_install']
[1.058s] Level 1:colcon.colcon_core.package_identification:_identify(src/amrutha) by extension 'ignore'
[1.058s] Level 1:colcon.colcon_core.package_identification:_identify(src/amrutha) by extension 'ignore_ament_install'
[1.058s] Level 1:colcon.colcon_core.package_identification:_identify(src/amrutha) by extensions ['colcon_pkg']
[1.058s] Level 1:colcon.colcon_core.package_identification:_identify(src/amrutha) by extension 'colcon_pkg'
[1.058s] Level 1:colcon.colcon_core.package_identification:_identify(src/amrutha) by extensions ['colcon_meta']
[1.058s] Level 1:colcon.colcon_core.package_identification:_identify(src/amrutha) by extension 'colcon_meta'
[1.059s] Level 1:colcon.colcon_core.package_identification:_identify(src/amrutha) by extensions ['ros']
[1.059s] Level 1:colcon.colcon_core.package_identification:_identify(src/amrutha) by extension 'ros'
[1.065s] DEBUG:colcon.colcon_core.package_identification:Package 'src/amrutha' with type 'ros.ament_python' and name 'amrutha'
[1.065s] Level 1:colcon.colcon_core.package_identification:_identify(src/mavros) by extensions ['ignore', 'ignore_ament_install']
[1.066s] Level 1:colcon.colcon_core.package_identification:_identify(src/mavros) by extension 'ignore'
[1.066s] Level 1:colcon.colcon_core.package_identification:_identify(src/mavros) by extension 'ignore_ament_install'
[1.066s] Level 1:colcon.colcon_core.package_identification:_identify(src/mavros) by extensions ['colcon_pkg']
[1.066s] Level 1:colcon.colcon_core.package_identification:_identify(src/mavros) by extension 'colcon_pkg'
[1.066s] Level 1:colcon.colcon_core.package_identification:_identify(src/mavros) by extensions ['colcon_meta']
[1.066s] Level 1:colcon.colcon_core.package_identification:_identify(src/mavros) by extension 'colcon_meta'
[1.066s] Level 1:colcon.colcon_core.package_identification:_identify(src/mavros) by extensions ['ros']
[1.066s] Level 1:colcon.colcon_core.package_identification:_identify(src/mavros) by extension 'ros'
[1.067s] Level 1:colcon.colcon_core.package_identification:_identify(src/mavros) by extensions ['cmake', 'python']
[1.067s] Level 1:colcon.colcon_core.package_identification:_identify(src/mavros) by extension 'cmake'
[1.067s] Level 1:colcon.colcon_core.package_identification:_identify(src/mavros) by extension 'python'
[1.067s] Level 1:colcon.colcon_core.package_identification:_identify(src/mavros) by extensions ['python_setup_py']
[1.067s] Level 1:colcon.colcon_core.package_identification:_identify(src/mavros) by extension 'python_setup_py'
[1.067s] Level 1:colcon.colcon_core.package_identification:_identify(src/mavros/libmavconn) by extensions ['ignore', 'ignore_ament_install']
[1.067s] Level 1:colcon.colcon_core.package_identification:_identify(src/mavros/libmavconn) by extension 'ignore'
[1.068s] Level 1:colcon.colcon_core.package_identification:_identify(src/mavros/libmavconn) by extension 'ignore_ament_install'
[1.068s] Level 1:colcon.colcon_core.package_identification:_identify(src/mavros/libmavconn) by extensions ['colcon_pkg']
[1.068s] Level 1:colcon.colcon_core.package_identification:_identify(src/mavros/libmavconn) by extension 'colcon_pkg'
[1.068s] Level 1:colcon.colcon_core.package_identification:_identify(src/mavros/libmavconn) by extensions ['colcon_meta']
[1.068s] Level 1:colcon.colcon_core.package_identification:_identify(src/mavros/libmavconn) by extension 'colcon_meta'
[1.068s] Level 1:colcon.colcon_core.package_identification:_identify(src/mavros/libmavconn) by extensions ['ros']
[1.068s] Level 1:colcon.colcon_core.package_identification:_identify(src/mavros/libmavconn) by extension 'ros'
[1.070s] DEBUG:colcon.colcon_core.package_identification:Package 'src/mavros/libmavconn' with type 'ros.ament_cmake' and name 'libmavconn'
[1.070s] Level 1:colcon.colcon_core.package_identification:_identify(src/mavros/mavros) by extensions ['ignore', 'ignore_ament_install']
[1.070s] Level 1:colcon.colcon_core.package_identification:_identify(src/mavros/mavros) by extension 'ignore'
[1.071s] Level 1:colcon.colcon_core.package_identification:_identify(src/mavros/mavros) by extension 'ignore_ament_install'
[1.071s] Level 1:colcon.colcon_core.package_identification:_identify(src/mavros/mavros) by extensions ['colcon_pkg']
[1.071s] Level 1:colcon.colcon_core.package_identification:_identify(src/mavros/mavros) by extension 'colcon_pkg'
[1.071s] Level 1:colcon.colcon_core.package_identification:_identify(src/mavros/mavros) by extensions ['colcon_meta']
[1.071s] Level 1:colcon.colcon_core.package_identification:_identify(src/mavros/mavros) by extension 'colcon_meta'
[1.071s] Level 1:colcon.colcon_core.package_identification:_identify(src/mavros/mavros) by extensions ['ros']
[1.071s] Level 1:colcon.colcon_core.package_identification:_identify(src/mavros/mavros) by extension 'ros'
[1.076s] DEBUG:colcon.colcon_core.package_identification:Package 'src/mavros/mavros' with type 'ros.ament_cmake' and name 'mavros'
[1.076s] Level 1:colcon.colcon_core.package_identification:_identify(src/mavros/mavros_extras) by extensions ['ignore', 'ignore_ament_install']
[1.076s] Level 1:colcon.colcon_core.package_identification:_identify(src/mavros/mavros_extras) by extension 'ignore'
[1.077s] Level 1:colcon.colcon_core.package_identification:_identify(src/mavros/mavros_extras) by extension 'ignore_ament_install'
[1.077s] Level 1:colcon.colcon_core.package_identification:_identify(src/mavros/mavros_extras) by extensions ['colcon_pkg']
[1.077s] Level 1:colcon.colcon_core.package_identification:_identify(src/mavros/mavros_extras) by extension 'colcon_pkg'
[1.077s] Level 1:colcon.colcon_core.package_identification:_identify(src/mavros/mavros_extras) by extensions ['colcon_meta']
[1.077s] Level 1:colcon.colcon_core.package_identification:_identify(src/mavros/mavros_extras) by extension 'colcon_meta'
[1.077s] Level 1:colcon.colcon_core.package_identification:_identify(src/mavros/mavros_extras) by extensions ['ros']
[1.077s] Level 1:colcon.colcon_core.package_identification:_identify(src/mavros/mavros_extras) by extension 'ros'
[1.082s] DEBUG:colcon.colcon_core.package_identification:Package 'src/mavros/mavros_extras' with type 'ros.ament_cmake' and name 'mavros_extras'
[1.082s] Level 1:colcon.colcon_core.package_identification:_identify(src/mavros/mavros_msgs) by extensions ['ignore', 'ignore_ament_install']
[1.083s] Level 1:colcon.colcon_core.package_identification:_identify(src/mavros/mavros_msgs) by extension 'ignore'
[1.083s] Level 1:colcon.colcon_core.package_identification:_identify(src/mavros/mavros_msgs) by extension 'ignore_ament_install'
[1.083s] Level 1:colcon.colcon_core.package_identification:_identify(src/mavros/mavros_msgs) by extensions ['colcon_pkg']
[1.083s] Level 1:colcon.colcon_core.package_identification:_identify(src/mavros/mavros_msgs) by extension 'colcon_pkg'
[1.083s] Level 1:colcon.colcon_core.package_identification:_identify(src/mavros/mavros_msgs) by extensions ['colcon_meta']
[1.083s] Level 1:colcon.colcon_core.package_identification:_identify(src/mavros/mavros_msgs) by extension 'colcon_meta'
[1.083s] Level 1:colcon.colcon_core.package_identification:_identify(src/mavros/mavros_msgs) by extensions ['ros']
[1.084s] Level 1:colcon.colcon_core.package_identification:_identify(src/mavros/mavros_msgs) by extension 'ros'
[1.086s] DEBUG:colcon.colcon_core.package_identification:Package 'src/mavros/mavros_msgs' with type 'ros.ament_cmake' and name 'mavros_msgs'
[1.087s] Level 1:colcon.colcon_core.package_identification:_identify(src/mavros/test_mavros) by extensions ['ignore', 'ignore_ament_install']
[1.087s] Level 1:colcon.colcon_core.package_identification:_identify(src/mavros/test_mavros) by extension 'ignore'
[1.087s] Level 1:colcon.colcon_core.package_identification:_identify(src/mavros/test_mavros) ignored
[1.087s] Level 1:colcon.colcon_core.package_discovery:discover_packages(recursive) using defaults
[1.087s] Level 1:colcon.colcon_core.package_discovery:discover_packages(ignore) discover
[1.087s] Level 1:colcon.colcon_core.package_discovery:discover_packages(ignore) using defaults
[1.087s] Level 1:colcon.colcon_core.package_discovery:discover_packages(path) discover
[1.087s] Level 1:colcon.colcon_core.package_discovery:discover_packages(path) using defaults
[1.143s] INFO:colcon.colcon_core.package_selection:Skipping not selected package 'libmavconn' in 'src/mavros/libmavconn'
[1.144s] INFO:colcon.colcon_core.package_selection:Skipping not selected package 'mavros_msgs' in 'src/mavros/mavros_msgs'
[1.144s] INFO:colcon.colcon_core.package_selection:Skipping not selected package 'mavros' in 'src/mavros/mavros'
[1.144s] INFO:colcon.colcon_core.package_selection:Skipping not selected package 'mavros_extras' in 'src/mavros/mavros_extras'
[1.144s] Level 1:colcon.colcon_core.package_discovery:discover_packages(prefix_path) check parameters
[1.145s] Level 1:colcon.colcon_core.package_discovery:discover_packages(prefix_path) discover
[1.149s] DEBUG:colcon.colcon_installed_package_information.package_discovery:Found 5 installed packages in /home/araballi/edhitha_ws/install
[1.152s] DEBUG:colcon.colcon_installed_package_information.package_discovery:Found 286 installed packages in /opt/ros/humble
[1.155s] Level 1:colcon.colcon_core.package_discovery:discover_packages(prefix_path) using defaults
[1.242s] Level 5:colcon.colcon_core.verb:set package 'amrutha' build argument 'cmake_args' from command line to 'None'
[1.243s] Level 5:colcon.colcon_core.verb:set package 'amrutha' build argument 'cmake_target' from command line to 'None'
[1.243s] Level 5:colcon.colcon_core.verb:set package 'amrutha' build argument 'cmake_target_skip_unavailable' from command line to 'False'
[1.243s] Level 5:colcon.colcon_core.verb:set package 'amrutha' build argument 'cmake_clean_cache' from command line to 'False'
[1.243s] Level 5:colcon.colcon_core.verb:set package 'amrutha' build argument 'cmake_clean_first' from command line to 'False'
[1.243s] Level 5:colcon.colcon_core.verb:set package 'amrutha' build argument 'cmake_force_configure' from command line to 'False'
[1.243s] Level 5:colcon.colcon_core.verb:set package 'amrutha' build argument 'ament_cmake_args' from command line to 'None'
[1.243s] Level 5:colcon.colcon_core.verb:set package 'amrutha' build argument 'catkin_cmake_args' from command line to 'None'
[1.243s] Level 5:colcon.colcon_core.verb:set package 'amrutha' build argument 'catkin_skip_building_tests' from command line to 'False'
[1.243s] DEBUG:colcon.colcon_core.verb:Building package 'amrutha' with the following arguments: {'ament_cmake_args': None, 'build_base': '/home/araballi/edhitha_ws/build/amrutha', 'catkin_cmake_args': None, 'catkin_skip_building_tests': False, 'cmake_args': None, 'cmake_clean_cache': False, 'cmake_clean_first': False, 'cmake_force_configure': False, 'cmake_target': None, 'cmake_target_skip_unavailable': False, 'install_base': '/home/araballi/edhitha_ws/install/amrutha', 'merge_install': False, 'path': '/home/araballi/edhitha_ws/src/amrutha', 'symlink_install': False, 'test_result_base': None}
[1.243s] INFO:colcon.colcon_core.executor:Executing jobs using 'parallel' executor
[1.246s] DEBUG:colcon.colcon_parallel_executor.executor.parallel:run_until_complete
[1.248s] INFO:colcon.colcon_ros.task.ament_python.build:Building ROS package in '/home/araballi/edhitha_ws/src/amrutha' with build type 'ament_python'
[1.248s] Level 1:colcon.colcon_core.shell:create_environment_hook('amrutha', 'ament_prefix_path')
[1.256s] INFO:colcon.colcon_core.plugin_system:Skipping extension 'colcon_core.shell.bat': Not used on non-Windows systems
[1.256s] INFO:colcon.colcon_core.shell:Creating environment hook '/home/araballi/edhitha_ws/install/amrutha/share/amrutha/hook/ament_prefix_path.ps1'
[1.258s] INFO:colcon.colcon_core.shell:Creating environment descriptor '/home/araballi/edhitha_ws/install/amrutha/share/amrutha/hook/ament_prefix_path.dsv'
[1.259s] INFO:colcon.colcon_core.shell:Creating environment hook '/home/araballi/edhitha_ws/install/amrutha/share/amrutha/hook/ament_prefix_path.sh'
[1.261s] INFO:colcon.colcon_core.shell:Skip shell extension 'powershell' for command environment: Not usable outside of PowerShell
[1.261s] DEBUG:colcon.colcon_core.shell:Skip shell extension 'dsv' for command environment
[2.138s] INFO:colcon.colcon_core.task.python.build:Building Python package in '/home/araballi/edhitha_ws/src/amrutha'
[2.138s] INFO:colcon.colcon_core.shell:Skip shell extension 'powershell' for command environment: Not usable outside of PowerShell
[2.138s] DEBUG:colcon.colcon_core.shell:Skip shell extension 'dsv' for command environment
[3.644s] DEBUG:colcon.colcon_core.event_handler.log_command:Invoking command in '/home/araballi/edhitha_ws/src/amrutha': PYTHONPATH=/home/araballi/edhitha_ws/build/amrutha/prefix_override:/usr/lib/python3/dist-packages/colcon_core/task/python/colcon_distutils_commands:/home/araballi/edhitha_ws/install/amrutha/lib/python3.10/site-packages:${PYTHONPATH} /usr/bin/python3 -W ignore:setup.py install is deprecated -W ignore:easy_install command is deprecated setup.py egg_info --egg-base ../../build/amrutha build --build-base /home/araballi/edhitha_ws/build/amrutha/build install --record /home/araballi/edhitha_ws/build/amrutha/install.log --single-version-externally-managed install_data
[4.942s] DEBUG:colcon.colcon_core.event_handler.log_command:Invoked command in '/home/araballi/edhitha_ws/src/amrutha' returned '0': PYTHONPATH=/home/araballi/edhitha_ws/build/amrutha/prefix_override:/usr/lib/python3/dist-packages/colcon_core/task/python/colcon_distutils_commands:/home/araballi/edhitha_ws/install/amrutha/lib/python3.10/site-packages:${PYTHONPATH} /usr/bin/python3 -W ignore:setup.py install is deprecated -W ignore:easy_install command is deprecated setup.py egg_info --egg-base ../../build/amrutha build --build-base /home/araballi/edhitha_ws/build/amrutha/build install --record /home/araballi/edhitha_ws/build/amrutha/install.log --single-version-externally-managed install_data
[4.948s] Level 1:colcon.colcon_core.environment:checking '/home/araballi/edhitha_ws/install/amrutha' for CMake module files
[4.949s] Level 1:colcon.colcon_core.environment:checking '/home/araballi/edhitha_ws/install/amrutha' for CMake config files
[4.952s] Level 1:colcon.colcon_core.environment:checking '/home/araballi/edhitha_ws/install/amrutha/lib'
[4.952s] Level 1:colcon.colcon_core.environment:checking '/home/araballi/edhitha_ws/install/amrutha/bin'
[4.953s] Level 1:colcon.colcon_core.environment:checking '/home/araballi/edhitha_ws/install/amrutha/lib/pkgconfig/amrutha.pc'
[4.953s] Level 1:colcon.colcon_core.environment:checking '/home/araballi/edhitha_ws/install/amrutha/lib/python3.10/site-packages'
[4.953s] Level 1:colcon.colcon_core.shell:create_environment_hook('amrutha', 'pythonpath')
[4.954s] INFO:colcon.colcon_core.shell:Creating environment hook '/home/araballi/edhitha_ws/install/amrutha/share/amrutha/hook/pythonpath.ps1'
[4.955s] INFO:colcon.colcon_core.shell:Creating environment descriptor '/home/araballi/edhitha_ws/install/amrutha/share/amrutha/hook/pythonpath.dsv'
[4.956s] INFO:colcon.colcon_core.shell:Creating environment hook '/home/araballi/edhitha_ws/install/amrutha/share/amrutha/hook/pythonpath.sh'
[4.958s] Level 1:colcon.colcon_core.environment:checking '/home/araballi/edhitha_ws/install/amrutha/bin'
[4.958s] Level 1:colcon.colcon_core.environment:create_environment_scripts_only(amrutha)
[4.958s] INFO:colcon.colcon_core.shell:Creating package script '/home/araballi/edhitha_ws/install/amrutha/share/amrutha/package.ps1'
[4.960s] INFO:colcon.colcon_core.shell:Creating package descriptor '/home/araballi/edhitha_ws/install/amrutha/share/amrutha/package.dsv'
[4.962s] INFO:colcon.colcon_core.shell:Creating package script '/home/araballi/edhitha_ws/install/amrutha/share/amrutha/package.sh'
[4.963s] INFO:colcon.colcon_core.shell:Creating package script '/home/araballi/edhitha_ws/install/amrutha/share/amrutha/package.bash'
[4.965s] INFO:colcon.colcon_core.shell:Creating package script '/home/araballi/edhitha_ws/install/amrutha/share/amrutha/package.zsh'
[4.968s] Level 1:colcon.colcon_core.environment:create_file_with_runtime_dependencies(/home/araballi/edhitha_ws/install/amrutha/share/colcon-core/packages/amrutha)
[4.969s] DEBUG:colcon.colcon_parallel_executor.executor.parallel:closing loop
[4.970s] DEBUG:colcon.colcon_parallel_executor.executor.parallel:loop closed
[4.971s] DEBUG:colcon.colcon_parallel_executor.executor.parallel:run_until_complete finished with '0'
[4.971s] DEBUG:colcon.colcon_core.event_reactor:joining thread
[5.049s] INFO:colcon.colcon_core.plugin_system:Skipping extension 'colcon_notification.desktop_notification.notify_send': Could not find 'notify-send'
[5.050s] INFO:colcon.colcon_core.plugin_system:Skipping extension 'colcon_notification.desktop_notification.terminal_notifier': Not used on non-Darwin systems
[5.050s] INFO:colcon.colcon_core.plugin_system:Skipping extension 'colcon_notification.desktop_notification.win32': Not used on non-Windows systems
[5.050s] INFO:colcon.colcon_notification.desktop_notification:Sending desktop notification using 'notify2'
[5.050s] DEBUG:colcon.colcon_notification.desktop_notification.notify2:Failed to initialize notify2: org.freedesktop.DBus.Error.FileNotFound: Failed to connect to socket /run/user/1000/bus: No such file or directory
[5.051s] DEBUG:colcon.colcon_core.event_reactor:joined thread
[5.051s] INFO:colcon.colcon_core.shell:Creating prefix script '/home/araballi/edhitha_ws/install/local_setup.ps1'
[5.053s] INFO:colcon.colcon_core.shell:Creating prefix util module '/home/araballi/edhitha_ws/install/_local_setup_util_ps1.py'
[5.057s] INFO:colcon.colcon_core.shell:Creating prefix chain script '/home/araballi/edhitha_ws/install/setup.ps1'
[5.059s] INFO:colcon.colcon_core.shell:Creating prefix script '/home/araballi/edhitha_ws/install/local_setup.sh'
[5.061s] INFO:colcon.colcon_core.shell:Creating prefix util module '/home/araballi/edhitha_ws/install/_local_setup_util_sh.py'
[5.062s] INFO:colcon.colcon_core.shell:Creating prefix chain script '/home/araballi/edhitha_ws/install/setup.sh'
[5.065s] INFO:colcon.colcon_core.shell:Creating prefix script '/home/araballi/edhitha_ws/install/local_setup.bash'
[5.066s] INFO:colcon.colcon_core.shell:Creating prefix chain script '/home/araballi/edhitha_ws/install/setup.bash'
[5.069s] INFO:colcon.colcon_core.shell:Creating prefix script '/home/araballi/edhitha_ws/install/local_setup.zsh'
[5.070s] INFO:colcon.colcon_core.shell:Creating prefix chain script '/home/araballi/edhitha_ws/install/setup.zsh'
