[1.065s] DEBUG:colcon:Command line arguments: ['/usr/bin/colcon', 'build', '--symlink-install', '--packages-select', 'mavros_extras', '--parallel-workers', '1']
[1.065s] DEBUG:colcon:Parsed command line arguments: Namespace(log_base=None, log_level=None, verb_name='build', build_base='build', install_base='install', merge_install=False, symlink_install=True, test_result_base=None, continue_on_error=False, executor='parallel', parallel_workers=1, event_handlers=None, ignore_user_meta=False, metas=['./colcon.meta'], base_paths=['.'], packages_ignore=None, packages_ignore_regex=None, paths=None, packages_up_to=None, packages_up_to_regex=None, packages_above=None, packages_above_and_dependencies=None, packages_above_depth=None, packages_select_by_dep=None, packages_skip_by_dep=None, packages_skip_up_to=None, packages_select_build_failed=False, packages_skip_build_finished=False, packages_select_test_failures=False, packages_skip_test_passed=False, packages_select=['mavros_extras'], packages_skip=None, packages_select_regex=None, packages_skip_regex=None, packages_start=None, packages_end=None, allow_overriding=[], cmake_args=None, cmake_target=None, cmake_target_skip_unavailable=False, cmake_clean_cache=False, cmake_clean_first=False, cmake_force_configure=False, ament_cmake_args=None, catkin_cmake_args=None, catkin_skip_building_tests=False, verb_parser=<colcon_defaults.argument_parser.defaults.DefaultArgumentsDecorator object at 0x724075b15420>, verb_extension=<colcon_core.verb.build.BuildVerb object at 0x724075c46980>, main=<bound method BuildVerb.main of <colcon_core.verb.build.BuildVerb object at 0x724075c46980>>)
[2.141s] Level 1:colcon.colcon_core.package_discovery:discover_packages(colcon_meta) check parameters
[2.141s] Level 1:colcon.colcon_core.package_discovery:discover_packages(recursive) check parameters
[2.142s] Level 1:colcon.colcon_core.package_discovery:discover_packages(ignore) check parameters
[2.142s] Level 1:colcon.colcon_core.package_discovery:discover_packages(path) check parameters
[2.142s] Level 1:colcon.colcon_core.package_discovery:discover_packages(colcon_meta) discover
[2.142s] Level 1:colcon.colcon_core.package_discovery:discover_packages(recursive) discover
[2.142s] INFO:colcon.colcon_core.package_discovery:Crawling recursively for packages in '/home/araballi/edhitha_ws'
[2.142s] Level 1:colcon.colcon_core.package_identification:_identify(.) by extensions ['ignore', 'ignore_ament_install']
[2.143s] Level 1:colcon.colcon_core.package_identification:_identify(.) by extension 'ignore'
[2.143s] Level 1:colcon.colcon_core.package_identification:_identify(.) by extension 'ignore_ament_install'
[2.143s] Level 1:colcon.colcon_core.package_identification:_identify(.) by extensions ['colcon_pkg']
[2.143s] Level 1:colcon.colcon_core.package_identification:_identify(.) by extension 'colcon_pkg'
[2.143s] Level 1:colcon.colcon_core.package_identification:_identify(.) by extensions ['colcon_meta']
[2.143s] Level 1:colcon.colcon_core.package_identification:_identify(.) by extension 'colcon_meta'
[2.143s] Level 1:colcon.colcon_core.package_identification:_identify(.) by extensions ['ros']
[2.143s] Level 1:colcon.colcon_core.package_identification:_identify(.) by extension 'ros'
[2.190s] Level 1:colcon.colcon_core.package_identification:_identify(.) by extensions ['cmake', 'python']
[2.191s] Level 1:colcon.colcon_core.package_identification:_identify(.) by extension 'cmake'
[2.191s] Level 1:colcon.colcon_core.package_identification:_identify(.) by extension 'python'
[2.191s] Level 1:colcon.colcon_core.package_identification:_identify(.) by extensions ['python_setup_py']
[2.191s] Level 1:colcon.colcon_core.package_identification:_identify(.) by extension 'python_setup_py'
[2.191s] Level 1:colcon.colcon_core.package_identification:_identify(build) by extensions ['ignore', 'ignore_ament_install']
[2.191s] Level 1:colcon.colcon_core.package_identification:_identify(build) by extension 'ignore'
[2.192s] Level 1:colcon.colcon_core.package_identification:_identify(build) ignored
[2.192s] Level 1:colcon.colcon_core.package_identification:_identify(install) by extensions ['ignore', 'ignore_ament_install']
[2.192s] Level 1:colcon.colcon_core.package_identification:_identify(install) by extension 'ignore'
[2.192s] Level 1:colcon.colcon_core.package_identification:_identify(install) ignored
[2.192s] Level 1:colcon.colcon_core.package_identification:_identify(log) by extensions ['ignore', 'ignore_ament_install']
[2.193s] Level 1:colcon.colcon_core.package_identification:_identify(log) by extension 'ignore'
[2.193s] Level 1:colcon.colcon_core.package_identification:_identify(log) ignored
[2.194s] Level 1:colcon.colcon_core.package_identification:_identify(src) by extensions ['ignore', 'ignore_ament_install']
[2.194s] Level 1:colcon.colcon_core.package_identification:_identify(src) by extension 'ignore'
[2.194s] Level 1:colcon.colcon_core.package_identification:_identify(src) by extension 'ignore_ament_install'
[2.194s] Level 1:colcon.colcon_core.package_identification:_identify(src) by extensions ['colcon_pkg']
[2.194s] Level 1:colcon.colcon_core.package_identification:_identify(src) by extension 'colcon_pkg'
[2.195s] Level 1:colcon.colcon_core.package_identification:_identify(src) by extensions ['colcon_meta']
[2.195s] Level 1:colcon.colcon_core.package_identification:_identify(src) by extension 'colcon_meta'
[2.195s] Level 1:colcon.colcon_core.package_identification:_identify(src) by extensions ['ros']
[2.195s] Level 1:colcon.colcon_core.package_identification:_identify(src) by extension 'ros'
[2.195s] Level 1:colcon.colcon_core.package_identification:_identify(src) by extensions ['cmake', 'python']
[2.195s] Level 1:colcon.colcon_core.package_identification:_identify(src) by extension 'cmake'
[2.195s] Level 1:colcon.colcon_core.package_identification:_identify(src) by extension 'python'
[2.195s] Level 1:colcon.colcon_core.package_identification:_identify(src) by extensions ['python_setup_py']
[2.195s] Level 1:colcon.colcon_core.package_identification:_identify(src) by extension 'python_setup_py'
[2.197s] Level 1:colcon.colcon_core.package_identification:_identify(src/amrutha) by extensions ['ignore', 'ignore_ament_install']
[2.197s] Level 1:colcon.colcon_core.package_identification:_identify(src/amrutha) by extension 'ignore'
[2.197s] Level 1:colcon.colcon_core.package_identification:_identify(src/amrutha) by extension 'ignore_ament_install'
[2.197s] Level 1:colcon.colcon_core.package_identification:_identify(src/amrutha) by extensions ['colcon_pkg']
[2.197s] Level 1:colcon.colcon_core.package_identification:_identify(src/amrutha) by extension 'colcon_pkg'
[2.197s] Level 1:colcon.colcon_core.package_identification:_identify(src/amrutha) by extensions ['colcon_meta']
[2.197s] Level 1:colcon.colcon_core.package_identification:_identify(src/amrutha) by extension 'colcon_meta'
[2.197s] Level 1:colcon.colcon_core.package_identification:_identify(src/amrutha) by extensions ['ros']
[2.198s] Level 1:colcon.colcon_core.package_identification:_identify(src/amrutha) by extension 'ros'
[2.206s] DEBUG:colcon.colcon_core.package_identification:Package 'src/amrutha' with type 'ros.ament_python' and name 'amrutha'
[2.207s] Level 1:colcon.colcon_core.package_identification:_identify(src/mavros) by extensions ['ignore', 'ignore_ament_install']
[2.207s] Level 1:colcon.colcon_core.package_identification:_identify(src/mavros) by extension 'ignore'
[2.207s] Level 1:colcon.colcon_core.package_identification:_identify(src/mavros) by extension 'ignore_ament_install'
[2.208s] Level 1:colcon.colcon_core.package_identification:_identify(src/mavros) by extensions ['colcon_pkg']
[2.208s] Level 1:colcon.colcon_core.package_identification:_identify(src/mavros) by extension 'colcon_pkg'
[2.208s] Level 1:colcon.colcon_core.package_identification:_identify(src/mavros) by extensions ['colcon_meta']
[2.208s] Level 1:colcon.colcon_core.package_identification:_identify(src/mavros) by extension 'colcon_meta'
[2.208s] Level 1:colcon.colcon_core.package_identification:_identify(src/mavros) by extensions ['ros']
[2.208s] Level 1:colcon.colcon_core.package_identification:_identify(src/mavros) by extension 'ros'
[2.208s] Level 1:colcon.colcon_core.package_identification:_identify(src/mavros) by extensions ['cmake', 'python']
[2.208s] Level 1:colcon.colcon_core.package_identification:_identify(src/mavros) by extension 'cmake'
[2.208s] Level 1:colcon.colcon_core.package_identification:_identify(src/mavros) by extension 'python'
[2.209s] Level 1:colcon.colcon_core.package_identification:_identify(src/mavros) by extensions ['python_setup_py']
[2.209s] Level 1:colcon.colcon_core.package_identification:_identify(src/mavros) by extension 'python_setup_py'
[2.210s] Level 1:colcon.colcon_core.package_identification:_identify(src/mavros/libmavconn) by extensions ['ignore', 'ignore_ament_install']
[2.210s] Level 1:colcon.colcon_core.package_identification:_identify(src/mavros/libmavconn) by extension 'ignore'
[2.210s] Level 1:colcon.colcon_core.package_identification:_identify(src/mavros/libmavconn) by extension 'ignore_ament_install'
[2.210s] Level 1:colcon.colcon_core.package_identification:_identify(src/mavros/libmavconn) by extensions ['colcon_pkg']
[2.210s] Level 1:colcon.colcon_core.package_identification:_identify(src/mavros/libmavconn) by extension 'colcon_pkg'
[2.210s] Level 1:colcon.colcon_core.package_identification:_identify(src/mavros/libmavconn) by extensions ['colcon_meta']
[2.210s] Level 1:colcon.colcon_core.package_identification:_identify(src/mavros/libmavconn) by extension 'colcon_meta'
[2.210s] Level 1:colcon.colcon_core.package_identification:_identify(src/mavros/libmavconn) by extensions ['ros']
[2.210s] Level 1:colcon.colcon_core.package_identification:_identify(src/mavros/libmavconn) by extension 'ros'
[2.215s] DEBUG:colcon.colcon_core.package_identification:Package 'src/mavros/libmavconn' with type 'ros.ament_cmake' and name 'libmavconn'
[2.216s] Level 1:colcon.colcon_core.package_identification:_identify(src/mavros/mavros) by extensions ['ignore', 'ignore_ament_install']
[2.216s] Level 1:colcon.colcon_core.package_identification:_identify(src/mavros/mavros) by extension 'ignore'
[2.217s] Level 1:colcon.colcon_core.package_identification:_identify(src/mavros/mavros) by extension 'ignore_ament_install'
[2.217s] Level 1:colcon.colcon_core.package_identification:_identify(src/mavros/mavros) by extensions ['colcon_pkg']
[2.217s] Level 1:colcon.colcon_core.package_identification:_identify(src/mavros/mavros) by extension 'colcon_pkg'
[2.217s] Level 1:colcon.colcon_core.package_identification:_identify(src/mavros/mavros) by extensions ['colcon_meta']
[2.217s] Level 1:colcon.colcon_core.package_identification:_identify(src/mavros/mavros) by extension 'colcon_meta'
[2.217s] Level 1:colcon.colcon_core.package_identification:_identify(src/mavros/mavros) by extensions ['ros']
[2.217s] Level 1:colcon.colcon_core.package_identification:_identify(src/mavros/mavros) by extension 'ros'
[2.226s] DEBUG:colcon.colcon_core.package_identification:Package 'src/mavros/mavros' with type 'ros.ament_cmake' and name 'mavros'
[2.228s] Level 1:colcon.colcon_core.package_identification:_identify(src/mavros/mavros_extras) by extensions ['ignore', 'ignore_ament_install']
[2.228s] Level 1:colcon.colcon_core.package_identification:_identify(src/mavros/mavros_extras) by extension 'ignore'
[2.228s] Level 1:colcon.colcon_core.package_identification:_identify(src/mavros/mavros_extras) by extension 'ignore_ament_install'
[2.228s] Level 1:colcon.colcon_core.package_identification:_identify(src/mavros/mavros_extras) by extensions ['colcon_pkg']
[2.228s] Level 1:colcon.colcon_core.package_identification:_identify(src/mavros/mavros_extras) by extension 'colcon_pkg'
[2.228s] Level 1:colcon.colcon_core.package_identification:_identify(src/mavros/mavros_extras) by extensions ['colcon_meta']
[2.228s] Level 1:colcon.colcon_core.package_identification:_identify(src/mavros/mavros_extras) by extension 'colcon_meta'
[2.229s] Level 1:colcon.colcon_core.package_identification:_identify(src/mavros/mavros_extras) by extensions ['ros']
[2.229s] Level 1:colcon.colcon_core.package_identification:_identify(src/mavros/mavros_extras) by extension 'ros'
[2.236s] DEBUG:colcon.colcon_core.package_identification:Package 'src/mavros/mavros_extras' with type 'ros.ament_cmake' and name 'mavros_extras'
[2.237s] Level 1:colcon.colcon_core.package_identification:_identify(src/mavros/mavros_msgs) by extensions ['ignore', 'ignore_ament_install']
[2.238s] Level 1:colcon.colcon_core.package_identification:_identify(src/mavros/mavros_msgs) by extension 'ignore'
[2.238s] Level 1:colcon.colcon_core.package_identification:_identify(src/mavros/mavros_msgs) by extension 'ignore_ament_install'
[2.238s] Level 1:colcon.colcon_core.package_identification:_identify(src/mavros/mavros_msgs) by extensions ['colcon_pkg']
[2.238s] Level 1:colcon.colcon_core.package_identification:_identify(src/mavros/mavros_msgs) by extension 'colcon_pkg'
[2.238s] Level 1:colcon.colcon_core.package_identification:_identify(src/mavros/mavros_msgs) by extensions ['colcon_meta']
[2.238s] Level 1:colcon.colcon_core.package_identification:_identify(src/mavros/mavros_msgs) by extension 'colcon_meta'
[2.238s] Level 1:colcon.colcon_core.package_identification:_identify(src/mavros/mavros_msgs) by extensions ['ros']
[2.238s] Level 1:colcon.colcon_core.package_identification:_identify(src/mavros/mavros_msgs) by extension 'ros'
[2.242s] DEBUG:colcon.colcon_core.package_identification:Package 'src/mavros/mavros_msgs' with type 'ros.ament_cmake' and name 'mavros_msgs'
[2.243s] Level 1:colcon.colcon_core.package_identification:_identify(src/mavros/test_mavros) by extensions ['ignore', 'ignore_ament_install']
[2.243s] Level 1:colcon.colcon_core.package_identification:_identify(src/mavros/test_mavros) by extension 'ignore'
[2.243s] Level 1:colcon.colcon_core.package_identification:_identify(src/mavros/test_mavros) ignored
[2.243s] Level 1:colcon.colcon_core.package_discovery:discover_packages(recursive) using defaults
[2.243s] Level 1:colcon.colcon_core.package_discovery:discover_packages(ignore) discover
[2.243s] Level 1:colcon.colcon_core.package_discovery:discover_packages(ignore) using defaults
[2.244s] Level 1:colcon.colcon_core.package_discovery:discover_packages(path) discover
[2.244s] Level 1:colcon.colcon_core.package_discovery:discover_packages(path) using defaults
[2.325s] INFO:colcon.colcon_core.package_selection:Skipping not selected package 'amrutha' in 'src/amrutha'
[2.326s] INFO:colcon.colcon_core.package_selection:Skipping not selected package 'libmavconn' in 'src/mavros/libmavconn'
[2.326s] INFO:colcon.colcon_core.package_selection:Skipping not selected package 'mavros_msgs' in 'src/mavros/mavros_msgs'
[2.326s] INFO:colcon.colcon_core.package_selection:Skipping not selected package 'mavros' in 'src/mavros/mavros'
[2.327s] Level 1:colcon.colcon_core.package_discovery:discover_packages(prefix_path) check parameters
[2.327s] Level 1:colcon.colcon_core.package_discovery:discover_packages(prefix_path) discover
[2.334s] WARNING:colcon.colcon_ros.prefix_path.ament:The path '/home/araballi/edhitha_ws/install/amrutha' in the environment variable AMENT_PREFIX_PATH doesn't exist
[2.338s] DEBUG:colcon.colcon_installed_package_information.package_discovery:Found 4 installed packages in /home/araballi/edhitha_ws/install
[2.341s] DEBUG:colcon.colcon_installed_package_information.package_discovery:Found 283 installed packages in /opt/ros/humble
[2.344s] Level 1:colcon.colcon_core.package_discovery:discover_packages(prefix_path) using defaults
[2.470s] Level 5:colcon.colcon_core.verb:set package 'mavros_extras' build argument 'cmake_args' from command line to 'None'
[2.470s] Level 5:colcon.colcon_core.verb:set package 'mavros_extras' build argument 'cmake_target' from command line to 'None'
[2.470s] Level 5:colcon.colcon_core.verb:set package 'mavros_extras' build argument 'cmake_target_skip_unavailable' from command line to 'False'
[2.471s] Level 5:colcon.colcon_core.verb:set package 'mavros_extras' build argument 'cmake_clean_cache' from command line to 'False'
[2.471s] Level 5:colcon.colcon_core.verb:set package 'mavros_extras' build argument 'cmake_clean_first' from command line to 'False'
[2.471s] Level 5:colcon.colcon_core.verb:set package 'mavros_extras' build argument 'cmake_force_configure' from command line to 'False'
[2.471s] Level 5:colcon.colcon_core.verb:set package 'mavros_extras' build argument 'ament_cmake_args' from command line to 'None'
[2.471s] Level 5:colcon.colcon_core.verb:set package 'mavros_extras' build argument 'catkin_cmake_args' from command line to 'None'
[2.471s] Level 5:colcon.colcon_core.verb:set package 'mavros_extras' build argument 'catkin_skip_building_tests' from command line to 'False'
[2.471s] DEBUG:colcon.colcon_core.verb:Building package 'mavros_extras' with the following arguments: {'ament_cmake_args': None, 'build_base': '/home/araballi/edhitha_ws/build/mavros_extras', 'catkin_cmake_args': None, 'catkin_skip_building_tests': False, 'cmake_args': None, 'cmake_clean_cache': False, 'cmake_clean_first': False, 'cmake_force_configure': False, 'cmake_target': None, 'cmake_target_skip_unavailable': False, 'install_base': '/home/araballi/edhitha_ws/install/mavros_extras', 'merge_install': False, 'path': '/home/araballi/edhitha_ws/src/mavros/mavros_extras', 'symlink_install': True, 'test_result_base': None}
[2.471s] INFO:colcon.colcon_core.executor:Executing jobs using 'parallel' executor
[2.474s] DEBUG:colcon.colcon_parallel_executor.executor.parallel:run_until_complete
[2.475s] INFO:colcon.colcon_ros.task.ament_cmake.build:Building ROS package in '/home/araballi/edhitha_ws/src/mavros/mavros_extras' with build type 'ament_cmake'
[2.475s] INFO:colcon.colcon_cmake.task.cmake.build:Building CMake package in '/home/araballi/edhitha_ws/src/mavros/mavros_extras'
[2.490s] INFO:colcon.colcon_core.plugin_system:Skipping extension 'colcon_core.shell.bat': Not used on non-Windows systems
[2.491s] INFO:colcon.colcon_core.shell:Skip shell extension 'powershell' for command environment: Not usable outside of PowerShell
[2.491s] DEBUG:colcon.colcon_core.shell:Skip shell extension 'dsv' for command environment
[2.928s] DEBUG:colcon.colcon_core.event_handler.log_command:Invoking command in '/home/araballi/edhitha_ws/build/mavros_extras': CMAKE_PREFIX_PATH=${CMAKE_PREFIX_PATH}:/home/araballi/edhitha_ws/install/amrutha:/opt/ros/humble /usr/bin/cmake --build /home/araballi/edhitha_ws/build/mavros_extras -- -j16 -l16
[305.907s] DEBUG:colcon.colcon_core.event_handler.log_command:Invoked command in '/home/araballi/edhitha_ws/build/mavros_extras' returned '0': CMAKE_PREFIX_PATH=${CMAKE_PREFIX_PATH}:/home/araballi/edhitha_ws/install/amrutha:/opt/ros/humble /usr/bin/cmake --build /home/araballi/edhitha_ws/build/mavros_extras -- -j16 -l16
[306.177s] DEBUG:colcon.colcon_core.event_handler.log_command:Invoking command in '/home/araballi/edhitha_ws/build/mavros_extras': CMAKE_PREFIX_PATH=${CMAKE_PREFIX_PATH}:/home/araballi/edhitha_ws/install/amrutha:/opt/ros/humble /usr/bin/cmake --install /home/araballi/edhitha_ws/build/mavros_extras
[307.949s] Level 1:colcon.colcon_core.environment:create_environment_scripts_only(mavros_extras)
[307.960s] DEBUG:colcon.colcon_core.event_handler.log_command:Invoked command in '/home/araballi/edhitha_ws/build/mavros_extras' returned '0': CMAKE_PREFIX_PATH=${CMAKE_PREFIX_PATH}:/home/araballi/edhitha_ws/install/amrutha:/opt/ros/humble /usr/bin/cmake --install /home/araballi/edhitha_ws/build/mavros_extras
[308.167s] Level 1:colcon.colcon_core.environment:checking '/home/araballi/edhitha_ws/install/mavros_extras' for CMake module files
[308.172s] Level 1:colcon.colcon_core.environment:checking '/home/araballi/edhitha_ws/install/mavros_extras' for CMake config files
[308.180s] Level 1:colcon.colcon_core.shell:create_environment_hook('mavros_extras', 'cmake_prefix_path')
[308.190s] INFO:colcon.colcon_core.shell:Creating environment hook '/home/araballi/edhitha_ws/install/mavros_extras/share/mavros_extras/hook/cmake_prefix_path.ps1'
[308.241s] INFO:colcon.colcon_core.shell:Creating environment descriptor '/home/araballi/edhitha_ws/install/mavros_extras/share/mavros_extras/hook/cmake_prefix_path.dsv'
[308.248s] INFO:colcon.colcon_core.shell:Creating environment hook '/home/araballi/edhitha_ws/install/mavros_extras/share/mavros_extras/hook/cmake_prefix_path.sh'
[308.258s] Level 1:colcon.colcon_core.environment:checking '/home/araballi/edhitha_ws/install/mavros_extras/lib'
[308.259s] Level 1:colcon.colcon_core.shell:create_environment_hook('mavros_extras', 'ld_library_path_lib')
[308.260s] INFO:colcon.colcon_core.shell:Creating environment hook '/home/araballi/edhitha_ws/install/mavros_extras/share/mavros_extras/hook/ld_library_path_lib.ps1'
[308.264s] INFO:colcon.colcon_core.shell:Creating environment descriptor '/home/araballi/edhitha_ws/install/mavros_extras/share/mavros_extras/hook/ld_library_path_lib.dsv'
[308.267s] INFO:colcon.colcon_core.shell:Creating environment hook '/home/araballi/edhitha_ws/install/mavros_extras/share/mavros_extras/hook/ld_library_path_lib.sh'
[308.268s] Level 1:colcon.colcon_core.environment:checking '/home/araballi/edhitha_ws/install/mavros_extras/bin'
[308.269s] Level 1:colcon.colcon_core.environment:checking '/home/araballi/edhitha_ws/install/mavros_extras/lib/pkgconfig/mavros_extras.pc'
[308.280s] Level 1:colcon.colcon_core.environment:checking '/home/araballi/edhitha_ws/install/mavros_extras/lib/python3.10/site-packages'
[308.281s] Level 1:colcon.colcon_core.environment:checking '/home/araballi/edhitha_ws/install/mavros_extras/bin'
[308.284s] INFO:colcon.colcon_core.shell:Creating package script '/home/araballi/edhitha_ws/install/mavros_extras/share/mavros_extras/package.ps1'
[308.289s] INFO:colcon.colcon_core.shell:Creating package descriptor '/home/araballi/edhitha_ws/install/mavros_extras/share/mavros_extras/package.dsv'
[308.295s] INFO:colcon.colcon_core.shell:Creating package script '/home/araballi/edhitha_ws/install/mavros_extras/share/mavros_extras/package.sh'
[308.305s] INFO:colcon.colcon_core.shell:Creating package script '/home/araballi/edhitha_ws/install/mavros_extras/share/mavros_extras/package.bash'
[308.317s] INFO:colcon.colcon_core.shell:Creating package script '/home/araballi/edhitha_ws/install/mavros_extras/share/mavros_extras/package.zsh'
[308.331s] Level 1:colcon.colcon_core.environment:create_file_with_runtime_dependencies(/home/araballi/edhitha_ws/install/mavros_extras/share/colcon-core/packages/mavros_extras)
[308.359s] Level 1:colcon.colcon_core.environment:create_environment_scripts_only(mavros_extras)
[308.360s] Level 1:colcon.colcon_core.environment:checking '/home/araballi/edhitha_ws/install/mavros_extras' for CMake module files
[308.362s] Level 1:colcon.colcon_core.environment:checking '/home/araballi/edhitha_ws/install/mavros_extras' for CMake config files
[308.363s] Level 1:colcon.colcon_core.shell:create_environment_hook('mavros_extras', 'cmake_prefix_path')
[308.363s] INFO:colcon.colcon_core.shell:Creating environment hook '/home/araballi/edhitha_ws/install/mavros_extras/share/mavros_extras/hook/cmake_prefix_path.ps1'
[308.364s] INFO:colcon.colcon_core.shell:Creating environment descriptor '/home/araballi/edhitha_ws/install/mavros_extras/share/mavros_extras/hook/cmake_prefix_path.dsv'
[308.369s] INFO:colcon.colcon_core.shell:Creating environment hook '/home/araballi/edhitha_ws/install/mavros_extras/share/mavros_extras/hook/cmake_prefix_path.sh'
[308.371s] Level 1:colcon.colcon_core.environment:checking '/home/araballi/edhitha_ws/install/mavros_extras/lib'
[308.371s] Level 1:colcon.colcon_core.shell:create_environment_hook('mavros_extras', 'ld_library_path_lib')
[308.372s] INFO:colcon.colcon_core.shell:Creating environment hook '/home/araballi/edhitha_ws/install/mavros_extras/share/mavros_extras/hook/ld_library_path_lib.ps1'
[308.373s] INFO:colcon.colcon_core.shell:Creating environment descriptor '/home/araballi/edhitha_ws/install/mavros_extras/share/mavros_extras/hook/ld_library_path_lib.dsv'
[308.375s] INFO:colcon.colcon_core.shell:Creating environment hook '/home/araballi/edhitha_ws/install/mavros_extras/share/mavros_extras/hook/ld_library_path_lib.sh'
[308.376s] Level 1:colcon.colcon_core.environment:checking '/home/araballi/edhitha_ws/install/mavros_extras/bin'
[308.377s] Level 1:colcon.colcon_core.environment:checking '/home/araballi/edhitha_ws/install/mavros_extras/lib/pkgconfig/mavros_extras.pc'
[308.377s] Level 1:colcon.colcon_core.environment:checking '/home/araballi/edhitha_ws/install/mavros_extras/lib/python3.10/site-packages'
[308.378s] Level 1:colcon.colcon_core.environment:checking '/home/araballi/edhitha_ws/install/mavros_extras/bin'
[308.380s] INFO:colcon.colcon_core.shell:Creating package script '/home/araballi/edhitha_ws/install/mavros_extras/share/mavros_extras/package.ps1'
[308.381s] INFO:colcon.colcon_core.shell:Creating package descriptor '/home/araballi/edhitha_ws/install/mavros_extras/share/mavros_extras/package.dsv'
[308.382s] INFO:colcon.colcon_core.shell:Creating package script '/home/araballi/edhitha_ws/install/mavros_extras/share/mavros_extras/package.sh'
[308.386s] INFO:colcon.colcon_core.shell:Creating package script '/home/araballi/edhitha_ws/install/mavros_extras/share/mavros_extras/package.bash'
[308.387s] INFO:colcon.colcon_core.shell:Creating package script '/home/araballi/edhitha_ws/install/mavros_extras/share/mavros_extras/package.zsh'
[308.390s] Level 1:colcon.colcon_core.environment:create_file_with_runtime_dependencies(/home/araballi/edhitha_ws/install/mavros_extras/share/colcon-core/packages/mavros_extras)
[308.395s] DEBUG:colcon.colcon_parallel_executor.executor.parallel:closing loop
[308.403s] DEBUG:colcon.colcon_parallel_executor.executor.parallel:loop closed
[308.404s] DEBUG:colcon.colcon_parallel_executor.executor.parallel:run_until_complete finished with '0'
[308.405s] DEBUG:colcon.colcon_core.event_reactor:joining thread
[308.605s] INFO:colcon.colcon_core.plugin_system:Skipping extension 'colcon_notification.desktop_notification.notify_send': Could not find 'notify-send'
[308.605s] INFO:colcon.colcon_core.plugin_system:Skipping extension 'colcon_notification.desktop_notification.terminal_notifier': Not used on non-Darwin systems
[308.605s] INFO:colcon.colcon_core.plugin_system:Skipping extension 'colcon_notification.desktop_notification.win32': Not used on non-Windows systems
[308.606s] INFO:colcon.colcon_notification.desktop_notification:Sending desktop notification using 'notify2'
[308.611s] DEBUG:colcon.colcon_notification.desktop_notification.notify2:Failed to initialize notify2: org.freedesktop.DBus.Error.FileNotFound: Failed to connect to socket /run/user/1000/bus: No such file or directory
[308.612s] DEBUG:colcon.colcon_core.event_reactor:joined thread
[308.622s] INFO:colcon.colcon_core.shell:Creating prefix script '/home/araballi/edhitha_ws/install/local_setup.ps1'
[308.629s] INFO:colcon.colcon_core.shell:Creating prefix util module '/home/araballi/edhitha_ws/install/_local_setup_util_ps1.py'
[308.632s] INFO:colcon.colcon_core.shell:Creating prefix chain script '/home/araballi/edhitha_ws/install/setup.ps1'
[308.642s] INFO:colcon.colcon_core.shell:Creating prefix script '/home/araballi/edhitha_ws/install/local_setup.sh'
[308.646s] INFO:colcon.colcon_core.shell:Creating prefix util module '/home/araballi/edhitha_ws/install/_local_setup_util_sh.py'
[308.651s] INFO:colcon.colcon_core.shell:Creating prefix chain script '/home/araballi/edhitha_ws/install/setup.sh'
[308.656s] INFO:colcon.colcon_core.shell:Creating prefix script '/home/araballi/edhitha_ws/install/local_setup.bash'
[308.658s] INFO:colcon.colcon_core.shell:Creating prefix chain script '/home/araballi/edhitha_ws/install/setup.bash'
[308.661s] INFO:colcon.colcon_core.shell:Creating prefix script '/home/araballi/edhitha_ws/install/local_setup.zsh'
[308.664s] INFO:colcon.colcon_core.shell:Creating prefix chain script '/home/araballi/edhitha_ws/install/setup.zsh'
