[0.125s] Invoking command in '/home/araballi/edhitha_ws/build/mavros_extras': CMAKE_PREFIX_PATH=/home/araballi/edhitha_ws/install/mavros:/home/araballi/edhitha_ws/install/mavros_msgs:/home/araballi/edhitha_ws/install/libmavconn:/home/araballi/edhitha_ws/install/mavros_extras:/home/araballi/edhitha_ws/install/amrutha:/opt/ros/humble LD_LIBRARY_PATH=/home/araballi/edhitha_ws/install/mavros/lib:/home/araballi/edhitha_ws/install/mavros_msgs/lib:/home/araballi/edhitha_ws/install/libmavconn/lib:/home/araballi/edhitha_ws/install/mavros_extras/lib:/usr/lib/x86_64-linux-gnu/gazebo-11/plugins:/opt/ros/humble/opt/rviz_ogre_vendor/lib:/opt/ros/humble/lib/x86_64-linux-gnu:/opt/ros/humble/lib /usr/bin/cmake /home/araballi/edhitha_ws/src/mavros/mavros_extras -DCMAKE_INSTALL_PREFIX=/home/araballi/edhitha_ws/install/mavros_extras
[0.142s] -- Found ament_cmake: 1.3.11 (/opt/ros/humble/share/ament_cmake/cmake)
[0.266s] -- Override CMake install command with custom implementation using symlinks instead of copying resources
[0.274s] -- Found rclcpp: 16.0.12 (/opt/ros/humble/share/rclcpp/cmake)
[0.360s] -- Found rosidl_generator_c: 3.1.6 (/opt/ros/humble/share/rosidl_generator_c/cmake)
[0.362s] -- Found rosidl_adapter: 3.1.6 (/opt/ros/humble/share/rosidl_adapter/cmake)
[0.367s] -- Found rosidl_generator_cpp: 3.1.6 (/opt/ros/humble/share/rosidl_generator_cpp/cmake)
[0.375s] -- Using all available rosidl_typesupport_c: rosidl_typesupport_fastrtps_c;rosidl_typesupport_introspection_c
[0.386s] -- Using all available rosidl_typesupport_cpp: rosidl_typesupport_fastrtps_cpp;rosidl_typesupport_introspection_cpp
[0.413s] -- Found rmw_implementation_cmake: 6.1.2 (/opt/ros/humble/share/rmw_implementation_cmake/cmake)
[0.414s] -- Found rmw_fastrtps_cpp: 6.2.7 (/opt/ros/humble/share/rmw_fastrtps_cpp/cmake)
[3.037s] -- Using RMW implementation 'rmw_fastrtps_cpp' as default
[3.075s] -- Found rclcpp_components: 16.0.12 (/opt/ros/humble/share/rclcpp_components/cmake)
[3.090s] -- Found pluginlib: 5.1.0 (/opt/ros/humble/share/pluginlib/cmake)
[3.720s] -- Found message_filters: 4.3.7 (/opt/ros/humble/share/message_filters/cmake)
[3.722s] -- Found mavros: 2.10.1 (/home/araballi/edhitha_ws/install/mavros/share/mavros/cmake)
[3.725s] -- Found libmavconn: 2.10.1 (/home/araballi/edhitha_ws/install/libmavconn/share/libmavconn/cmake)
[3.729s] -- Found yaml_cpp_vendor: 8.0.2 (/opt/ros/humble/share/yaml_cpp_vendor/cmake)
[3.733s] -- Found angles: 1.15.0 (/opt/ros/humble/share/angles/cmake)
[3.734s] -- Found eigen_stl_containers: 1.1.0 (/opt/ros/humble/share/eigen_stl_containers/cmake)
[3.736s] -- Found tf2_eigen: 0.25.13 (/opt/ros/humble/share/tf2_eigen/cmake)
[3.799s] -- Found urdf: 2.6.1 (/opt/ros/humble/share/urdf/cmake)
[3.810s] -- Found diagnostic_msgs: 4.9.0 (/opt/ros/humble/share/diagnostic_msgs/cmake)
[3.820s] -- Found diagnostic_updater: 4.0.6 (/opt/ros/humble/share/diagnostic_updater/cmake)
[3.824s] -- Found geographic_msgs: 1.0.6 (/opt/ros/humble/share/geographic_msgs/cmake)
[3.840s] -- Found mavros_msgs: 2.10.1 (/home/araballi/edhitha_ws/install/mavros_msgs/share/mavros_msgs/cmake)
[3.871s] -- Found nav_msgs: 4.9.0 (/opt/ros/humble/share/nav_msgs/cmake)
[3.884s] -- Found std_srvs: 4.9.0 (/opt/ros/humble/share/std_srvs/cmake)
[3.891s] -- Found trajectory_msgs: 4.9.0 (/opt/ros/humble/share/trajectory_msgs/cmake)
[3.906s] -- Found visualization_msgs: 4.9.0 (/opt/ros/humble/share/visualization_msgs/cmake)
[3.941s] -- Found ament_cmake_gtest: 1.3.11 (/opt/ros/humble/share/ament_cmake_gtest/cmake)
[3.941s] -- Found ament_cmake_gmock: 1.3.11 (/opt/ros/humble/share/ament_cmake_gmock/cmake)
[3.941s] -- Found ament_lint_auto: 0.12.12 (/opt/ros/humble/share/ament_lint_auto/cmake)
[5.241s] -- Added test 'cppcheck' to perform static code analysis on C / C++ code
[5.241s] -- Configured cppcheck include dirs: $<BUILD_INTERFACE:/home/araballi/edhitha_ws/src/mavros/mavros_extras/include>
[5.241s] -- Configured cppcheck exclude dirs and/or files: 
[5.244s] -- Added test 'cpplint' to check C / C++ code against the Google style
[5.244s] -- Configured cpplint exclude dirs and/or files: 
[5.246s] -- Added test 'lint_cmake' to check CMake code style
[5.249s] -- Added test 'uncrustify' to check C / C++ code style
[5.249s] -- Configured uncrustify additional arguments: 
[5.250s] -- Added test 'xmllint' to check XML markup files
[5.256s] -- Configuring done
[5.300s] -- Generating done
[5.310s] -- Build files have been written to: /home/araballi/edhitha_ws/build/mavros_extras
[5.323s] Invoked command in '/home/araballi/edhitha_ws/build/mavros_extras' returned '0': CMAKE_PREFIX_PATH=/home/araballi/edhitha_ws/install/mavros:/home/araballi/edhitha_ws/install/mavros_msgs:/home/araballi/edhitha_ws/install/libmavconn:/home/araballi/edhitha_ws/install/mavros_extras:/home/araballi/edhitha_ws/install/amrutha:/opt/ros/humble LD_LIBRARY_PATH=/home/araballi/edhitha_ws/install/mavros/lib:/home/araballi/edhitha_ws/install/mavros_msgs/lib:/home/araballi/edhitha_ws/install/libmavconn/lib:/home/araballi/edhitha_ws/install/mavros_extras/lib:/usr/lib/x86_64-linux-gnu/gazebo-11/plugins:/opt/ros/humble/opt/rviz_ogre_vendor/lib:/opt/ros/humble/lib/x86_64-linux-gnu:/opt/ros/humble/lib /usr/bin/cmake /home/araballi/edhitha_ws/src/mavros/mavros_extras -DCMAKE_INSTALL_PREFIX=/home/araballi/edhitha_ws/install/mavros_extras
[5.325s] Invoking command in '/home/araballi/edhitha_ws/build/mavros_extras': CMAKE_PREFIX_PATH=/home/araballi/edhitha_ws/install/mavros:/home/araballi/edhitha_ws/install/mavros_msgs:/home/araballi/edhitha_ws/install/libmavconn:/home/araballi/edhitha_ws/install/mavros_extras:/home/araballi/edhitha_ws/install/amrutha:/opt/ros/humble LD_LIBRARY_PATH=/home/araballi/edhitha_ws/install/mavros/lib:/home/araballi/edhitha_ws/install/mavros_msgs/lib:/home/araballi/edhitha_ws/install/libmavconn/lib:/home/araballi/edhitha_ws/install/mavros_extras/lib:/usr/lib/x86_64-linux-gnu/gazebo-11/plugins:/opt/ros/humble/opt/rviz_ogre_vendor/lib:/opt/ros/humble/lib/x86_64-linux-gnu:/opt/ros/humble/lib /usr/bin/cmake --build /home/araballi/edhitha_ws/build/mavros_extras -- -j16 -l16
[5.383s] [35m[1mConsolidate compiler generated dependencies of target mavros_extras[0m
[5.384s] [35m[1mConsolidate compiler generated dependencies of target servo_state_publisher[0m
[5.407s] [  2%] [32m[1mLinking CXX shared library libmavros_extras.so[0m
[5.407s] [  6%] Built target servo_state_publisher
[5.452s] [35m[1mConsolidate compiler generated dependencies of target mavros_extras_plugins[0m
[5.675s] [ 11%] [32mBuilding CXX object CMakeFiles/mavros_extras_plugins.dir/src/plugins/adsb.cpp.o[0m
[5.675s] [ 11%] [32mBuilding CXX object CMakeFiles/mavros_extras_plugins.dir/src/plugins/3dr_radio.cpp.o[0m
[5.677s] [ 16%] [32mBuilding CXX object CMakeFiles/mavros_extras_plugins.dir/src/plugins/cam_imu_sync.cpp.o[0m
[5.677s] [ 16%] [32mBuilding CXX object CMakeFiles/mavros_extras_plugins.dir/src/plugins/camera.cpp.o[0m
[5.681s] [ 20%] [32mBuilding CXX object CMakeFiles/mavros_extras_plugins.dir/src/plugins/companion_process_status.cpp.o[0m
[5.682s] [ 20%] [32mBuilding CXX object CMakeFiles/mavros_extras_plugins.dir/src/plugins/cellular_status.cpp.o[0m
[5.684s] [ 23%] [32mBuilding CXX object CMakeFiles/mavros_extras_plugins.dir/src/plugins/debug_value.cpp.o[0m
[5.687s] [ 25%] [32mBuilding CXX object CMakeFiles/mavros_extras_plugins.dir/src/plugins/distance_sensor.cpp.o[0m
[5.689s] [ 27%] [32mBuilding CXX object CMakeFiles/mavros_extras_plugins.dir/src/plugins/esc_status.cpp.o[0m
[5.690s] [ 30%] [32mBuilding CXX object CMakeFiles/mavros_extras_plugins.dir/src/plugins/esc_telemetry.cpp.o[0m
[5.697s] [ 32%] [32mBuilding CXX object CMakeFiles/mavros_extras_plugins.dir/src/plugins/fake_gps.cpp.o[0m
[5.700s] [ 34%] [32mBuilding CXX object CMakeFiles/mavros_extras_plugins.dir/src/plugins/gimbal_control.cpp.o[0m
[5.705s] [ 37%] [32mBuilding CXX object CMakeFiles/mavros_extras_plugins.dir/src/plugins/gps_input.cpp.o[0m
[5.706s] [ 39%] [32mBuilding CXX object CMakeFiles/mavros_extras_plugins.dir/src/plugins/gps_rtk.cpp.o[0m
[5.707s] [ 41%] [32mBuilding CXX object CMakeFiles/mavros_extras_plugins.dir/src/plugins/gps_status.cpp.o[0m
[5.830s] [ 44%] [32mBuilding CXX object CMakeFiles/mavros_extras_plugins.dir/src/plugins/guided_target.cpp.o[0m
[5.838s] [ 46%] [32mBuilding CXX object CMakeFiles/mavros_extras_plugins.dir/src/plugins/landing_target.cpp.o[0m
[5.845s] [ 48%] [32mBuilding CXX object CMakeFiles/mavros_extras_plugins.dir/src/plugins/hil.cpp.o[0m
[5.868s] [ 51%] [32mBuilding CXX object CMakeFiles/mavros_extras_plugins.dir/src/plugins/log_transfer.cpp.o[0m
[5.879s] [ 53%] [32mBuilding CXX object CMakeFiles/mavros_extras_plugins.dir/src/plugins/mag_calibration_status.cpp.o[0m
[5.882s] [ 55%] [32mBuilding CXX object CMakeFiles/mavros_extras_plugins.dir/src/plugins/mocap_pose_estimate.cpp.o[0m
[5.908s] [ 58%] [32mBuilding CXX object CMakeFiles/mavros_extras_plugins.dir/src/plugins/mount_control.cpp.o[0m
[5.908s] [ 60%] [32mBuilding CXX object CMakeFiles/mavros_extras_plugins.dir/src/plugins/obstacle_distance.cpp.o[0m
[5.918s] [ 62%] [32mBuilding CXX object CMakeFiles/mavros_extras_plugins.dir/src/plugins/onboard_computer_status.cpp.o[0m
[5.919s] [ 65%] [32mBuilding CXX object CMakeFiles/mavros_extras_plugins.dir/src/plugins/odom.cpp.o[0m
[5.944s] [ 67%] [32mBuilding CXX object CMakeFiles/mavros_extras_plugins.dir/src/plugins/open_drone_id.cpp.o[0m
[5.945s] [ 69%] [32mBuilding CXX object CMakeFiles/mavros_extras_plugins.dir/src/plugins/optical_flow.cpp.o[0m
[5.977s] [ 72%] [32mBuilding CXX object CMakeFiles/mavros_extras_plugins.dir/src/plugins/play_tune.cpp.o[0m
[6.003s] [ 74%] [32mBuilding CXX object CMakeFiles/mavros_extras_plugins.dir/src/plugins/px4flow.cpp.o[0m
[6.103s] [ 76%] [32mBuilding CXX object CMakeFiles/mavros_extras_plugins.dir/src/plugins/rangefinder.cpp.o[0m
[6.113s] [ 79%] [32mBuilding CXX object CMakeFiles/mavros_extras_plugins.dir/src/plugins/terrain.cpp.o[0m
[6.167s] [ 81%] [32mBuilding CXX object CMakeFiles/mavros_extras_plugins.dir/src/plugins/trajectory.cpp.o[0m
[6.187s] [ 83%] [32mBuilding CXX object CMakeFiles/mavros_extras_plugins.dir/src/plugins/tunnel.cpp.o[0m
[6.194s] [ 86%] [32mBuilding CXX object CMakeFiles/mavros_extras_plugins.dir/src/plugins/vfr_hud.cpp.o[0m
[6.194s] [ 88%] [32mBuilding CXX object CMakeFiles/mavros_extras_plugins.dir/src/plugins/vibration.cpp.o[0m
[6.199s] [ 90%] [32mBuilding CXX object CMakeFiles/mavros_extras_plugins.dir/src/plugins/vision_pose_estimate.cpp.o[0m
[6.211s] [ 93%] [32mBuilding CXX object CMakeFiles/mavros_extras_plugins.dir/src/plugins/vision_speed_estimate.cpp.o[0m
[6.216s] [ 95%] [32mBuilding CXX object CMakeFiles/mavros_extras_plugins.dir/src/plugins/wheel_odometry.cpp.o[0m
[6.399s] [ 97%] [32m[1mLinking CXX shared library libmavros_extras_plugins.so[0m
[6.766s] [100%] Built target mavros_extras
[30.966s] [100%] Built target mavros_extras_plugins
[30.984s] Invoked command in '/home/araballi/edhitha_ws/build/mavros_extras' returned '0': CMAKE_PREFIX_PATH=/home/araballi/edhitha_ws/install/mavros:/home/araballi/edhitha_ws/install/mavros_msgs:/home/araballi/edhitha_ws/install/libmavconn:/home/araballi/edhitha_ws/install/mavros_extras:/home/araballi/edhitha_ws/install/amrutha:/opt/ros/humble LD_LIBRARY_PATH=/home/araballi/edhitha_ws/install/mavros/lib:/home/araballi/edhitha_ws/install/mavros_msgs/lib:/home/araballi/edhitha_ws/install/libmavconn/lib:/home/araballi/edhitha_ws/install/mavros_extras/lib:/usr/lib/x86_64-linux-gnu/gazebo-11/plugins:/opt/ros/humble/opt/rviz_ogre_vendor/lib:/opt/ros/humble/lib/x86_64-linux-gnu:/opt/ros/humble/lib /usr/bin/cmake --build /home/araballi/edhitha_ws/build/mavros_extras -- -j16 -l16
[30.986s] Invoking command in '/home/araballi/edhitha_ws/build/mavros_extras': CMAKE_PREFIX_PATH=/home/araballi/edhitha_ws/install/mavros:/home/araballi/edhitha_ws/install/mavros_msgs:/home/araballi/edhitha_ws/install/libmavconn:/home/araballi/edhitha_ws/install/mavros_extras:/home/araballi/edhitha_ws/install/amrutha:/opt/ros/humble LD_LIBRARY_PATH=/home/araballi/edhitha_ws/install/mavros/lib:/home/araballi/edhitha_ws/install/mavros_msgs/lib:/home/araballi/edhitha_ws/install/libmavconn/lib:/home/araballi/edhitha_ws/install/mavros_extras/lib:/usr/lib/x86_64-linux-gnu/gazebo-11/plugins:/opt/ros/humble/opt/rviz_ogre_vendor/lib:/opt/ros/humble/lib/x86_64-linux-gnu:/opt/ros/humble/lib /usr/bin/cmake --install /home/araballi/edhitha_ws/build/mavros_extras
[30.996s] -- Install configuration: ""
[30.997s] -- Execute custom install script
[30.997s] -- Up-to-date symlink: /home/araballi/edhitha_ws/install/mavros_extras/share/mavros_extras//mavros_plugins.xml
[30.997s] -- Up-to-date symlink: /home/araballi/edhitha_ws/install/mavros_extras/lib/mavros_extras/servo_state_publisher
[30.998s] -- Up-to-date symlink: /home/araballi/edhitha_ws/install/mavros_extras/include/mavros_extras/servo_state_publisher.hpp
[30.998s] -- Up-to-date symlink: /home/araballi/edhitha_ws/install/mavros_extras/share/mavros_extras/launch/px4flow.launch
[30.998s] -- Up-to-date symlink: /home/araballi/edhitha_ws/install/mavros_extras/share/mavros_extras/launch/px4flow_config.yaml
[30.998s] -- Up-to-date symlink: /home/araballi/edhitha_ws/install/mavros_extras/share/mavros_extras/launch/px4flow_pluginlists.yaml
[30.998s] -- Up-to-date symlink: /home/araballi/edhitha_ws/install/mavros_extras/share/mavros_extras/launch/servo_state_publisher.yaml
[30.999s] -- Up-to-date symlink: /home/araballi/edhitha_ws/install/mavros_extras/share/mavros_extras/environment/library_path.sh
[30.999s] -- Up-to-date symlink: /home/araballi/edhitha_ws/install/mavros_extras/share/mavros_extras/environment/library_path.dsv
[30.999s] -- Up-to-date symlink: /home/araballi/edhitha_ws/install/mavros_extras/share/ament_index/resource_index/package_run_dependencies/mavros_extras
[30.999s] -- Up-to-date symlink: /home/araballi/edhitha_ws/install/mavros_extras/share/ament_index/resource_index/parent_prefix_path/mavros_extras
[30.999s] -- Up-to-date symlink: /home/araballi/edhitha_ws/install/mavros_extras/share/mavros_extras/environment/ament_prefix_path.sh
[31.000s] -- Up-to-date symlink: /home/araballi/edhitha_ws/install/mavros_extras/share/mavros_extras/environment/ament_prefix_path.dsv
[31.000s] -- Up-to-date symlink: /home/araballi/edhitha_ws/install/mavros_extras/share/mavros_extras/environment/path.sh
[31.000s] -- Up-to-date symlink: /home/araballi/edhitha_ws/install/mavros_extras/share/mavros_extras/environment/path.dsv
[31.000s] -- Up-to-date symlink: /home/araballi/edhitha_ws/install/mavros_extras/share/mavros_extras/local_setup.bash
[31.000s] -- Up-to-date symlink: /home/araballi/edhitha_ws/install/mavros_extras/share/mavros_extras/local_setup.sh
[31.001s] -- Up-to-date symlink: /home/araballi/edhitha_ws/install/mavros_extras/share/mavros_extras/local_setup.zsh
[31.001s] -- Up-to-date symlink: /home/araballi/edhitha_ws/install/mavros_extras/share/mavros_extras/local_setup.dsv
[31.001s] -- Symlinking: /home/araballi/edhitha_ws/install/mavros_extras/share/mavros_extras/package.dsv
[31.013s] -- Up-to-date symlink: /home/araballi/edhitha_ws/install/mavros_extras/share/ament_index/resource_index/packages/mavros_extras
[31.014s] -- Up-to-date symlink: /home/araballi/edhitha_ws/install/mavros_extras/share/ament_index/resource_index/mavros__pluginlib__plugin/mavros_extras
[31.014s] -- Up-to-date symlink: /home/araballi/edhitha_ws/install/mavros_extras/share/ament_index/resource_index/rclcpp_components/mavros_extras
[31.014s] -- Up-to-date symlink: /home/araballi/edhitha_ws/install/mavros_extras/share/mavros_extras/cmake/ament_cmake_export_include_directories-extras.cmake
[31.014s] -- Up-to-date symlink: /home/araballi/edhitha_ws/install/mavros_extras/share/mavros_extras/cmake/ament_cmake_export_libraries-extras.cmake
[31.014s] -- Up-to-date symlink: /home/araballi/edhitha_ws/install/mavros_extras/share/mavros_extras/cmake/ament_cmake_export_dependencies-extras.cmake
[31.015s] -- Up-to-date symlink: /home/araballi/edhitha_ws/install/mavros_extras/share/mavros_extras/cmake/mavros_extrasConfig.cmake
[31.015s] -- Up-to-date symlink: /home/araballi/edhitha_ws/install/mavros_extras/share/mavros_extras/cmake/mavros_extrasConfig-version.cmake
[31.015s] -- Up-to-date symlink: /home/araballi/edhitha_ws/install/mavros_extras/share/mavros_extras/package.xml
[31.015s] -- Installing: /home/araballi/edhitha_ws/install/mavros_extras/lib/libmavros_extras.so
[31.089s] -- Set runtime path of "/home/araballi/edhitha_ws/install/mavros_extras/lib/libmavros_extras.so" to ""
[31.089s] -- Installing: /home/araballi/edhitha_ws/install/mavros_extras/lib/libmavros_extras_plugins.so
[31.336s] -- Set runtime path of "/home/araballi/edhitha_ws/install/mavros_extras/lib/libmavros_extras_plugins.so" to ""
[31.340s] Invoked command in '/home/araballi/edhitha_ws/build/mavros_extras' returned '0': CMAKE_PREFIX_PATH=/home/araballi/edhitha_ws/install/mavros:/home/araballi/edhitha_ws/install/mavros_msgs:/home/araballi/edhitha_ws/install/libmavconn:/home/araballi/edhitha_ws/install/mavros_extras:/home/araballi/edhitha_ws/install/amrutha:/opt/ros/humble LD_LIBRARY_PATH=/home/araballi/edhitha_ws/install/mavros/lib:/home/araballi/edhitha_ws/install/mavros_msgs/lib:/home/araballi/edhitha_ws/install/libmavconn/lib:/home/araballi/edhitha_ws/install/mavros_extras/lib:/usr/lib/x86_64-linux-gnu/gazebo-11/plugins:/opt/ros/humble/opt/rviz_ogre_vendor/lib:/opt/ros/humble/lib/x86_64-linux-gnu:/opt/ros/humble/lib /usr/bin/cmake --install /home/araballi/edhitha_ws/build/mavros_extras
