[0.028s] Invoking command in '/home/araballi/edhitha_ws/build/libmavconn': CMAKE_PREFIX_PATH=/opt/ros/humble /usr/bin/cmake --build /home/araballi/edhitha_ws/build/libmavconn -- -j16 -l16
[0.110s] [35m[1mConsolidate compiler generated dependencies of target gtest_main[0m
[0.110s] [35m[1mConsolidate compiler generated dependencies of target gtest[0m
[0.118s] [35m[1mConsolidate compiler generated dependencies of target mavconn[0m
[0.134s] [ 33%] Built target gtest
[0.134s] [ 33%] Built target gtest_main
[0.174s] [ 83%] Built target mavconn
[0.191s] [35m[1mConsolidate compiler generated dependencies of target test_mavconn[0m
[0.219s] [100%] Built target test_mavconn
[0.425s] Invoked command in '/home/araballi/edhitha_ws/build/libmavconn' returned '0': CMAKE_PREFIX_PATH=/opt/ros/humble /usr/bin/cmake --build /home/araballi/edhitha_ws/build/libmavconn -- -j16 -l16
[0.444s] Invoking command in '/home/araballi/edhitha_ws/build/libmavconn': CMAKE_PREFIX_PATH=/opt/ros/humble /usr/bin/cmake --install /home/araballi/edhitha_ws/build/libmavconn
[0.460s] -- Install configuration: ""
[0.461s] -- Execute custom install script
[0.462s] -- Up-to-date symlink: /home/araballi/edhitha_ws/install/libmavconn/lib/libmavconn.so
[0.463s] -- Up-to-date symlink: /home/araballi/edhitha_ws/install/libmavconn/include/mavconn/console_bridge_compat.hpp
[0.463s] -- Up-to-date symlink: /home/araballi/edhitha_ws/install/libmavconn/include/mavconn/interface.hpp
[0.464s] -- Up-to-date symlink: /home/araballi/edhitha_ws/install/libmavconn/include/mavconn/mavlink_dialect.hpp
[0.464s] -- Up-to-date symlink: /home/araballi/edhitha_ws/install/libmavconn/include/mavconn/mavlink_dialect.hpp.em
[0.465s] -- Up-to-date symlink: /home/araballi/edhitha_ws/install/libmavconn/include/mavconn/msgbuffer.hpp
[0.465s] -- Up-to-date symlink: /home/araballi/edhitha_ws/install/libmavconn/include/mavconn/serial.hpp
[0.465s] -- Up-to-date symlink: /home/araballi/edhitha_ws/install/libmavconn/include/mavconn/tcp.hpp
[0.466s] -- Up-to-date symlink: /home/araballi/edhitha_ws/install/libmavconn/include/mavconn/thread_utils.hpp
[0.466s] -- Up-to-date symlink: /home/araballi/edhitha_ws/install/libmavconn/include/mavconn/udp.hpp
[0.467s] -- Up-to-date symlink: /home/araballi/edhitha_ws/install/libmavconn/share/libmavconn/cmake/Modules/CheckGeographicLibDatasets.cmake
[0.468s] -- Up-to-date symlink: /home/araballi/edhitha_ws/install/libmavconn/share/libmavconn/cmake/Modules/FindASIO.cmake
[0.468s] -- Up-to-date symlink: /home/araballi/edhitha_ws/install/libmavconn/share/libmavconn/cmake/Modules/em_expand.cmake
[0.469s] -- Up-to-date symlink: /home/araballi/edhitha_ws/install/libmavconn/share/libmavconn/environment/library_path.sh
[0.469s] -- Up-to-date symlink: /home/araballi/edhitha_ws/install/libmavconn/share/libmavconn/environment/library_path.dsv
[0.470s] -- Up-to-date symlink: /home/araballi/edhitha_ws/install/libmavconn/share/ament_index/resource_index/package_run_dependencies/libmavconn
[0.471s] -- Up-to-date symlink: /home/araballi/edhitha_ws/install/libmavconn/share/ament_index/resource_index/parent_prefix_path/libmavconn
[0.471s] -- Up-to-date symlink: /home/araballi/edhitha_ws/install/libmavconn/share/libmavconn/environment/ament_prefix_path.sh
[0.471s] -- Up-to-date symlink: /home/araballi/edhitha_ws/install/libmavconn/share/libmavconn/environment/ament_prefix_path.dsv
[0.472s] -- Up-to-date symlink: /home/araballi/edhitha_ws/install/libmavconn/share/libmavconn/environment/path.sh
[0.472s] -- Up-to-date symlink: /home/araballi/edhitha_ws/install/libmavconn/share/libmavconn/environment/path.dsv
[0.473s] -- Up-to-date symlink: /home/araballi/edhitha_ws/install/libmavconn/share/libmavconn/local_setup.bash
[0.473s] -- Up-to-date symlink: /home/araballi/edhitha_ws/install/libmavconn/share/libmavconn/local_setup.sh
[0.474s] -- Up-to-date symlink: /home/araballi/edhitha_ws/install/libmavconn/share/libmavconn/local_setup.zsh
[0.474s] -- Up-to-date symlink: /home/araballi/edhitha_ws/install/libmavconn/share/libmavconn/local_setup.dsv
[0.474s] -- Symlinking: /home/araballi/edhitha_ws/install/libmavconn/share/libmavconn/package.dsv
[0.488s] -- Up-to-date symlink: /home/araballi/edhitha_ws/install/libmavconn/share/ament_index/resource_index/packages/libmavconn
[0.489s] -- Up-to-date symlink: /home/araballi/edhitha_ws/install/libmavconn/share/libmavconn/cmake/libmavconn-extras.cmake
[0.489s] -- Up-to-date symlink: /home/araballi/edhitha_ws/install/libmavconn/share/libmavconn/cmake/ament_cmake_export_dependencies-extras.cmake
[0.490s] -- Up-to-date symlink: /home/araballi/edhitha_ws/install/libmavconn/share/libmavconn/cmake/ament_cmake_export_include_directories-extras.cmake
[0.490s] -- Up-to-date symlink: /home/araballi/edhitha_ws/install/libmavconn/share/libmavconn/cmake/ament_cmake_export_libraries-extras.cmake
[0.491s] -- Up-to-date symlink: /home/araballi/edhitha_ws/install/libmavconn/share/libmavconn/cmake/libmavconnConfig.cmake
[0.491s] -- Up-to-date symlink: /home/araballi/edhitha_ws/install/libmavconn/share/libmavconn/cmake/libmavconnConfig-version.cmake
[0.491s] -- Up-to-date symlink: /home/araballi/edhitha_ws/install/libmavconn/share/libmavconn/package.xml
[0.492s] -- Up-to-date: /home/araballi/edhitha_ws/install/libmavconn/include/mavconn
[0.492s] -- Up-to-date: /home/araballi/edhitha_ws/install/libmavconn/include/mavconn/mavlink_dialect.hpp
[0.497s] Invoked command in '/home/araballi/edhitha_ws/build/libmavconn' returned '0': CMAKE_PREFIX_PATH=/opt/ros/humble /usr/bin/cmake --install /home/araballi/edhitha_ws/build/libmavconn
